
1680123093285	geckodriver	INFO	Listening on 127.0.0.1:60826
1680123096344	mozrunner::runner	INFO	Running command: "C:\\Program Files\\Mozilla Firefox\\firefox.exe" "--marionette" "--remote-debugging-port" "60827" "--remote-allow-hosts" "localhost" "-no-remote" "-profile" "C:\\Users\\JOSEL~1\\AppData\\Local\\Temp\\rust_mozprofileYevQsL"
console.warn: services.settings: Ignoring preference override of remote settings server
console.warn: services.settings: Allow by setting MOZ_REMOTE_SETTINGS_DEVTOOLS=1 in the environment
1680123096611	Marionette	INFO	Marionette enabled
Dynamically enable window occlusion 0
1680123096615	Marionette	INFO	Listening on port 60836
Read port: 60836
WebDriver BiDi listening on ws://127.0.0.1:60827
1680123096722	RemoteAgent	WARN	TLS certificate errors will be ignored for this session
console.warn: SearchSettings: "get: No settings file exists, new profile?" (new NotFoundError("Could not open the file at C:\\Users\\JOSEL~1\\AppData\\Local\\Temp\\rust_mozprofileYevQsL\\search.json.mozlz4", (void 0)))
DevTools listening on ws://127.0.0.1:60827/devtools/browser/8d68bbb3-b56d-4c86-b1b2-195be23fa77c
JavaScript warning: https://www.test.es/s?k=Davines&i=merchant-items&me=A20JMG3VL3S0SU&__mk_es_ES=%C3%85M%C3%85%C5%BD%C3%95%C3%91&qid=1680079048&ref=sr_pg_1 line 3272 > injectedScript, line 1: WEBGL_debug_renderer_info is deprecated in Firefox and will be removed. Please use RENDERER.1680123149956	Marionette	INFO	Stopped listening on port 60836
Dynamically enable window occlusion 1
WARNING: A blocker encountered an error while we were waiting.
          Blocker:  Waiting for ping task
          Phase: TelemetryController: Waiting for pending ping activity
          State: (none)
WARNING: Error: Phase "profile-before-change" is finished, it is too late to register completion condition "OS.File: flush I/O queued before profileBeforeChange"
WARNING: addBlocker@resource://gre/modules/AsyncShutdown.sys.mjs:727:15
addBlocker@resource://gre/modules/AsyncShutdown.sys.mjs:523:26
addBlocker@resource://gre/modules/AsyncShutdown.sys.mjs:458:15
setupShutdown@resource://gre/modules/osfile/osfile_async_front.jsm:1548:28
@resource://gre/modules/osfile/osfile_async_front.jsm:1568:16
@resource://gre/modules/osfile.jsm:12:30
@resource://gre/modules/TelemetryStorage.sys.mjs:10:28
_checkPendingPings@resource://gre/modules/TelemetrySend.sys.mjs:863:17
setup@resource://gre/modules/TelemetrySend.sys.mjs:803:18
setup@resource://gre/modules/TelemetrySend.sys.mjs:241:30
setupTelemetry/this._delayedInitTask<@resource://gre/modules/TelemetryControllerParent.sys.mjs:828:36
observe@resource://gre/modules/AsyncShutdown.sys.mjs:576:16

console.error: "TelemetryScheduler.shutdown - Already shut down"
WARNING: A blocker encountered an error while we were waiting.
          Blocker:  Waiting for ping task
          Phase: TelemetryController: Waiting for pending ping activity
          State: (none)
WARNING: Error: Phase "profile-before-change" is finished, it is too late to register completion condition "OS.File: flush I/O queued before profileBeforeChange"
WARNING: addBlocker@resource://gre/modules/AsyncShutdown.sys.mjs:727:15
addBlocker@resource://gre/modules/AsyncShutdown.sys.mjs:523:26
addBlocker@resource://gre/modules/AsyncShutdown.sys.mjs:458:15
setupShutdown@resource://gre/modules/osfile/osfile_async_front.jsm:1548:28
@resource://gre/modules/osfile/osfile_async_front.jsm:1568:16
@resource://gre/modules/osfile.jsm:12:30
@resource://gre/modules/TelemetryStorage.sys.mjs:10:28
_checkPendingPings@resource://gre/modules/TelemetrySend.sys.mjs:863:17
setup@resource://gre/modules/TelemetrySend.sys.mjs:803:18
setup@resource://gre/modules/TelemetrySend.sys.mjs:241:30
setupTelemetry/this._delayedInitTask<@resource://gre/modules/TelemetryControllerParent.sys.mjs:828:36
observe@resource://gre/modules/AsyncShutdown.sys.mjs:576:16

WARNING: A blocker encountered an error while we were waiting.
          Blocker:  Waiting for ping task
          Phase: TelemetryController: Waiting for pending ping activity
          State: (none)
WARNING: Error: Phase "profile-before-change" is finished, it is too late to register completion condition "OS.File: flush I/O queued before profileBeforeChange"
WARNING: addBlocker@resource://gre/modules/AsyncShutdown.sys.mjs:727:15
addBlocker@resource://gre/modules/AsyncShutdown.sys.mjs:523:26
addBlocker@resource://gre/modules/AsyncShutdown.sys.mjs:458:15
setupShutdown@resource://gre/modules/osfile/osfile_async_front.jsm:1548:28
@resource://gre/modules/osfile/osfile_async_front.jsm:1568:16
@resource://gre/modules/osfile.jsm:12:30
@resource://gre/modules/TelemetryStorage.sys.mjs:10:28
_checkPendingPings@resource://gre/modules/TelemetrySend.sys.mjs:863:17
setup@resource://gre/modules/TelemetrySend.sys.mjs:803:18
setup@resource://gre/modules/TelemetrySend.sys.mjs:241:30
setupTelemetry/this._delayedInitTask<@resource://gre/modules/TelemetryControllerParent.sys.mjs:828:36
observe@resource://gre/modules/AsyncShutdown.sys.mjs:576:16

WARNING: A blocker encountered an error while we were waiting.
          Blocker:  TelemetryController: shutting down
          Phase: profile-before-change-telemetry
          State: Error getting state: Error: Phase "profile-before-change" is finished, it is too late to register completion condition "OS.File: flush I/O queued before profileBeforeChange" at addBlocker@resource://gre/modules/AsyncShutdown.sys.mjs:727:15
addBlocker@resource://gre/modules/AsyncShutdown.sys.mjs:523:26
addBlocker@resource://gre/modules/AsyncShutdown.sys.mjs:458:15
setupShutdown@resource://gre/modules/osfile/osfile_async_front.jsm:1548:28
@resource://gre/modules/osfile/osfile_async_front.jsm:1568:16
@resource://gre/modules/osfile.jsm:12:30
@resource://gre/modules/TelemetryStorage.sys.mjs:10:28
_checkPendingPings@resource://gre/modules/TelemetrySend.sys.mjs:863:17
setup@resource://gre/modules/TelemetrySend.sys.mjs:803:18
setup@resource://gre/modules/TelemetrySend.sys.mjs:241:30
setupTelemetry/this._delayedInitTask<@resource://gre/modules/TelemetryControllerParent.sys.mjs:828:36
observe@resource://gre/modules/AsyncShutdown.sys.mjs:576:16

WARNING: Error: Phase "profile-before-change" is finished, it is too late to register completion condition "OS.File: flush I/O queued before profileBeforeChange"
WARNING: addBlocker@resource://gre/modules/AsyncShutdown.sys.mjs:727:15
addBlocker@resource://gre/modules/AsyncShutdown.sys.mjs:523:26
addBlocker@resource://gre/modules/AsyncShutdown.sys.mjs:458:15
setupShutdown@resource://gre/modules/osfile/osfile_async_front.jsm:1548:28
@resource://gre/modules/osfile/osfile_async_front.jsm:1568:16
@resource://gre/modules/osfile.jsm:12:30
@resource://gre/modules/TelemetryStorage.sys.mjs:10:28
_checkPendingPings@resource://gre/modules/TelemetrySend.sys.mjs:863:17
setup@resource://gre/modules/TelemetrySend.sys.mjs:803:18
setup@resource://gre/modules/TelemetrySend.sys.mjs:241:30
setupTelemetry/this._delayedInitTask<@resource://gre/modules/TelemetryControllerParent.sys.mjs:828:36
observe@resource://gre/modules/AsyncShutdown.sys.mjs:576:16

JavaScript error: resource://gre/modules/AsyncShutdown.sys.mjs, line 727: Error: Phase "profile-before-change" is finished, it is too late to register completion condition "OS.File: flush I/O queued before profileBeforeChange"
JavaScript error: resource://gre/modules/AsyncShutdown.sys.mjs, line 727: Error: Phase "profile-before-change" is finished, it is too late to register completion condition "OS.File: flush I/O queued before profileBeforeChange"
JavaScript error: resource://gre/modules/AsyncShutdown.sys.mjs, line 727: Error: Phase "profile-before-change" is finished, it is too late to register completion condition "OS.File: flush I/O queued before profileBeforeChange"
JavaScript error: resource://gre/modules/AsyncShutdown.sys.mjs, line 727: Error: Phase "profile-before-change" is finished, it is too late to register completion condition "OS.File: flush I/O queued before profileBeforeChange"
JavaScript error: resource://gre/modules/AsyncShutdown.sys.mjs, line 727: Error: Phase "profile-before-change" is finished, it is too late to register completion condition "OS.File: flush I/O queued before profileBeforeChange"
JavaScript error: resource://gre/modules/AsyncShutdown.sys.mjs, line 727: Error: Phase "profile-before-change" is finished, it is too late to register completion condition "OS.File: flush I/O queued before profileBeforeChange"
1680123373327	geckodriver	INFO	Listening on 127.0.0.1:61369
1680123376389	mozrunner::runner	INFO	Running command: "C:\\Program Files\\Mozilla Firefox\\firefox.exe" "--marionette" "--remote-debugging-port" "61370" "--remote-allow-hosts" "localhost" "-no-remote" "-profile" "C:\\Users\\JOSEL~1\\AppData\\Local\\Temp\\rust_mozprofiledtLwc1"
console.warn: services.settings: Ignoring preference override of remote settings server
console.warn: services.settings: Allow by setting MOZ_REMOTE_SETTINGS_DEVTOOLS=1 in the environment
1680123376658	Marionette	INFO	Marionette enabled
Dynamically enable window occlusion 0
1680123376662	Marionette	INFO	Listening on port 61379
Read port: 61379
WebDriver BiDi listening on ws://127.0.0.1:61370
1680123376770	RemoteAgent	WARN	TLS certificate errors will be ignored for this session
console.warn: SearchSettings: "get: No settings file exists, new profile?" (new NotFoundError("Could not open the file at C:\\Users\\JOSEL~1\\AppData\\Local\\Temp\\rust_mozprofiledtLwc1\\search.json.mozlz4", (void 0)))
DevTools listening on ws://127.0.0.1:61370/devtools/browser/8cad85b1-b003-4414-a8ca-43142dcb0da8
JavaScript error: https://prohairstore.com/marca/davines.html, line 10034: TypeError: tracking.getPageType() is undefined
1680123407907	Marionette	INFO	Stopped listening on port 61379
Dynamically enable window occlusion 1
WARNING: A blocker encountered an error while we were waiting.
          Blocker:  Waiting for ping task
          Phase: TelemetryController: Waiting for pending ping activity
          State: (none)
WARNING: Error: Phase "profile-before-change" is finished, it is too late to register completion condition "OS.File: flush I/O queued before profileBeforeChange"
WARNING: addBlocker@resource://gre/modules/AsyncShutdown.sys.mjs:727:15
addBlocker@resource://gre/modules/AsyncShutdown.sys.mjs:523:26
addBlocker@resource://gre/modules/AsyncShutdown.sys.mjs:458:15
setupShutdown@resource://gre/modules/osfile/osfile_async_front.jsm:1548:28
@resource://gre/modules/osfile/osfile_async_front.jsm:1568:16
@resource://gre/modules/osfile.jsm:12:30
@resource://gre/modules/TelemetryStorage.sys.mjs:10:28
_checkPendingPings@resource://gre/modules/TelemetrySend.sys.mjs:863:17
setup@resource://gre/modules/TelemetrySend.sys.mjs:803:18
setup@resource://gre/modules/TelemetrySend.sys.mjs:241:30
setupTelemetry/this._delayedInitTask<@resource://gre/modules/TelemetryControllerParent.sys.mjs:828:36
observe@resource://gre/modules/AsyncShutdown.sys.mjs:576:16

console.error: "TelemetryScheduler.shutdown - Already shut down"
WARNING: A blocker encountered an error while we were waiting.
          Blocker:  Waiting for ping task
          Phase: TelemetryController: Waiting for pending ping activity
          State: (none)
WARNING: Error: Phase "profile-before-change" is finished, it is too late to register completion condition "OS.File: flush I/O queued before profileBeforeChange"
WARNING: addBlocker@resource://gre/modules/AsyncShutdown.sys.mjs:727:15
addBlocker@resource://gre/modules/AsyncShutdown.sys.mjs:523:26
addBlocker@resource://gre/modules/AsyncShutdown.sys.mjs:458:15
setupShutdown@resource://gre/modules/osfile/osfile_async_front.jsm:1548:28
@resource://gre/modules/osfile/osfile_async_front.jsm:1568:16
@resource://gre/modules/osfile.jsm:12:30
@resource://gre/modules/TelemetryStorage.sys.mjs:10:28
_checkPendingPings@resource://gre/modules/TelemetrySend.sys.mjs:863:17
setup@resource://gre/modules/TelemetrySend.sys.mjs:803:18
setup@resource://gre/modules/TelemetrySend.sys.mjs:241:30
setupTelemetry/this._delayedInitTask<@resource://gre/modules/TelemetryControllerParent.sys.mjs:828:36
observe@resource://gre/modules/AsyncShutdown.sys.mjs:576:16

WARNING: A blocker encountered an error while we were waiting.
          Blocker:  Waiting for ping task
          Phase: TelemetryController: Waiting for pending ping activity
          State: (none)
WARNING: Error: Phase "profile-before-change" is finished, it is too late to register completion condition "OS.File: flush I/O queued before profileBeforeChange"
WARNING: addBlocker@resource://gre/modules/AsyncShutdown.sys.mjs:727:15
addBlocker@resource://gre/modules/AsyncShutdown.sys.mjs:523:26
addBlocker@resource://gre/modules/AsyncShutdown.sys.mjs:458:15
setupShutdown@resource://gre/modules/osfile/osfile_async_front.jsm:1548:28
@resource://gre/modules/osfile/osfile_async_front.jsm:1568:16
@resource://gre/modules/osfile.jsm:12:30
@resource://gre/modules/TelemetryStorage.sys.mjs:10:28
_checkPendingPings@resource://gre/modules/TelemetrySend.sys.mjs:863:17
setup@resource://gre/modules/TelemetrySend.sys.mjs:803:18
setup@resource://gre/modules/TelemetrySend.sys.mjs:241:30
setupTelemetry/this._delayedInitTask<@resource://gre/modules/TelemetryControllerParent.sys.mjs:828:36
observe@resource://gre/modules/AsyncShutdown.sys.mjs:576:16

WARNING: A blocker encountered an error while we were waiting.
          Blocker:  TelemetryController: shutting down
          Phase: profile-before-change-telemetry
          State: Error getting state: Error: Phase "profile-before-change" is finished, it is too late to register completion condition "OS.File: flush I/O queued before profileBeforeChange" at addBlocker@resource://gre/modules/AsyncShutdown.sys.mjs:727:15
addBlocker@resource://gre/modules/AsyncShutdown.sys.mjs:523:26
addBlocker@resource://gre/modules/AsyncShutdown.sys.mjs:458:15
setupShutdown@resource://gre/modules/osfile/osfile_async_front.jsm:1548:28
@resource://gre/modules/osfile/osfile_async_front.jsm:1568:16
@resource://gre/modules/osfile.jsm:12:30
@resource://gre/modules/TelemetryStorage.sys.mjs:10:28
_checkPendingPings@resource://gre/modules/TelemetrySend.sys.mjs:863:17
setup@resource://gre/modules/TelemetrySend.sys.mjs:803:18
setup@resource://gre/modules/TelemetrySend.sys.mjs:241:30
setupTelemetry/this._delayedInitTask<@resource://gre/modules/TelemetryControllerParent.sys.mjs:828:36
observe@resource://gre/modules/AsyncShutdown.sys.mjs:576:16

WARNING: Error: Phase "profile-before-change" is finished, it is too late to register completion condition "OS.File: flush I/O queued before profileBeforeChange"
WARNING: addBlocker@resource://gre/modules/AsyncShutdown.sys.mjs:727:15
addBlocker@resource://gre/modules/AsyncShutdown.sys.mjs:523:26
addBlocker@resource://gre/modules/AsyncShutdown.sys.mjs:458:15
setupShutdown@resource://gre/modules/osfile/osfile_async_front.jsm:1548:28
@resource://gre/modules/osfile/osfile_async_front.jsm:1568:16
@resource://gre/modules/osfile.jsm:12:30
@resource://gre/modules/TelemetryStorage.sys.mjs:10:28
_checkPendingPings@resource://gre/modules/TelemetrySend.sys.mjs:863:17
setup@resource://gre/modules/TelemetrySend.sys.mjs:803:18
setup@resource://gre/modules/TelemetrySend.sys.mjs:241:30
setupTelemetry/this._delayedInitTask<@resource://gre/modules/TelemetryControllerParent.sys.mjs:828:36
observe@resource://gre/modules/AsyncShutdown.sys.mjs:576:16

JavaScript error: resource://gre/modules/AsyncShutdown.sys.mjs, line 727: Error: Phase "profile-before-change" is finished, it is too late to register completion condition "OS.File: flush I/O queued before profileBeforeChange"
JavaScript error: resource://gre/modules/AsyncShutdown.sys.mjs, line 727: Error: Phase "profile-before-change" is finished, it is too late to register completion condition "OS.File: flush I/O queued before profileBeforeChange"
JavaScript error: resource://gre/modules/AsyncShutdown.sys.mjs, line 727: Error: Phase "profile-before-change" is finished, it is too late to register completion condition "OS.File: flush I/O queued before profileBeforeChange"
JavaScript error: resource://gre/modules/AsyncShutdown.sys.mjs, line 727: Error: Phase "profile-before-change" is finished, it is too late to register completion condition "OS.File: flush I/O queued before profileBeforeChange"
JavaScript error: resource://gre/modules/AsyncShutdown.sys.mjs, line 727: Error: Phase "profile-before-change" is finished, it is too late to register completion condition "OS.File: flush I/O queued before profileBeforeChange"
JavaScript error: resource://gre/modules/AsyncShutdown.sys.mjs, line 727: Error: Phase "profile-before-change" is finished, it is too late to register completion condition "OS.File: flush I/O queued before profileBeforeChange"
1680123419146	geckodriver	INFO	Listening on 127.0.0.1:61456
1680123422199	mozrunner::runner	INFO	Running command: "C:\\Program Files\\Mozilla Firefox\\firefox.exe" "--marionette" "--remote-debugging-port" "61457" "--remote-allow-hosts" "localhost" "-no-remote" "-profile" "C:\\Users\\JOSEL~1\\AppData\\Local\\Temp\\rust_mozprofile1HeZWZ"
console.warn: services.settings: Ignoring preference override of remote settings server
console.warn: services.settings: Allow by setting MOZ_REMOTE_SETTINGS_DEVTOOLS=1 in the environment
1680123422464	Marionette	INFO	Marionette enabled
Dynamically enable window occlusion 0
1680123422467	Marionette	INFO	Listening on port 61467
Read port: 61467
WebDriver BiDi listening on ws://127.0.0.1:61457
1680123422581	RemoteAgent	WARN	TLS certificate errors will be ignored for this session
console.warn: SearchSettings: "get: No settings file exists, new profile?" (new NotFoundError("Could not open the file at C:\\Users\\JOSEL~1\\AppData\\Local\\Temp\\rust_mozprofile1HeZWZ\\search.json.mozlz4", (void 0)))
DevTools listening on ws://127.0.0.1:61457/devtools/browser/ef0e25e2-4aa3-42b3-a580-f22011a85788
JavaScript error: https://prohairstore.com/marca/davines.html, line 10034: TypeError: tracking.getPageType() is undefined
1680123533714	geckodriver	INFO	Listening on 127.0.0.1:61587
1680123536784	mozrunner::runner	INFO	Running command: "C:\\Program Files\\Mozilla Firefox\\firefox.exe" "--marionette" "--remote-debugging-port" "61588" "--remote-allow-hosts" "localhost" "-no-remote" "-profile" "C:\\Users\\JOSEL~1\\AppData\\Local\\Temp\\rust_mozprofileUlPrV5"
console.warn: services.settings: Ignoring preference override of remote settings server
console.warn: services.settings: Allow by setting MOZ_REMOTE_SETTINGS_DEVTOOLS=1 in the environment
1680123537047	Marionette	INFO	Marionette enabled
Dynamically enable window occlusion 0
1680123537051	Marionette	INFO	Listening on port 61598
Read port: 61598
WebDriver BiDi listening on ws://127.0.0.1:61588
1680123537159	RemoteAgent	WARN	TLS certificate errors will be ignored for this session
console.warn: SearchSettings: "get: No settings file exists, new profile?" (new NotFoundError("Could not open the file at C:\\Users\\JOSEL~1\\AppData\\Local\\Temp\\rust_mozprofileUlPrV5\\search.json.mozlz4", (void 0)))
DevTools listening on ws://127.0.0.1:61588/devtools/browser/f2cbaddd-d13c-421c-a726-3ec9bef196fd
JavaScript error: https://prohairstore.com/marca/davines.html, line 10034: TypeError: tracking.getPageType() is undefined
JavaScript error: https://prohairstore.com/static/version1680098559/frontend/Ikigai/Prohair/es_ES/requirejs/require.min.js, line 16: Error: Script error for: jquery-ui-modules/effect-blind
http://requirejs.org/docs/errors.html#scripterror
JavaScript error: https://prohairstore.com/static/version1680098559/frontend/Ikigai/Prohair/es_ES/requirejs/require.min.js, line 16: Error: Script error for: Magento_ReCaptchaFrontendUi/js/registry
http://requirejs.org/docs/errors.html#scripterror
JavaScript error: https://prohairstore.com/marca/davines.html?p=3, line 10017: TypeError: tracking.getPageType() is undefined
JavaScript error: https://prohairstore.com/marca/davines.html?p=7, line 9989: TypeError: tracking.getPageType() is undefined
JavaScript error: https://prohairstore.com/static/version1680098559/frontend/Ikigai/Prohair/es_ES/requirejs/require.min.js, line 16: Error: Script error for: Magento_Persistent/js/view/customer-data-mixin
http://requirejs.org/docs/errors.html#scripterror
JavaScript error: https://prohairstore.com/static/version1680098559/frontend/Ikigai/Prohair/es_ES/requirejs/require.min.js, line 16: Error: Script error for: jquery/validate
http://requirejs.org/docs/errors.html#scripterror
JavaScript error: https://prohairstore.com/static/version1680098559/frontend/Ikigai/Prohair/es_ES/requirejs/require.min.js, line 16: Error: Script error for: jquery/validate
http://requirejs.org/docs/errors.html#scripterror
JavaScript error: https://prohairstore.com/static/version1680098559/frontend/Ikigai/Prohair/es_ES/requirejs/require.min.js, line 16: Error: Script error for: jquery/validate
http://requirejs.org/docs/errors.html#scripterror
JavaScript error: https://prohairstore.com/static/version1680098559/frontend/Ikigai/Prohair/es_ES/requirejs/require.min.js, line 16: Error: Script error for: jquery-ui-modules/button
http://requirejs.org/docs/errors.html#scripterror
[Parent 36520, IPC I/O Parent] WARNING: DuplicateHandle failed for handle 0 in TransferHandles: file /builds/worker/checkouts/gecko/ipc/chromium/src/chrome/common/ipc_channel_win.cc:777
[Parent 36520, IPC I/O Parent] WARNING: DuplicateHandle failed for handle 0 in TransferHandles: file /builds/worker/checkouts/gecko/ipc/chromium/src/chrome/common/ipc_channel_win.cc:777
JavaScript error: resource://gre/actors/ContentMetaChild.jsm, line 183: InvalidStateError: JSWindowActorChild.sendAsyncMessage: JSWindowActorChild cannot send at the moment
JavaScript error: https://prohairstore.com/marca/davines.html?p=18, line 9946: TypeError: tracking.getPageType() is undefined
JavaScript error: https://prohairstore.com/static/version1680098559/frontend/Ikigai/Prohair/es_ES/requirejs/require.min.js, line 16: Error: Script error for: Magento_Ui/js/lib/core/element/links
http://requirejs.org/docs/errors.html#scripterror
JavaScript error: https://prohairstore.com/static/version1680098559/frontend/Ikigai/Prohair/es_ES/requirejs/require.min.js, line 16: Error: Script error for: Magento_Ui/js/core/renderer/types
http://requirejs.org/docs/errors.html#scripterror
1680123564711	Marionette	INFO	Stopped listening on port 61598
Dynamically enable window occlusion 1
WARNING: A blocker encountered an error while we were waiting.
          Blocker:  Waiting for ping task
          Phase: TelemetryController: Waiting for pending ping activity
          State: (none)
WARNING: Error: Phase "profile-before-change" is finished, it is too late to register completion condition "OS.File: flush I/O queued before profileBeforeChange"
WARNING: addBlocker@resource://gre/modules/AsyncShutdown.sys.mjs:727:15
addBlocker@resource://gre/modules/AsyncShutdown.sys.mjs:523:26
addBlocker@resource://gre/modules/AsyncShutdown.sys.mjs:458:15
setupShutdown@resource://gre/modules/osfile/osfile_async_front.jsm:1548:28
@resource://gre/modules/osfile/osfile_async_front.jsm:1568:16
@resource://gre/modules/osfile.jsm:12:30
@resource://gre/modules/TelemetryStorage.sys.mjs:10:28
_checkPendingPings@resource://gre/modules/TelemetrySend.sys.mjs:863:17
setup@resource://gre/modules/TelemetrySend.sys.mjs:803:18
setup@resource://gre/modules/TelemetrySend.sys.mjs:241:30
setupTelemetry/this._delayedInitTask<@resource://gre/modules/TelemetryControllerParent.sys.mjs:828:36
observe@resource://gre/modules/AsyncShutdown.sys.mjs:576:16

console.error: "TelemetryScheduler.shutdown - Already shut down"
WARNING: A blocker encountered an error while we were waiting.
          Blocker:  Waiting for ping task
          Phase: TelemetryController: Waiting for pending ping activity
          State: (none)
WARNING: Error: Phase "profile-before-change" is finished, it is too late to register completion condition "OS.File: flush I/O queued before profileBeforeChange"
WARNING: addBlocker@resource://gre/modules/AsyncShutdown.sys.mjs:727:15
addBlocker@resource://gre/modules/AsyncShutdown.sys.mjs:523:26
addBlocker@resource://gre/modules/AsyncShutdown.sys.mjs:458:15
setupShutdown@resource://gre/modules/osfile/osfile_async_front.jsm:1548:28
@resource://gre/modules/osfile/osfile_async_front.jsm:1568:16
@resource://gre/modules/osfile.jsm:12:30
@resource://gre/modules/TelemetryStorage.sys.mjs:10:28
_checkPendingPings@resource://gre/modules/TelemetrySend.sys.mjs:863:17
setup@resource://gre/modules/TelemetrySend.sys.mjs:803:18
setup@resource://gre/modules/TelemetrySend.sys.mjs:241:30
setupTelemetry/this._delayedInitTask<@resource://gre/modules/TelemetryControllerParent.sys.mjs:828:36
observe@resource://gre/modules/AsyncShutdown.sys.mjs:576:16

WARNING: A blocker encountered an error while we were waiting.
          Blocker:  Waiting for ping task
          Phase: TelemetryController: Waiting for pending ping activity
          State: (none)
WARNING: Error: Phase "profile-before-change" is finished, it is too late to register completion condition "OS.File: flush I/O queued before profileBeforeChange"
WARNING: addBlocker@resource://gre/modules/AsyncShutdown.sys.mjs:727:15
addBlocker@resource://gre/modules/AsyncShutdown.sys.mjs:523:26
addBlocker@resource://gre/modules/AsyncShutdown.sys.mjs:458:15
setupShutdown@resource://gre/modules/osfile/osfile_async_front.jsm:1548:28
@resource://gre/modules/osfile/osfile_async_front.jsm:1568:16
@resource://gre/modules/osfile.jsm:12:30
@resource://gre/modules/TelemetryStorage.sys.mjs:10:28
_checkPendingPings@resource://gre/modules/TelemetrySend.sys.mjs:863:17
setup@resource://gre/modules/TelemetrySend.sys.mjs:803:18
setup@resource://gre/modules/TelemetrySend.sys.mjs:241:30
setupTelemetry/this._delayedInitTask<@resource://gre/modules/TelemetryControllerParent.sys.mjs:828:36
observe@resource://gre/modules/AsyncShutdown.sys.mjs:576:16

WARNING: A blocker encountered an error while we were waiting.
          Blocker:  TelemetryController: shutting down
          Phase: profile-before-change-telemetry
          State: Error getting state: Error: Phase "profile-before-change" is finished, it is too late to register completion condition "OS.File: flush I/O queued before profileBeforeChange" at addBlocker@resource://gre/modules/AsyncShutdown.sys.mjs:727:15
addBlocker@resource://gre/modules/AsyncShutdown.sys.mjs:523:26
addBlocker@resource://gre/modules/AsyncShutdown.sys.mjs:458:15
setupShutdown@resource://gre/modules/osfile/osfile_async_front.jsm:1548:28
@resource://gre/modules/osfile/osfile_async_front.jsm:1568:16
@resource://gre/modules/osfile.jsm:12:30
@resource://gre/modules/TelemetryStorage.sys.mjs:10:28
_checkPendingPings@resource://gre/modules/TelemetrySend.sys.mjs:863:17
setup@resource://gre/modules/TelemetrySend.sys.mjs:803:18
setup@resource://gre/modules/TelemetrySend.sys.mjs:241:30
setupTelemetry/this._delayedInitTask<@resource://gre/modules/TelemetryControllerParent.sys.mjs:828:36
observe@resource://gre/modules/AsyncShutdown.sys.mjs:576:16

WARNING: Error: Phase "profile-before-change" is finished, it is too late to register completion condition "OS.File: flush I/O queued before profileBeforeChange"
WARNING: addBlocker@resource://gre/modules/AsyncShutdown.sys.mjs:727:15
addBlocker@resource://gre/modules/AsyncShutdown.sys.mjs:523:26
addBlocker@resource://gre/modules/AsyncShutdown.sys.mjs:458:15
setupShutdown@resource://gre/modules/osfile/osfile_async_front.jsm:1548:28
@resource://gre/modules/osfile/osfile_async_front.jsm:1568:16
@resource://gre/modules/osfile.jsm:12:30
@resource://gre/modules/TelemetryStorage.sys.mjs:10:28
_checkPendingPings@resource://gre/modules/TelemetrySend.sys.mjs:863:17
setup@resource://gre/modules/TelemetrySend.sys.mjs:803:18
setup@resource://gre/modules/TelemetrySend.sys.mjs:241:30
setupTelemetry/this._delayedInitTask<@resource://gre/modules/TelemetryControllerParent.sys.mjs:828:36
observe@resource://gre/modules/AsyncShutdown.sys.mjs:576:16

JavaScript error: resource://gre/modules/AsyncShutdown.sys.mjs, line 727: Error: Phase "profile-before-change" is finished, it is too late to register completion condition "OS.File: flush I/O queued before profileBeforeChange"
JavaScript error: resource://gre/modules/AsyncShutdown.sys.mjs, line 727: Error: Phase "profile-before-change" is finished, it is too late to register completion condition "OS.File: flush I/O queued before profileBeforeChange"
JavaScript error: resource://gre/modules/AsyncShutdown.sys.mjs, line 727: Error: Phase "profile-before-change" is finished, it is too late to register completion condition "OS.File: flush I/O queued before profileBeforeChange"
JavaScript error: resource://gre/modules/AsyncShutdown.sys.mjs, line 727: Error: Phase "profile-before-change" is finished, it is too late to register completion condition "OS.File: flush I/O queued before profileBeforeChange"
JavaScript error: resource://gre/modules/AsyncShutdown.sys.mjs, line 727: Error: Phase "profile-before-change" is finished, it is too late to register completion condition "OS.File: flush I/O queued before profileBeforeChange"
JavaScript error: resource://gre/modules/AsyncShutdown.sys.mjs, line 727: Error: Phase "profile-before-change" is finished, it is too late to register completion condition "OS.File: flush I/O queued before profileBeforeChange"
1680123659377	geckodriver	INFO	Listening on 127.0.0.1:61724
1680123662438	mozrunner::runner	INFO	Running command: "C:\\Program Files\\Mozilla Firefox\\firefox.exe" "--marionette" "--remote-debugging-port" "61725" "--remote-allow-hosts" "localhost" "-no-remote" "-profile" "C:\\Users\\JOSEL~1\\AppData\\Local\\Temp\\rust_mozprofileLyVc0E"
console.warn: services.settings: Ignoring preference override of remote settings server
console.warn: services.settings: Allow by setting MOZ_REMOTE_SETTINGS_DEVTOOLS=1 in the environment
1680123662728	Marionette	INFO	Marionette enabled
Dynamically enable window occlusion 0
1680123662733	Marionette	INFO	Listening on port 61735
Read port: 61735
WebDriver BiDi listening on ws://127.0.0.1:61725
1680123662846	RemoteAgent	WARN	TLS certificate errors will be ignored for this session
console.warn: SearchSettings: "get: No settings file exists, new profile?" (new NotFoundError("Could not open the file at C:\\Users\\JOSEL~1\\AppData\\Local\\Temp\\rust_mozprofileLyVc0E\\search.json.mozlz4", (void 0)))
DevTools listening on ws://127.0.0.1:61725/devtools/browser/1e83db21-fbbf-46f9-9e15-bb245a489c8f
console.warn: LoginRecipes: "Falling back to a synchronous message for: https://prohairstore.com."
console.warn: LoginRecipes: "Falling back to a synchronous message for: https://prohairstore.com."
console.warn: LoginRecipes: "Falling back to a synchronous message for: https://prohairstore.com."
JavaScript error: https://prohairstore.com/marca/davines.html?p=5, line 10003: TypeError: tracking.getPageType() is undefined
console.warn: LoginRecipes: "Falling back to a synchronous message for: https://prohairstore.com."
console.warn: LoginRecipes: "Falling back to a synchronous message for: https://prohairstore.com."
console.warn: LoginRecipes: "Falling back to a synchronous message for: https://prohairstore.com."
console.warn: LoginRecipes: "Falling back to a synchronous message for: https://prohairstore.com."
console.warn: LoginRecipes: "Falling back to a synchronous message for: https://prohairstore.com."
console.warn: LoginRecipes: "Falling back to a synchronous message for: https://prohairstore.com."
JavaScript error: https://prohairstore.com/marca/davines.html?p=11, line 9982: TypeError: tracking.getPageType() is undefined
console.warn: LoginRecipes: "Falling back to a synchronous message for: https://prohairstore.com."
console.warn: LoginRecipes: "Falling back to a synchronous message for: https://prohairstore.com."
JavaScript error: https://prohairstore.com/marca/davines.html?p=13, line 9996: TypeError: tracking.getPageType() is undefined
console.warn: LoginRecipes: "Falling back to a synchronous message for: https://prohairstore.com."
console.warn: LoginRecipes: "Falling back to a synchronous message for: https://prohairstore.com."
JavaScript error: https://prohairstore.com/marca/davines.html?p=15, line 9996: TypeError: tracking.getPageType() is undefined
console.warn: LoginRecipes: "Falling back to a synchronous message for: https://prohairstore.com."
JavaScript error: https://prohairstore.com/marca/davines.html?p=16, line 9946: TypeError: tracking.getPageType() is undefined
console.warn: LoginRecipes: "Falling back to a synchronous message for: https://prohairstore.com."
console.warn: LoginRecipes: "Falling back to a synchronous message for: https://prohairstore.com."
console.warn: LoginRecipes: "Falling back to a synchronous message for: https://prohairstore.com."
JavaScript error: https://prohairstore.com/marca/davines.html?p=19, line 9989: TypeError: tracking.getPageType() is undefined
console.warn: LoginRecipes: "Falling back to a synchronous message for: https://prohairstore.com."
console.warn: LoginRecipes: "Falling back to a synchronous message for: https://prohairstore.com."
console.warn: LoginRecipes: "Falling back to a synchronous message for: https://prohairstore.com."
1680124030758	geckodriver	INFO	Listening on 127.0.0.1:62038
1680124033810	mozrunner::runner	INFO	Running command: "C:\\Program Files\\Mozilla Firefox\\firefox.exe" "--marionette" "--remote-debugging-port" "62039" "--remote-allow-hosts" "localhost" "-no-remote" "-profile" "C:\\Users\\JOSEL~1\\AppData\\Local\\Temp\\rust_mozprofile75Gfej"
console.warn: services.settings: Ignoring preference override of remote settings server
console.warn: services.settings: Allow by setting MOZ_REMOTE_SETTINGS_DEVTOOLS=1 in the environment
1680124034082	Marionette	INFO	Marionette enabled
Dynamically enable window occlusion 0
1680124034086	Marionette	INFO	Listening on port 62050
Read port: 62050
WebDriver BiDi listening on ws://127.0.0.1:62039
1680124034198	RemoteAgent	WARN	TLS certificate errors will be ignored for this session
console.warn: SearchSettings: "get: No settings file exists, new profile?" (new NotFoundError("Could not open the file at C:\\Users\\JOSEL~1\\AppData\\Local\\Temp\\rust_mozprofile75Gfej\\search.json.mozlz4", (void 0)))
DevTools listening on ws://127.0.0.1:62039/devtools/browser/996a6e75-c9a2-4857-b73c-d0f42f65a0ec
JavaScript warning: https://www.amazon.es/s?k=Davines&i=merchant-items&me=A20JMG3VL3S0SU&__mk_es_ES=%C3%85M%C3%85%C5%BD%C3%95%C3%91&qid=1680079048&ref=sr_pg_1 line 3265 > injectedScript, line 1: WEBGL_debug_renderer_info is deprecated in Firefox and will be removed. Please use RENDERER.
console.warn: LoginRecipes: "Falling back to a synchronous message for: https://www.amazon.es."
1680124061080	Marionette	INFO	Stopped listening on port 62050
Dynamically enable window occlusion 1
WARNING: A blocker encountered an error while we were waiting.
          Blocker:  Waiting for ping task
          Phase: TelemetryController: Waiting for pending ping activity
          State: (none)
WARNING: Error: Phase "profile-before-change" is finished, it is too late to register completion condition "OS.File: flush I/O queued before profileBeforeChange"
WARNING: addBlocker@resource://gre/modules/AsyncShutdown.sys.mjs:727:15
addBlocker@resource://gre/modules/AsyncShutdown.sys.mjs:523:26
addBlocker@resource://gre/modules/AsyncShutdown.sys.mjs:458:15
setupShutdown@resource://gre/modules/osfile/osfile_async_front.jsm:1548:28
@resource://gre/modules/osfile/osfile_async_front.jsm:1568:16
@resource://gre/modules/osfile.jsm:12:30
@resource://gre/modules/TelemetryStorage.sys.mjs:10:28
_checkPendingPings@resource://gre/modules/TelemetrySend.sys.mjs:863:17
setup@resource://gre/modules/TelemetrySend.sys.mjs:803:18
setup@resource://gre/modules/TelemetrySend.sys.mjs:241:30
setupTelemetry/this._delayedInitTask<@resource://gre/modules/TelemetryControllerParent.sys.mjs:828:36
observe@resource://gre/modules/AsyncShutdown.sys.mjs:576:16

console.error: "TelemetryScheduler.shutdown - Already shut down"
WARNING: A blocker encountered an error while we were waiting.
          Blocker:  Waiting for ping task
          Phase: TelemetryController: Waiting for pending ping activity
          State: (none)
WARNING: Error: Phase "profile-before-change" is finished, it is too late to register completion condition "OS.File: flush I/O queued before profileBeforeChange"
WARNING: addBlocker@resource://gre/modules/AsyncShutdown.sys.mjs:727:15
addBlocker@resource://gre/modules/AsyncShutdown.sys.mjs:523:26
addBlocker@resource://gre/modules/AsyncShutdown.sys.mjs:458:15
setupShutdown@resource://gre/modules/osfile/osfile_async_front.jsm:1548:28
@resource://gre/modules/osfile/osfile_async_front.jsm:1568:16
@resource://gre/modules/osfile.jsm:12:30
@resource://gre/modules/TelemetryStorage.sys.mjs:10:28
_checkPendingPings@resource://gre/modules/TelemetrySend.sys.mjs:863:17
setup@resource://gre/modules/TelemetrySend.sys.mjs:803:18
setup@resource://gre/modules/TelemetrySend.sys.mjs:241:30
setupTelemetry/this._delayedInitTask<@resource://gre/modules/TelemetryControllerParent.sys.mjs:828:36
observe@resource://gre/modules/AsyncShutdown.sys.mjs:576:16

WARNING: A blocker encountered an error while we were waiting.
          Blocker:  Waiting for ping task
          Phase: TelemetryController: Waiting for pending ping activity
          State: (none)
WARNING: Error: Phase "profile-before-change" is finished, it is too late to register completion condition "OS.File: flush I/O queued before profileBeforeChange"
WARNING: addBlocker@resource://gre/modules/AsyncShutdown.sys.mjs:727:15
addBlocker@resource://gre/modules/AsyncShutdown.sys.mjs:523:26
addBlocker@resource://gre/modules/AsyncShutdown.sys.mjs:458:15
setupShutdown@resource://gre/modules/osfile/osfile_async_front.jsm:1548:28
@resource://gre/modules/osfile/osfile_async_front.jsm:1568:16
@resource://gre/modules/osfile.jsm:12:30
@resource://gre/modules/TelemetryStorage.sys.mjs:10:28
_checkPendingPings@resource://gre/modules/TelemetrySend.sys.mjs:863:17
setup@resource://gre/modules/TelemetrySend.sys.mjs:803:18
setup@resource://gre/modules/TelemetrySend.sys.mjs:241:30
setupTelemetry/this._delayedInitTask<@resource://gre/modules/TelemetryControllerParent.sys.mjs:828:36
observe@resource://gre/modules/AsyncShutdown.sys.mjs:576:16

WARNING: A blocker encountered an error while we were waiting.
          Blocker:  TelemetryController: shutting down
          Phase: profile-before-change-telemetry
          State: Error getting state: Error: Phase "profile-before-change" is finished, it is too late to register completion condition "OS.File: flush I/O queued before profileBeforeChange" at addBlocker@resource://gre/modules/AsyncShutdown.sys.mjs:727:15
addBlocker@resource://gre/modules/AsyncShutdown.sys.mjs:523:26
addBlocker@resource://gre/modules/AsyncShutdown.sys.mjs:458:15
setupShutdown@resource://gre/modules/osfile/osfile_async_front.jsm:1548:28
@resource://gre/modules/osfile/osfile_async_front.jsm:1568:16
@resource://gre/modules/osfile.jsm:12:30
@resource://gre/modules/TelemetryStorage.sys.mjs:10:28
_checkPendingPings@resource://gre/modules/TelemetrySend.sys.mjs:863:17
setup@resource://gre/modules/TelemetrySend.sys.mjs:803:18
setup@resource://gre/modules/TelemetrySend.sys.mjs:241:30
setupTelemetry/this._delayedInitTask<@resource://gre/modules/TelemetryControllerParent.sys.mjs:828:36
observe@resource://gre/modules/AsyncShutdown.sys.mjs:576:16

WARNING: Error: Phase "profile-before-change" is finished, it is too late to register completion condition "OS.File: flush I/O queued before profileBeforeChange"
WARNING: addBlocker@resource://gre/modules/AsyncShutdown.sys.mjs:727:15
addBlocker@resource://gre/modules/AsyncShutdown.sys.mjs:523:26
addBlocker@resource://gre/modules/AsyncShutdown.sys.mjs:458:15
setupShutdown@resource://gre/modules/osfile/osfile_async_front.jsm:1548:28
@resource://gre/modules/osfile/osfile_async_front.jsm:1568:16
@resource://gre/modules/osfile.jsm:12:30
@resource://gre/modules/TelemetryStorage.sys.mjs:10:28
_checkPendingPings@resource://gre/modules/TelemetrySend.sys.mjs:863:17
setup@resource://gre/modules/TelemetrySend.sys.mjs:803:18
setup@resource://gre/modules/TelemetrySend.sys.mjs:241:30
setupTelemetry/this._delayedInitTask<@resource://gre/modules/TelemetryControllerParent.sys.mjs:828:36
observe@resource://gre/modules/AsyncShutdown.sys.mjs:576:16

JavaScript error: resource://gre/modules/AsyncShutdown.sys.mjs, line 727: Error: Phase "profile-before-change" is finished, it is too late to register completion condition "OS.File: flush I/O queued before profileBeforeChange"
JavaScript error: resource://gre/modules/AsyncShutdown.sys.mjs, line 727: Error: Phase "profile-before-change" is finished, it is too late to register completion condition "OS.File: flush I/O queued before profileBeforeChange"
JavaScript error: resource://gre/modules/AsyncShutdown.sys.mjs, line 727: Error: Phase "profile-before-change" is finished, it is too late to register completion condition "OS.File: flush I/O queued before profileBeforeChange"
JavaScript error: resource://gre/modules/AsyncShutdown.sys.mjs, line 727: Error: Phase "profile-before-change" is finished, it is too late to register completion condition "OS.File: flush I/O queued before profileBeforeChange"
JavaScript error: resource://gre/modules/AsyncShutdown.sys.mjs, line 727: Error: Phase "profile-before-change" is finished, it is too late to register completion condition "OS.File: flush I/O queued before profileBeforeChange"
JavaScript error: resource://gre/modules/AsyncShutdown.sys.mjs, line 727: Error: Phase "profile-before-change" is finished, it is too late to register completion condition "OS.File: flush I/O queued before profileBeforeChange"
1680124626444	geckodriver	INFO	Listening on 127.0.0.1:62562
1680124629469	mozrunner::runner	INFO	Running command: "C:\\Program Files\\Mozilla Firefox\\firefox.exe" "--marionette" "--remote-debugging-port" "62563" "--remote-allow-hosts" "localhost" "-no-remote" "-profile" "C:\\Users\\JOSEL~1\\AppData\\Local\\Temp\\rust_mozprofilelioPBv"
console.warn: services.settings: Ignoring preference override of remote settings server
console.warn: services.settings: Allow by setting MOZ_REMOTE_SETTINGS_DEVTOOLS=1 in the environment
1680124629737	Marionette	INFO	Marionette enabled
Dynamically enable window occlusion 0
1680124629740	Marionette	INFO	Listening on port 62573
Read port: 62573
WebDriver BiDi listening on ws://127.0.0.1:62563
1680124629851	RemoteAgent	WARN	TLS certificate errors will be ignored for this session
console.warn: SearchSettings: "get: No settings file exists, new profile?" (new NotFoundError("Could not open the file at C:\\Users\\JOSEL~1\\AppData\\Local\\Temp\\rust_mozprofilelioPBv\\search.json.mozlz4", (void 0)))
DevTools listening on ws://127.0.0.1:62563/devtools/browser/66ed6759-2a07-4c5d-af7d-e5ad21434f24
JavaScript error: https://prohairstore.com/marca/davines.html, line 10034: TypeError: tracking.getPageType() is undefined
JavaScript error: https://prohairstore.com/marca/davines.html?p=2, line 10010: TypeError: tracking.getPageType() is undefined
console.warn: LoginRecipes: "Falling back to a synchronous message for: https://prohairstore.com."
console.warn: LoginRecipes: "Falling back to a synchronous message for: https://prohairstore.com."
console.warn: LoginRecipes: "Falling back to a synchronous message for: https://prohairstore.com."
console.warn: LoginRecipes: "Falling back to a synchronous message for: https://prohairstore.com."
console.warn: LoginRecipes: "Falling back to a synchronous message for: https://prohairstore.com."
console.warn: LoginRecipes: "Falling back to a synchronous message for: https://prohairstore.com."
console.warn: LoginRecipes: "Falling back to a synchronous message for: https://prohairstore.com."
console.warn: LoginRecipes: "Falling back to a synchronous message for: https://prohairstore.com."
console.warn: LoginRecipes: "Falling back to a synchronous message for: https://prohairstore.com."
console.warn: LoginRecipes: "Falling back to a synchronous message for: https://prohairstore.com."
console.warn: LoginRecipes: "Falling back to a synchronous message for: https://prohairstore.com."
console.warn: LoginRecipes: "Falling back to a synchronous message for: https://prohairstore.com."
console.warn: LoginRecipes: "Falling back to a synchronous message for: https://prohairstore.com."
console.warn: LoginRecipes: "Falling back to a synchronous message for: https://prohairstore.com."
console.warn: LoginRecipes: "Falling back to a synchronous message for: https://prohairstore.com."
console.warn: LoginRecipes: "Falling back to a synchronous message for: https://prohairstore.com."
console.warn: LoginRecipes: "Falling back to a synchronous message for: https://prohairstore.com."
console.warn: LoginRecipes: "Falling back to a synchronous message for: https://prohairstore.com."
1680124786302	Marionette	INFO	Stopped listening on port 62573
Dynamically enable window occlusion 1
1680161831176	geckodriver	INFO	Listening on 127.0.0.1:56722
1680161834228	mozrunner::runner	INFO	Running command: "C:\\Program Files\\Mozilla Firefox\\firefox.exe" "--marionette" "--remote-debugging-port" "56723" "--remote-allow-hosts" "localhost" "-no-remote" "-profile" "C:\\Users\\JOSEL~1\\AppData\\Local\\Temp\\rust_mozprofilemqL7Ho"
console.warn: services.settings: Ignoring preference override of remote settings server
console.warn: services.settings: Allow by setting MOZ_REMOTE_SETTINGS_DEVTOOLS=1 in the environment
1680161834650	Marionette	INFO	Marionette enabled
Dynamically enable window occlusion 0
1680161834654	Marionette	INFO	Listening on port 56733
Read port: 56733
WebDriver BiDi listening on ws://127.0.0.1:56723
1680161834779	RemoteAgent	WARN	TLS certificate errors will be ignored for this session
console.warn: SearchSettings: "get: No settings file exists, new profile?" (new NotFoundError("Could not open the file at C:\\Users\\JOSEL~1\\AppData\\Local\\Temp\\rust_mozprofilemqL7Ho\\search.json.mozlz4", (void 0)))
DevTools listening on ws://127.0.0.1:56723/devtools/browser/6bed8166-935e-4ded-b58c-53bb014ce6e9
JavaScript warning: https://www.amazon.es/s?k=Davines&i=merchant-items&me=A20JMG3VL3S0SU&__mk_es_ES=%C3%85M%C3%85%C5%BD%C3%95%C3%91&qid=1680079048&ref=sr_pg_1 line 3259 > injectedScript, line 1: WEBGL_debug_renderer_info is deprecated in Firefox and will be removed. Please use RENDERER.
JavaScript warning: https://www.amazon.es/s?k=Davines&i=merchant-items&me=A20JMG3VL3S0SU&page=2&__mk_es_ES=%C3%85M%C3%85%C5%BD%C3%95%C3%91&qid=1680161836&ref=sr_pg_2 line 3260 > injectedScript, line 1: WEBGL_debug_renderer_info is deprecated in Firefox and will be removed. Please use RENDERER.
JavaScript warning: https://www.amazon.es/s?k=Davines&i=merchant-items&me=A20JMG3VL3S0SU&__mk_es_ES=%C3%85M%C3%85%C5%BD%C3%95%C3%91&qid=1680161842&ref=sr_pg_1 line 3271 > injectedScript, line 1: WEBGL_debug_renderer_info is deprecated in Firefox and will be removed. Please use RENDERER.
console.warn: LoginRecipes: "Falling back to a synchronous message for: https://www.amazon.es."
JavaScript warning: https://www.amazon.es/s?k=Davines&i=merchant-items&me=A20JMG3VL3S0SU&page=2&__mk_es_ES=%C3%85M%C3%85%C5%BD%C3%95%C3%91&qid=1680161847&ref=sr_pg_2 line 3268 > injectedScript, line 1: WEBGL_debug_renderer_info is deprecated in Firefox and will be removed. Please use RENDERER.
JavaScript warning: https://www.amazon.es/s?k=Davines&i=merchant-items&me=A20JMG3VL3S0SU&__mk_es_ES=%C3%85M%C3%85%C5%BD%C3%95%C3%91&qid=1680161852&ref=sr_pg_1 line 3266 > injectedScript, line 1: WEBGL_debug_renderer_info is deprecated in Firefox and will be removed. Please use RENDERER.
JavaScript warning: https://www.amazon.es/s?k=Davines&i=merchant-items&me=A20JMG3VL3S0SU&page=2&__mk_es_ES=%C3%85M%C3%85%C5%BD%C3%95%C3%91&qid=1680161857&ref=sr_pg_2 line 3255 > injectedScript, line 1: WEBGL_debug_renderer_info is deprecated in Firefox and will be removed. Please use RENDERER.
JavaScript warning: https://www.amazon.es/s?k=Davines&i=merchant-items&me=A20JMG3VL3S0SU&__mk_es_ES=%C3%85M%C3%85%C5%BD%C3%95%C3%91&qid=1680161862&ref=sr_pg_1 line 3253 > injectedScript, line 1: WEBGL_debug_renderer_info is deprecated in Firefox and will be removed. Please use RENDERER.
JavaScript warning: https://www.amazon.es/s?k=Davines&i=merchant-items&me=A20JMG3VL3S0SU&page=2&__mk_es_ES=%C3%85M%C3%85%C5%BD%C3%95%C3%91&qid=1680161867&ref=sr_pg_2 line 3255 > injectedScript, line 1: WEBGL_debug_renderer_info is deprecated in Firefox and will be removed. Please use RENDERER.
JavaScript warning: https://www.amazon.es/s?k=Davines&i=merchant-items&me=A20JMG3VL3S0SU&__mk_es_ES=%C3%85M%C3%85%C5%BD%C3%95%C3%91&qid=1680161871&ref=sr_pg_1 line 3253 > injectedScript, line 1: WEBGL_debug_renderer_info is deprecated in Firefox and will be removed. Please use RENDERER.
JavaScript warning: https://www.amazon.es/s?k=Davines&i=merchant-items&me=A20JMG3VL3S0SU&page=2&__mk_es_ES=%C3%85M%C3%85%C5%BD%C3%95%C3%91&qid=1680161876&ref=sr_pg_2 line 3255 > injectedScript, line 1: WEBGL_debug_renderer_info is deprecated in Firefox and will be removed. Please use RENDERER.
JavaScript warning: https://www.amazon.es/s?k=Davines&i=merchant-items&me=A20JMG3VL3S0SU&__mk_es_ES=%C3%85M%C3%85%C5%BD%C3%95%C3%91&qid=1680161881&ref=sr_pg_1 line 3266 > injectedScript, line 1: WEBGL_debug_renderer_info is deprecated in Firefox and will be removed. Please use RENDERER.
JavaScript warning: https://www.amazon.es/s?k=Davines&i=merchant-items&me=A20JMG3VL3S0SU&page=2&__mk_es_ES=%C3%85M%C3%85%C5%BD%C3%95%C3%91&qid=1680161886&ref=sr_pg_2 line 3255 > injectedScript, line 1: WEBGL_debug_renderer_info is deprecated in Firefox and will be removed. Please use RENDERER.
console.warn: services.settings: Ignoring preference override of remote settings server
console.warn: services.settings: Allow by setting MOZ_REMOTE_SETTINGS_DEVTOOLS=1 in the environment
console.error: (new TypeError("lazy.AsyncShutdown.profileBeforeChange is undefined", "resource://services-settings/Database.jsm", 603))
JavaScript warning: https://www.amazon.es/s?k=Davines&i=merchant-items&me=A20JMG3VL3S0SU&__mk_es_ES=%C3%85M%C3%85%C5%BD%C3%95%C3%91&qid=1680161891&ref=sr_pg_1 line 3253 > injectedScript, line 1: WEBGL_debug_renderer_info is deprecated in Firefox and will be removed. Please use RENDERER.
console.warn: services.settings: Ignoring preference override of remote settings server
console.warn: services.settings: Allow by setting MOZ_REMOTE_SETTINGS_DEVTOOLS=1 in the environment
console.error: (new TypeError("lazy.AsyncShutdown.profileBeforeChange is undefined", "resource://services-settings/Database.jsm", 603))
JavaScript warning: https://www.amazon.es/s?k=Davines&i=merchant-items&me=A20JMG3VL3S0SU&page=2&__mk_es_ES=%C3%85M%C3%85%C5%BD%C3%95%C3%91&qid=1680161896&ref=sr_pg_2 line 3255 > injectedScript, line 1: WEBGL_debug_renderer_info is deprecated in Firefox and will be removed. Please use RENDERER.
JavaScript warning: https://www.amazon.es/s?k=Davines&i=merchant-items&me=A20JMG3VL3S0SU&__mk_es_ES=%C3%85M%C3%85%C5%BD%C3%95%C3%91&qid=1680161901&ref=sr_pg_1 line 3253 > injectedScript, line 1: WEBGL_debug_renderer_info is deprecated in Firefox and will be removed. Please use RENDERER.
1680162064031	geckodriver	INFO	Listening on 127.0.0.1:57075
1680162067095	mozrunner::runner	INFO	Running command: "C:\\Program Files\\Mozilla Firefox\\firefox.exe" "--marionette" "--remote-debugging-port" "57076" "--remote-allow-hosts" "localhost" "-no-remote" "-profile" "C:\\Users\\JOSEL~1\\AppData\\Local\\Temp\\rust_mozprofileqwGX8p"
console.warn: services.settings: Ignoring preference override of remote settings server
console.warn: services.settings: Allow by setting MOZ_REMOTE_SETTINGS_DEVTOOLS=1 in the environment
1680162067373	Marionette	INFO	Marionette enabled
Dynamically enable window occlusion 0
1680162067376	Marionette	INFO	Listening on port 57085
Read port: 57085
WebDriver BiDi listening on ws://127.0.0.1:57076
1680162067482	RemoteAgent	WARN	TLS certificate errors will be ignored for this session
console.warn: SearchSettings: "get: No settings file exists, new profile?" (new NotFoundError("Could not open the file at C:\\Users\\JOSEL~1\\AppData\\Local\\Temp\\rust_mozprofileqwGX8p\\search.json.mozlz4", (void 0)))
DevTools listening on ws://127.0.0.1:57076/devtools/browser/5c072420-52df-4cdf-a6c7-35eedc9663e5
JavaScript warning: https://www.amazon.es/s?k=Davines&i=merchant-items&me=A20JMG3VL3S0SU&__mk_es_ES=%C3%85M%C3%85%C5%BD%C3%95%C3%91&qid=1680079048&ref=sr_pg_1 line 3265 > injectedScript, line 1: WEBGL_debug_renderer_info is deprecated in Firefox and will be removed. Please use RENDERER.
console.warn: LoginRecipes: "Falling back to a synchronous message for: https://www.amazon.es."
1680162405953	Marionette	INFO	Stopped listening on port 57085
Dynamically enable window occlusion 1
ng command: "C:\\Program Files\\Mozilla Firefox\\firefox.exe" "--marionette" "--remote-debugging-port" "57232" "--remote-allow-hosts" "localhost" "-no-remote" "-profile" "C:\\Users\\JOSEL~1\\AppData\\Local\\Temp\\rust_mozprofile82RVye"
console.warn: services.settings: Ignoring preference override of remote settings server
console.warn: services.settings: Allow by setting MOZ_REMOTE_SETTINGS_DEVTOOLS=1 in the environment
1680162209130	Marionette	INFO	Marionette enabled
Dynamically enable window occlusion 0
1680162209134	Marionette	INFO	Listening on port 57243
Read port: 57243
WebDriver BiDi listening on ws://127.0.0.1:57232
1680162209241	RemoteAgent	WARN	TLS certificate errors will be ignored for this session
console.warn: SearchSettings: "get: No settings file exists, new profile?" (new NotFoundError("Could not open the file at C:\\Users\\JOSEL~1\\AppData\\Local\\Temp\\rust_mozprofile82RVye\\search.json.mozlz4", (void 0)))
DevTools listening on ws://127.0.0.1:57232/devtools/browser/68daa303-5d52-465e-a992-0ee2182cff5d
JavaScript warning: https://www.amazon.es/s?k=Davines&i=merchant-items&me=A20JMG3VL3S0SU&__mk_es_ES=%C3%85M%C3%85%C5%BD%C3%95%C3%91&qid=1680079048&ref=sr_pg_1 line 3267 > injectedScript, line 1: WEBGL_debug_renderer_info is deprecated in Firefox and will be removed. Please use RENDERER.
console.warn: LoginRecipes: "Falling back to a synchronous message for: https://www.amazon.es."
JavaScript warning: https://m.media-amazon.com/images/I/81Fol+Q3zrL.js?AUIClients/FWCIMAssets, line 298: WEBGL_debug_renderer_info is deprecated in Firefox and will be removed. Please use RENDERER.
SourceActor threw an exception: [Exception... "Failed to open input source 'file:///'"  nsresult: "0x805303f4 (<unknown>)"  location: "JS frame :: resource://devtools/shared/DevToolsUtils.js :: mainThreadFetch/< :: line 663"  data: yes]
Stack: mainThreadFetch/<@resource://devtools/shared/DevToolsUtils.js:663:15
mainThreadFetch@resource://devtools/shared/DevToolsUtils.js:516:10
_fetchURLContents@resource://devtools/server/actors/utils/sources-manager.js:446:22
urlContents@resource://devtools/server/actors/utils/sources-manager.js:410:17
_resurrectSource@resource://devtools/server/actors/thread.js:2142:35
addAllSources@resource://devtools/server/actors/thread.js:1474:14
watch@resource://devtools/server/actors/resources/sources.js:78:17
watchResources@resource://devtools/server/actors/resources/index.js:312:19
addSessionDataEntry@resource://devtools/server/actors/targets/session-data-processors/resources.js:11:21
addSessionDataEntry@resource://devtools/server/actors/targets/base-target-actor.js:41:23
_addSessionDataEntry@resource://devtools/server/connectors/js-window-actor/DevToolsFrameChild.sys.mjs:528:24
receiveMessage@resource://devtools/server/connectors/js-window-actor/DevToolsFrameChild.sys.mjs:437:21
Line: 663, column: 0
console.error: ({})
SourceActor threw an exception: [Exception... "Failed to open input source 'file:///'"  nsresult: "0x805303f4 (<unknown>)"  location: "JS frame :: resource://devtools/shared/DevToolsUtils.js :: mainThreadFetch/< :: line 663"  data: yes]
Stack: mainThreadFetch/<@resource://devtools/shared/DevToolsUtils.js:663:15
mainThreadFetch@resource://devtools/shared/DevToolsUtils.js:516:10
_fetchURLContents@resource://devtools/server/actors/utils/sources-manager.js:446:22
urlContents@resource://devtools/server/actors/utils/sources-manager.js:410:17
_resurrectSource@resource://devtools/server/actors/thread.js:2142:35
addAllSources@resource://devtools/server/actors/thread.js:1474:14
watch@resource://devtools/server/actors/resources/sources.js:78:17
watchResources@resource://devtools/server/actors/resources/index.js:312:19
addSessionDataEntry@resource://devtools/server/actors/targets/session-data-processors/resources.js:11:21
addSessionDataEntry@resource://devtools/server/actors/targets/base-target-actor.js:41:23
_addSessionDataEntry@resource://devtools/server/connectors/js-window-actor/DevToolsFrameChild.sys.mjs:528:24
receiveMessage@resource://devtools/server/connectors/js-window-actor/DevToolsFrameChild.sys.mjs:437:21
Line: 663, column: 0
console.error: ({})
SourceActor threw an exception: [Exception... "Failed to open input source 'file:///'"  nsresult: "0x805303f4 (<unknown>)"  location: "JS frame :: resource://devtools/shared/DevToolsUtils.js :: mainThreadFetch/< :: line 663"  data: yes]
Stack: mainThreadFetch/<@resource://devtools/shared/DevToolsUtils.js:663:15
mainThreadFetch@resource://devtools/shared/DevToolsUtils.js:516:10
_fetchURLContents@resource://devtools/server/actors/utils/sources-manager.js:446:22
urlContents@resource://devtools/server/actors/utils/sources-manager.js:410:17
_resurrectSource@resource://devtools/server/actors/thread.js:2142:35
addAllSources@resource://devtools/server/actors/thread.js:1474:14
watch@resource://devtools/server/actors/resources/sources.js:78:17
watchResources@resource://devtools/server/actors/resources/index.js:312:19
addSessionDataEntry@resource://devtools/server/actors/targets/session-data-processors/resources.js:11:21
addSessionDataEntry@resource://devtools/server/actors/targets/base-target-actor.js:41:23
_addSessionDataEntry@resource://devtools/server/connectors/js-window-actor/DevToolsFrameChild.sys.mjs:528:24
receiveMessage@resource://devtools/server/connectors/js-window-actor/DevToolsFrameChild.sys.mjs:437:21
Line: 663, column: 0
console.error: ({})
SourceActor threw an exception: [Exception... "Failed to open input source 'file:///'"  nsresult: "0x805303f4 (<unknown>)"  location: "JS frame :: resource://devtools/shared/DevToolsUtils.js :: mainThreadFetch/< :: line 663"  data: yes]
Stack: mainThreadFetch/<@resource://devtools/shared/DevToolsUtils.js:663:15
mainThreadFetch@resource://devtools/shared/DevToolsUtils.js:516:10
_fetchURLContents@resource://devtools/server/actors/utils/sources-manager.js:446:22
urlContents@resource://devtools/server/actors/utils/sources-manager.js:410:17
_resurrectSource@resource://devtools/server/actors/thread.js:2142:35
addAllSources@resource://devtools/server/actors/thread.js:1474:14
watch@resource://devtools/server/actors/resources/sources.js:78:17
watchResources@resource://devtools/server/actors/resources/index.js:312:19
addSessionDataEntry@resource://devtools/server/actors/targets/session-data-processors/resources.js:11:21
addSessionDataEntry@resource://devtools/server/actors/targets/base-target-actor.js:41:23
_addSessionDataEntry@resource://devtools/server/connectors/js-window-actor/DevToolsFrameChild.sys.mjs:528:24
receiveMessage@resource://devtools/server/connectors/js-window-actor/DevToolsFrameChild.sys.mjs:437:21
Line: 663, column: 0
console.error: ({})
JavaScript error: resource://devtools/shared/DevToolsUtils.js, line 663: Failed to open input source 'file:///'
JavaScript error: resource://devtools/shared/DevToolsUtils.js, line 663: Failed to open input source 'file:///'
JavaScript error: resource://devtools/shared/DevToolsUtils.js, line 663: Failed to open input source 'file:///'
JavaScript error: resource://devtools/shared/DevToolsUtils.js, line 663: Failed to open input source 'file:///'
console.warn: services.settings: Ignoring preference override of remote settings server
console.warn: services.settings: Allow by setting MOZ_REMOTE_SETTINGS_DEVTOOLS=1 in the environment
console.error: (new TypeError("lazy.AsyncShutdown.profileBeforeChange is undefined", "resource://services-settings/Database.jsm", 603))
JavaScript error: resource://gre/modules/AsyncShutdown.sys.mjs, line 576: NotFoundError: No such JSWindowActor 'DevToolsFrame'
JavaScript error: resource://gre/modules/AsyncShutdown.sys.mjs, line 576: NotFoundError: No such JSWindowActor 'DevToolsFrame'
JavaScript error: resource://gre/modules/AsyncShutdown.sys.mjs, line 576: NotFoundError: No such JSWindowActor 'DevToolsFrame'
JavaScript error: resource://gre/modules/AsyncShutdown.sys.mjs, line 576: NotFoundError: No such JSWindowActor 'DevToolsFrame'
JavaScript error: resource://gre/modules/AsyncShutdown.sys.mjs, line 576: NotFoundError: No such JSWindowActor 'DevToolsFrame'
JavaScript error: resource://gre/modules/AsyncShutdown.sys.mjs, line 576: NotFoundError: No such JSWindowActor 'DevToolsFrame'
JavaScript error: resource://gre/modules/AsyncShutdown.sys.mjs, line 576: NotFoundError: No such JSWindowActor 'DevToolsFrame'
JavaScript error: resource://gre/modules/AsyncShutdown.sys.mjs, line 576: NotFoundError: No such JSWindowActor 'DevToolsFrame'
JavaScript error: resource://gre/modules/AsyncShutdown.sys.mjs, line 576: NotFoundError: No such JSWindowActor 'DevToolsFrame'
JavaScript error: resource://gre/modules/AsyncShutdown.sys.mjs, line 576: NotFoundError: No such JSWindowActor 'DevToolsFrame'
1680162401943	Marionette	INFO	Stopped listening on port 57243
Dynamically enable window occlusion 1
[Parent 28868, IPC I/O Parent] WARNING: DuplicateHandle failed for handle 0 in TransferHandles: file /builds/worker/checkouts/gecko/ipc/chromium/src/chrome/common/ipc_channel_win.cc:777
1680162663175	geckodriver	INFO	Listening on 127.0.0.1:57673
1680162666223	mozrunner::runner	INFO	Running command: "C:\\Program Files\\Mozilla Firefox\\firefox.exe" "--marionette" "--remote-debugging-port" "57674" "--remote-allow-hosts" "localhost" "-no-remote" "-profile" "C:\\Users\\JOSEL~1\\AppData\\Local\\Temp\\rust_mozprofilekyv31U"
console.warn: services.settings: Ignoring preference override of remote settings server
console.warn: services.settings: Allow by setting MOZ_REMOTE_SETTINGS_DEVTOOLS=1 in the environment
1680162666520	Marionette	INFO	Marionette enabled
Dynamically enable window occlusion 0
1680162666523	Marionette	INFO	Listening on port 57683
Read port: 57683
WebDriver BiDi listening on ws://127.0.0.1:57674
1680162666653	RemoteAgent	WARN	TLS certificate errors will be ignored for this session
console.warn: SearchSettings: "get: No settings file exists, new profile?" (new NotFoundError("Could not open the file at C:\\Users\\JOSEL~1\\AppData\\Local\\Temp\\rust_mozprofilekyv31U\\search.json.mozlz4", (void 0)))
DevTools listening on ws://127.0.0.1:57674/devtools/browser/10fc5e44-bb47-47d5-b0a2-b6065c048b11
JavaScript warning: https://www.amazon.es/s?k=Davines&i=merchant-items&me=A20JMG3VL3S0SU&__mk_es_ES=%C3%85M%C3%85%C5%BD%C3%95%C3%91&qid=1680079048&ref=sr_pg_1 line 3273 > injectedScript, line 1: WEBGL_debug_renderer_info is deprecated in Firefox and will be removed. Please use RENDERER.
console.warn: LoginRecipes: "Falling back to a synchronous message for: https://www.amazon.es."
1680162683196	Marionette	INFO	Stopped listening on port 57683
Dynamically enable window occlusion 1
WARNING: A blocker encountered an error while we were waiting.
          Blocker:  Waiting for ping task
          Phase: TelemetryController: Waiting for pending ping activity
          State: (none)
WARNING: Error: Phase "profile-before-change" is finished, it is too late to register completion condition "OS.File: flush I/O queued before profileBeforeChange"
WARNING: addBlocker@resource://gre/modules/AsyncShutdown.sys.mjs:727:15
addBlocker@resource://gre/modules/AsyncShutdown.sys.mjs:523:26
addBlocker@resource://gre/modules/AsyncShutdown.sys.mjs:458:15
setupShutdown@resource://gre/modules/osfile/osfile_async_front.jsm:1548:28
@resource://gre/modules/osfile/osfile_async_front.jsm:1568:16
@resource://gre/modules/osfile.jsm:12:30
@resource://gre/modules/TelemetryStorage.sys.mjs:10:28
_checkPendingPings@resource://gre/modules/TelemetrySend.sys.mjs:863:17
setup@resource://gre/modules/TelemetrySend.sys.mjs:803:18
setup@resource://gre/modules/TelemetrySend.sys.mjs:241:30
setupTelemetry/this._delayedInitTask<@resource://gre/modules/TelemetryControllerParent.sys.mjs:828:36
observe@resource://gre/modules/AsyncShutdown.sys.mjs:576:16

console.error: "TelemetryScheduler.shutdown - Already shut down"
WARNING: A blocker encountered an error while we were waiting.
          Blocker:  Waiting for ping task
          Phase: TelemetryController: Waiting for pending ping activity
          State: (none)
WARNING: Error: Phase "profile-before-change" is finished, it is too late to register completion condition "OS.File: flush I/O queued before profileBeforeChange"
WARNING: addBlocker@resource://gre/modules/AsyncShutdown.sys.mjs:727:15
addBlocker@resource://gre/modules/AsyncShutdown.sys.mjs:523:26
addBlocker@resource://gre/modules/AsyncShutdown.sys.mjs:458:15
setupShutdown@resource://gre/modules/osfile/osfile_async_front.jsm:1548:28
@resource://gre/modules/osfile/osfile_async_front.jsm:1568:16
@resource://gre/modules/osfile.jsm:12:30
@resource://gre/modules/TelemetryStorage.sys.mjs:10:28
_checkPendingPings@resource://gre/modules/TelemetrySend.sys.mjs:863:17
setup@resource://gre/modules/TelemetrySend.sys.mjs:803:18
setup@resource://gre/modules/TelemetrySend.sys.mjs:241:30
setupTelemetry/this._delayedInitTask<@resource://gre/modules/TelemetryControllerParent.sys.mjs:828:36
observe@resource://gre/modules/AsyncShutdown.sys.mjs:576:16

WARNING: A blocker encountered an error while we were waiting.
          Blocker:  Waiting for ping task
          Phase: TelemetryController: Waiting for pending ping activity
          State: (none)
WARNING: Error: Phase "profile-before-change" is finished, it is too late to register completion condition "OS.File: flush I/O queued before profileBeforeChange"
WARNING: addBlocker@resource://gre/modules/AsyncShutdown.sys.mjs:727:15
addBlocker@resource://gre/modules/AsyncShutdown.sys.mjs:523:26
addBlocker@resource://gre/modules/AsyncShutdown.sys.mjs:458:15
setupShutdown@resource://gre/modules/osfile/osfile_async_front.jsm:1548:28
@resource://gre/modules/osfile/osfile_async_front.jsm:1568:16
@resource://gre/modules/osfile.jsm:12:30
@resource://gre/modules/TelemetryStorage.sys.mjs:10:28
_checkPendingPings@resource://gre/modules/TelemetrySend.sys.mjs:863:17
setup@resource://gre/modules/TelemetrySend.sys.mjs:803:18
setup@resource://gre/modules/TelemetrySend.sys.mjs:241:30
setupTelemetry/this._delayedInitTask<@resource://gre/modules/TelemetryControllerParent.sys.mjs:828:36
observe@resource://gre/modules/AsyncShutdown.sys.mjs:576:16

WARNING: A blocker encountered an error while we were waiting.
          Blocker:  TelemetryController: shutting down
          Phase: profile-before-change-telemetry
          State: Error getting state: Error: Phase "profile-before-change" is finished, it is too late to register completion condition "OS.File: flush I/O queued before profileBeforeChange" at addBlocker@resource://gre/modules/AsyncShutdown.sys.mjs:727:15
addBlocker@resource://gre/modules/AsyncShutdown.sys.mjs:523:26
addBlocker@resource://gre/modules/AsyncShutdown.sys.mjs:458:15
setupShutdown@resource://gre/modules/osfile/osfile_async_front.jsm:1548:28
@resource://gre/modules/osfile/osfile_async_front.jsm:1568:16
@resource://gre/modules/osfile.jsm:12:30
@resource://gre/modules/TelemetryStorage.sys.mjs:10:28
_checkPendingPings@resource://gre/modules/TelemetrySend.sys.mjs:863:17
setup@resource://gre/modules/TelemetrySend.sys.mjs:803:18
setup@resource://gre/modules/TelemetrySend.sys.mjs:241:30
setupTelemetry/this._delayedInitTask<@resource://gre/modules/TelemetryControllerParent.sys.mjs:828:36
observe@resource://gre/modules/AsyncShutdown.sys.mjs:576:16

WARNING: Error: Phase "profile-before-change" is finished, it is too late to register completion condition "OS.File: flush I/O queued before profileBeforeChange"
WARNING: addBlocker@resource://gre/modules/AsyncShutdown.sys.mjs:727:15
addBlocker@resource://gre/modules/AsyncShutdown.sys.mjs:523:26
addBlocker@resource://gre/modules/AsyncShutdown.sys.mjs:458:15
setupShutdown@resource://gre/modules/osfile/osfile_async_front.jsm:1548:28
@resource://gre/modules/osfile/osfile_async_front.jsm:1568:16
@resource://gre/modules/osfile.jsm:12:30
@resource://gre/modules/TelemetryStorage.sys.mjs:10:28
_checkPendingPings@resource://gre/modules/TelemetrySend.sys.mjs:863:17
setup@resource://gre/modules/TelemetrySend.sys.mjs:803:18
setup@resource://gre/modules/TelemetrySend.sys.mjs:241:30
setupTelemetry/this._delayedInitTask<@resource://gre/modules/TelemetryControllerParent.sys.mjs:828:36
observe@resource://gre/modules/AsyncShutdown.sys.mjs:576:16

JavaScript error: resource://gre/modules/AsyncShutdown.sys.mjs, line 727: Error: Phase "profile-before-change" is finished, it is too late to register completion condition "OS.File: flush I/O queued before profileBeforeChange"
JavaScript error: resource://gre/modules/AsyncShutdown.sys.mjs, line 727: Error: Phase "profile-before-change" is finished, it is too late to register completion condition "OS.File: flush I/O queued before profileBeforeChange"
JavaScript error: resource://gre/modules/AsyncShutdown.sys.mjs, line 727: Error: Phase "profile-before-change" is finished, it is too late to register completion condition "OS.File: flush I/O queued before profileBeforeChange"
JavaScript error: resource://gre/modules/AsyncShutdown.sys.mjs, line 727: Error: Phase "profile-before-change" is finished, it is too late to register completion condition "OS.File: flush I/O queued before profileBeforeChange"
JavaScript error: resource://gre/modules/AsyncShutdown.sys.mjs, line 727: Error: Phase "profile-before-change" is finished, it is too late to register completion condition "OS.File: flush I/O queued before profileBeforeChange"
JavaScript error: resource://gre/modules/AsyncShutdown.sys.mjs, line 727: Error: Phase "profile-before-change" is finished, it is too late to register completion condition "OS.File: flush I/O queued before profileBeforeChange"
1680162811690	geckodriver	INFO	Listening on 127.0.0.1:57842
1680162814734	mozrunner::runner	INFO	Running command: "C:\\Program Files\\Mozilla Firefox\\firefox.exe" "--marionette" "--remote-debugging-port" "57843" "--remote-allow-hosts" "localhost" "-no-remote" "-profile" "C:\\Users\\JOSEL~1\\AppData\\Local\\Temp\\rust_mozprofilegBL6ha"
console.warn: services.settings: Ignoring preference override of remote settings server
console.warn: services.settings: Allow by setting MOZ_REMOTE_SETTINGS_DEVTOOLS=1 in the environment
1680162815009	Marionette	INFO	Marionette enabled
Dynamically enable window occlusion 0
1680162815012	Marionette	INFO	Listening on port 57852
Read port: 57852
WebDriver BiDi listening on ws://127.0.0.1:57843
1680162815129	RemoteAgent	WARN	TLS certificate errors will be ignored for this session
console.warn: SearchSettings: "get: No settings file exists, new profile?" (new NotFoundError("Could not open the file at C:\\Users\\JOSEL~1\\AppData\\Local\\Temp\\rust_mozprofilegBL6ha\\search.json.mozlz4", (void 0)))
DevTools listening on ws://127.0.0.1:57843/devtools/browser/6db6cb90-78e9-4815-8a3e-7d7a608ea14e
JavaScript warning: https://www.amazon.es/s?k=Davines&i=merchant-items&me=A20JMG3VL3S0SU&__mk_es_ES=%C3%85M%C3%85%C5%BD%C3%95%C3%91&qid=1680079048&ref=sr_pg_1 line 3251 > injectedScript, line 1: WEBGL_debug_renderer_info is deprecated in Firefox and will be removed. Please use RENDERER.
console.warn: LoginRecipes: "Falling back to a synchronous message for: https://www.amazon.es."
JavaScript warning: https://www.amazon.es/s?k=Davines&i=merchant-items&me=A20JMG3VL3S0SU&page=2&__mk_es_ES=%C3%85M%C3%85%C5%BD%C3%95%C3%91&qid=1680162817&ref=sr_pg_2 line 3234 > injectedScript, line 1: WEBGL_debug_renderer_info is deprecated in Firefox and will be removed. Please use RENDERER.
JavaScript warning: https://www.amazon.es/s?k=Davines&i=merchant-items&me=A20JMG3VL3S0SU&__mk_es_ES=%C3%85M%C3%85%C5%BD%C3%95%C3%91&qid=1680162822&ref=sr_pg_1 line 3232 > injectedScript, line 1: WEBGL_debug_renderer_info is deprecated in Firefox and will be removed. Please use RENDERER.
JavaScript warning: https://www.amazon.es/s?k=Davines&i=merchant-items&me=A20JMG3VL3S0SU&page=2&__mk_es_ES=%C3%85M%C3%85%C5%BD%C3%95%C3%91&qid=1680162827&ref=sr_pg_2 line 3234 > injectedScript, line 1: WEBGL_debug_renderer_info is deprecated in Firefox and will be removed. Please use RENDERER.
1680163348135	geckodriver	INFO	Listening on 127.0.0.1:58417
1680163351173	mozrunner::runner	INFO	Running command: "C:\\Program Files\\Mozilla Firefox\\firefox.exe" "--marionette" "--remote-debugging-port" "58418" "--remote-allow-hosts" "localhost" "-no-remote" "-profile" "C:\\Users\\JOSEL~1\\AppData\\Local\\Temp\\rust_mozprofileJpcjJR"
console.warn: services.settings: Ignoring preference override of remote settings server
console.warn: services.settings: Allow by setting MOZ_REMOTE_SETTINGS_DEVTOOLS=1 in the environment
1680163351469	Marionette	INFO	Marionette enabled
Dynamically enable window occlusion 0
1680163351473	Marionette	INFO	Listening on port 58427
Read port: 58427
WebDriver BiDi listening on ws://127.0.0.1:58418
1680163351599	RemoteAgent	WARN	TLS certificate errors will be ignored for this session
console.warn: SearchSettings: "get: No settings file exists, new profile?" (new NotFoundError("Could not open the file at C:\\Users\\JOSEL~1\\AppData\\Local\\Temp\\rust_mozprofileJpcjJR\\search.json.mozlz4", (void 0)))
DevTools listening on ws://127.0.0.1:58418/devtools/browser/72c955f6-9c1a-4031-b1b6-7d8be5e249ee
JavaScript warning: https://www.amazon.es/s?k=Davines&i=merchant-items&me=A20JMG3VL3S0SU&__mk_es_ES=%C3%85M%C3%85%C5%BD%C3%95%C3%91&qid=1680079048&ref=sr_pg_1 line 3264 > injectedScript, line 1: WEBGL_debug_renderer_info is deprecated in Firefox and will be removed. Please use RENDERER.
console.warn: LoginRecipes: "Falling back to a synchronous message for: https://www.amazon.es."
JavaScript warning: https://www.amazon.es/s?k=Davines&i=merchant-items&me=A20JMG3VL3S0SU&page=2&__mk_es_ES=%C3%85M%C3%85%C5%BD%C3%95%C3%91&qid=1680163353&ref=sr_pg_1 line 3247 > injectedScript, line 1: WEBGL_debug_renderer_info is deprecated in Firefox and will be removed. Please use RENDERER.
JavaScript warning: https://www.amazon.es/s?k=Davines&i=merchant-items&me=A20JMG3VL3S0SU&page=3&__mk_es_ES=%C3%85M%C3%85%C5%BD%C3%95%C3%91&qid=1680163358&ref=sr_pg_2 line 3247 > injectedScript, line 1: WEBGL_debug_renderer_info is deprecated in Firefox and will be removed. Please use RENDERER.
JavaScript warning: https://www.amazon.es/s?k=Davines&i=merchant-items&me=A20JMG3VL3S0SU&page=4&__mk_es_ES=%C3%85M%C3%85%C5%BD%C3%95%C3%91&qid=1680163364&ref=sr_pg_3 line 3247 > injectedScript, line 1: WEBGL_debug_renderer_info is deprecated in Firefox and will be removed. Please use RENDERER.
JavaScript warning: https://www.amazon.es/s?k=Davines&i=merchant-items&me=A20JMG3VL3S0SU&page=5&__mk_es_ES=%C3%85M%C3%85%C5%BD%C3%95%C3%91&qid=1680163369&ref=sr_pg_4 line 3247 > injectedScript, line 1: WEBGL_debug_renderer_info is deprecated in Firefox and will be removed. Please use RENDERER.
JavaScript warning: https://www.amazon.es/s?k=Davines&i=merchant-items&me=A20JMG3VL3S0SU&page=6&__mk_es_ES=%C3%85M%C3%85%C5%BD%C3%95%C3%91&qid=1680163374&ref=sr_pg_5 line 3247 > injectedScript, line 1: WEBGL_debug_renderer_info is deprecated in Firefox and will be removed. Please use RENDERER.
JavaScript warning: https://www.amazon.es/s?k=Davines&i=merchant-items&me=A20JMG3VL3S0SU&page=7&__mk_es_ES=%C3%85M%C3%85%C5%BD%C3%95%C3%91&qid=1680163380&ref=sr_pg_6 line 3247 > injectedScript, line 1: WEBGL_debug_renderer_info is deprecated in Firefox and will be removed. Please use RENDERER.
JavaScript warning: https://www.amazon.es/s?k=Davines&i=merchant-items&me=A20JMG3VL3S0SU&page=8&__mk_es_ES=%C3%85M%C3%85%C5%BD%C3%95%C3%91&qid=1680163385&ref=sr_pg_7 line 3260 > injectedScript, line 1: WEBGL_debug_renderer_info is deprecated in Firefox and will be removed. Please use RENDERER.
JavaScript warning: https://www.amazon.es/s?k=Davines&i=merchant-items&me=A20JMG3VL3S0SU&page=9&__mk_es_ES=%C3%85M%C3%85%C5%BD%C3%95%C3%91&qid=1680163391&ref=sr_pg_8 line 3247 > injectedScript, line 1: WEBGL_debug_renderer_info is deprecated in Firefox and will be removed. Please use RENDERER.
JavaScript warning: https://www.amazon.es/s?k=Davines&i=merchant-items&me=A20JMG3VL3S0SU&page=10&__mk_es_ES=%C3%85M%C3%85%C5%BD%C3%95%C3%91&qid=1680163396&ref=sr_pg_9 line 3247 > injectedScript, line 1: WEBGL_debug_renderer_info is deprecated in Firefox and will be removed. Please use RENDERER.
JavaScript warning: https://www.amazon.es/s?k=Davines&i=merchant-items&me=A20JMG3VL3S0SU&page=11&__mk_es_ES=%C3%85M%C3%85%C5%BD%C3%95%C3%91&qid=1680163402&ref=sr_pg_10 line 3260 > injectedScript, line 1: WEBGL_debug_renderer_info is deprecated in Firefox and will be removed. Please use RENDERER.
JavaScript warning: https://www.amazon.es/s?k=Davines&i=merchant-items&me=A20JMG3VL3S0SU&page=12&__mk_es_ES=%C3%85M%C3%85%C5%BD%C3%95%C3%91&qid=1680163407&ref=sr_pg_11 line 3247 > injectedScript, line 1: WEBGL_debug_renderer_info is deprecated in Firefox and will be removed. Please use RENDERER.
JavaScript warning: https://www.amazon.es/s?k=Davines&i=merchant-items&me=A20JMG3VL3S0SU&page=13&__mk_es_ES=%C3%85M%C3%85%C5%BD%C3%95%C3%91&qid=1680163412&ref=sr_pg_12 line 3247 > injectedScript, line 1: WEBGL_debug_renderer_info is deprecated in Firefox and will be removed. Please use RENDERER.
JavaScript warning: https://www.amazon.es/s?k=Davines&i=merchant-items&me=A20JMG3VL3S0SU&page=14&__mk_es_ES=%C3%85M%C3%85%C5%BD%C3%95%C3%91&qid=1680163418&ref=sr_pg_13 line 3260 > injectedScript, line 1: WEBGL_debug_renderer_info is deprecated in Firefox and will be removed. Please use RENDERER.
JavaScript warning: https://www.amazon.es/s?k=Davines&i=merchant-items&me=A20JMG3VL3S0SU&page=15&__mk_es_ES=%C3%85M%C3%85%C5%BD%C3%95%C3%91&qid=1680163423&ref=sr_pg_14 line 3135 > injectedScript, line 1: WEBGL_debug_renderer_info is deprecated in Firefox and will be removed. Please use RENDERER.
JavaScript warning: https://pagead2.googlesyndication.com/bg/hMk8RYfShm1WO-i6nufLdZfHD_Dal5FkV6wggQWjY74.js line 2 > eval line 2450 > eval line 1 > eval line 1 > eval, line 1: WEBGL_debug_renderer_info is deprecated in Firefox and will be removed. Please use RENDERER.
1680164761190	Marionette	INFO	Stopped listening on port 58427
Dynamically enable window occlusion 1
JavaScript error: , line 0: TypeError: NetworkError when attempting to fetch resource.
ebugging-port" "58838" "--remote-allow-hosts" "localhost" "-no-remote" "-profile" "C:\\Users\\JOSEL~1\\AppData\\Local\\Temp\\rust_mozprofileOX2b08"
console.warn: services.settings: Ignoring preference override of remote settings server
console.warn: services.settings: Allow by setting MOZ_REMOTE_SETTINGS_DEVTOOLS=1 in the environment
1680163581925	Marionette	INFO	Marionette enabled
Dynamically enable window occlusion 0
1680163581929	Marionette	INFO	Listening on port 58848
Read port: 58848
WebDriver BiDi listening on ws://127.0.0.1:58838
1680163582046	RemoteAgent	WARN	TLS certificate errors will be ignored for this session
console.warn: SearchSettings: "get: No settings file exists, new profile?" (new NotFoundError("Could not open the file at C:\\Users\\JOSEL~1\\AppData\\Local\\Temp\\rust_mozprofileOX2b08\\search.json.mozlz4", (void 0)))
DevTools listening on ws://127.0.0.1:58838/devtools/browser/6eeeefd4-6574-4f18-933f-b38b1d636131
JavaScript warning: https://www.amazon.es/s?k=Davines&i=merchant-items&me=A20JMG3VL3S0SU&__mk_es_ES=%C3%85M%C3%85%C5%BD%C3%95%C3%91&qid=1680079048&ref=sr_pg_1 line 3503 > injectedScript, line 1: WEBGL_debug_renderer_info is deprecated in Firefox and will be removed. Please use RENDERER.
console.warn: LoginRecipes: "Falling back to a synchronous message for: https://www.amazon.es."
JavaScript warning: https://www.amazon.es/s?k=Davines&i=merchant-items&me=A20JMG3VL3S0SU&page=2&__mk_es_ES=%C3%85M%C3%85%C5%BD%C3%95%C3%91&qid=1680163584&ref=sr_pg_1 line 3261 > injectedScript, line 1: WEBGL_debug_renderer_info is deprecated in Firefox and will be removed. Please use RENDERER.
JavaScript warning: https://www.amazon.es/s?k=Davines&i=merchant-items&me=A20JMG3VL3S0SU&page=3&__mk_es_ES=%C3%85M%C3%85%C5%BD%C3%95%C3%91&qid=1680163589&ref=sr_pg_2 line 3261 > injectedScript, line 1: WEBGL_debug_renderer_info is deprecated in Firefox and will be removed. Please use RENDERER.
JavaScript warning: https://www.amazon.es/s?k=Davines&i=merchant-items&me=A20JMG3VL3S0SU&page=4&__mk_es_ES=%C3%85M%C3%85%C5%BD%C3%95%C3%91&qid=1680163594&ref=sr_pg_3 line 3261 > injectedScript, line 1: WEBGL_debug_renderer_info is deprecated in Firefox and will be removed. Please use RENDERER.
JavaScript warning: https://www.amazon.es/s?k=Davines&i=merchant-items&me=A20JMG3VL3S0SU&page=5&__mk_es_ES=%C3%85M%C3%85%C5%BD%C3%95%C3%91&qid=1680163599&ref=sr_pg_4 line 3261 > injectedScript, line 1: WEBGL_debug_renderer_info is deprecated in Firefox and will be removed. Please use RENDERER.
JavaScript warning: https://www.amazon.es/s?k=Davines&i=merchant-items&me=A20JMG3VL3S0SU&page=6&__mk_es_ES=%C3%85M%C3%85%C5%BD%C3%95%C3%91&qid=1680163605&ref=sr_pg_5 line 3274 > injectedScript, line 1: WEBGL_debug_renderer_info is deprecated in Firefox and will be removed. Please use RENDERER.
JavaScript warning: https://www.amazon.es/s?k=Davines&i=merchant-items&me=A20JMG3VL3S0SU&page=7&__mk_es_ES=%C3%85M%C3%85%C5%BD%C3%95%C3%91&qid=1680163610&ref=sr_pg_6 line 3261 > injectedScript, line 1: WEBGL_debug_renderer_info is deprecated in Firefox and will be removed. Please use RENDERER.
JavaScript warning: https://www.amazon.es/s?k=Davines&i=merchant-items&me=A20JMG3VL3S0SU&page=8&__mk_es_ES=%C3%85M%C3%85%C5%BD%C3%95%C3%91&qid=1680163615&ref=sr_pg_7 line 3261 > injectedScript, line 1: WEBGL_debug_renderer_info is deprecated in Firefox and will be removed. Please use RENDERER.
JavaScript warning: https://www.amazon.es/s?k=Davines&i=merchant-items&me=A20JMG3VL3S0SU&page=9&__mk_es_ES=%C3%85M%C3%85%C5%BD%C3%95%C3%91&qid=1680163621&ref=sr_pg_8 line 3261 > injectedScript, line 1: WEBGL_debug_renderer_info is deprecated in Firefox and will be removed. Please use RENDERER.
JavaScript warning: https://www.amazon.es/s?k=Davines&i=merchant-items&me=A20JMG3VL3S0SU&page=10&__mk_es_ES=%C3%85M%C3%85%C5%BD%C3%95%C3%91&qid=1680163626&ref=sr_pg_9 line 3261 > injectedScript, line 1: WEBGL_debug_renderer_info is deprecated in Firefox and will be removed. Please use RENDERER.
JavaScript warning: https://www.amazon.es/s?k=Davines&i=merchant-items&me=A20JMG3VL3S0SU&page=11&__mk_es_ES=%C3%85M%C3%85%C5%BD%C3%95%C3%91&qid=1680163632&ref=sr_pg_10 line 3274 > injectedScript, line 1: WEBGL_debug_renderer_info is deprecated in Firefox and will be removed. Please use RENDERER.
JavaScript warning: https://www.amazon.es/s?k=Davines&i=merchant-items&me=A20JMG3VL3S0SU&page=12&__mk_es_ES=%C3%85M%C3%85%C5%BD%C3%95%C3%91&qid=1680163637&ref=sr_pg_11 line 3261 > injectedScript, line 1: WEBGL_debug_renderer_info is deprecated in Firefox and will be removed. Please use RENDERER.
JavaScript warning: https://www.amazon.es/s?k=Davines&i=merchant-items&me=A20JMG3VL3S0SU&page=13&__mk_es_ES=%C3%85M%C3%85%C5%BD%C3%95%C3%91&qid=1680163642&ref=sr_pg_12 line 3274 > injectedScript, line 1: WEBGL_debug_renderer_info is deprecated in Firefox and will be removed. Please use RENDERER.
JavaScript warning: https://www.amazon.es/s?k=Davines&i=merchant-items&me=A20JMG3VL3S0SU&page=14&__mk_es_ES=%C3%85M%C3%85%C5%BD%C3%95%C3%91&qid=1680163648&ref=sr_pg_13 line 3261 > injectedScript, line 1: WEBGL_debug_renderer_info is deprecated in Firefox and will be removed. Please use RENDERER.
JavaScript warning: https://pagead2.googlesyndication.com/bg/hMk8RYfShm1WO-i6nufLdZfHD_Dal5FkV6wggQWjY74.js line 2 > eval line 6325 > eval line 1 > eval line 1 > eval, line 1: WEBGL_debug_renderer_info is deprecated in Firefox and will be removed. Please use RENDERER.
JavaScript error: , line 0: TypeError: NetworkError when attempting to fetch resource.
JavaScript warning: https://www.amazon.es/s?k=Davines&i=merchant-items&me=A20JMG3VL3S0SU&page=15&__mk_es_ES=%C3%85M%C3%85%C5%BD%C3%95%C3%91&qid=1680163653&ref=sr_pg_14 line 3149 > injectedScript, line 1: WEBGL_debug_renderer_info is deprecated in Firefox and will be removed. Please use RENDERER.
JavaScript warning: https://pagead2.googlesyndication.com/bg/hMk8RYfShm1WO-i6nufLdZfHD_Dal5FkV6wggQWjY74.js line 2 > eval line 7531 > eval line 1 > eval line 1 > eval, line 1: WEBGL_debug_renderer_info is deprecated in Firefox and will be removed. Please use RENDERER.
JavaScript warning: https://m.media-amazon.com/images/I/81Fol+Q3zrL.js?AUIClients/FWCIMAssets, line 298: WEBGL_debug_renderer_info is deprecated in Firefox and will be removed. Please use RENDERER.
1680164652478	Marionette	INFO	Stopped listening on port 58848
Dynamically enable window occlusion 1
JavaScript error: , line 0: TypeError: NetworkError when attempting to fetch resource.
1680165540269	geckodriver	INFO	Listening on 127.0.0.1:60907
1680165543323	mozrunner::runner	INFO	Running command: "C:\\Program Files\\Mozilla Firefox\\firefox.exe" "--marionette" "--remote-debugging-port" "60908" "--remote-allow-hosts" "localhost" "-no-remote" "-profile" "C:\\Users\\JOSEL~1\\AppData\\Local\\Temp\\rust_mozprofileCkzpNv"
console.warn: services.settings: Ignoring preference override of remote settings server
console.warn: services.settings: Allow by setting MOZ_REMOTE_SETTINGS_DEVTOOLS=1 in the environment
1680165543607	Marionette	INFO	Marionette enabled
Dynamically enable window occlusion 0
1680165543610	Marionette	INFO	Listening on port 60916
Read port: 60916
WebDriver BiDi listening on ws://127.0.0.1:60908
1680165543732	RemoteAgent	WARN	TLS certificate errors will be ignored for this session
console.warn: SearchSettings: "get: No settings file exists, new profile?" (new NotFoundError("Could not open the file at C:\\Users\\JOSEL~1\\AppData\\Local\\Temp\\rust_mozprofileCkzpNv\\search.json.mozlz4", (void 0)))
DevTools listening on ws://127.0.0.1:60908/devtools/browser/71eebad1-8a95-42bf-8704-4bd74215b2a0
JavaScript warning: https://www.amazon.es/s?k=davines&i=merchant-items&me=A1XXL66418R4KD&__mk_es_ES=%C3%85M%C3%85%C5%BD%C3%95%C3%91&qid=1680165461&ref=sr_pg_1 line 3424 > injectedScript, line 1: WEBGL_debug_renderer_info is deprecated in Firefox and will be removed. Please use RENDERER.
console.warn: LoginRecipes: "Falling back to a synchronous message for: https://www.amazon.es."
JavaScript warning: https://www.amazon.es/s?k=davines&i=merchant-items&me=A1XXL66418R4KD&page=2&__mk_es_ES=%C3%85M%C3%85%C5%BD%C3%95%C3%91&qid=1680165546&ref=sr_pg_1 line 3420 > injectedScript, line 1: WEBGL_debug_renderer_info is deprecated in Firefox and will be removed. Please use RENDERER.
JavaScript warning: https://www.amazon.es/s?k=davines&i=merchant-items&me=A1XXL66418R4KD&page=3&__mk_es_ES=%C3%85M%C3%85%C5%BD%C3%95%C3%91&qid=1680165551&ref=sr_pg_2 line 3420 > injectedScript, line 1: WEBGL_debug_renderer_info is deprecated in Firefox and will be removed. Please use RENDERER.
JavaScript warning: https://www.amazon.es/s?k=davines&i=merchant-items&me=A1XXL66418R4KD&page=4&__mk_es_ES=%C3%85M%C3%85%C5%BD%C3%95%C3%91&qid=1680165556&ref=sr_pg_3 line 3420 > injectedScript, line 1: WEBGL_debug_renderer_info is deprecated in Firefox and will be removed. Please use RENDERER.
JavaScript warning: https://www.amazon.es/s?k=davines&i=merchant-items&me=A1XXL66418R4KD&page=5&__mk_es_ES=%C3%85M%C3%85%C5%BD%C3%95%C3%91&qid=1680165561&ref=sr_pg_4 line 3433 > injectedScript, line 1: WEBGL_debug_renderer_info is deprecated in Firefox and will be removed. Please use RENDERER.
JavaScript warning: https://www.amazon.es/s?k=davines&i=merchant-items&me=A1XXL66418R4KD&page=6&__mk_es_ES=%C3%85M%C3%85%C5%BD%C3%95%C3%91&qid=1680165566&ref=sr_pg_5 line 3420 > injectedScript, line 1: WEBGL_debug_renderer_info is deprecated in Firefox and will be removed. Please use RENDERER.
JavaScript warning: https://www.amazon.es/s?k=davines&i=merchant-items&me=A1XXL66418R4KD&page=7&__mk_es_ES=%C3%85M%C3%85%C5%BD%C3%95%C3%91&qid=1680165571&ref=sr_pg_6 line 3420 > injectedScript, line 1: WEBGL_debug_renderer_info is deprecated in Firefox and will be removed. Please use RENDERER.
JavaScript warning: https://www.amazon.es/s?k=davines&i=merchant-items&me=A1XXL66418R4KD&page=8&__mk_es_ES=%C3%85M%C3%85%C5%BD%C3%95%C3%91&qid=1680165577&ref=sr_pg_7 line 3420 > injectedScript, line 1: WEBGL_debug_renderer_info is deprecated in Firefox and will be removed. Please use RENDERER.
JavaScript warning: https://www.amazon.es/s?k=davines&i=merchant-items&me=A1XXL66418R4KD&page=9&__mk_es_ES=%C3%85M%C3%85%C5%BD%C3%95%C3%91&qid=1680165582&ref=sr_pg_8 line 3433 > injectedScript, line 1: WEBGL_debug_renderer_info is deprecated in Firefox and will be removed. Please use RENDERER.
JavaScript warning: https://www.amazon.es/s?k=davines&i=merchant-items&me=A1XXL66418R4KD&page=10&__mk_es_ES=%C3%85M%C3%85%C5%BD%C3%95%C3%91&qid=1680165587&ref=sr_pg_9 line 3420 > injectedScript, line 1: WEBGL_debug_renderer_info is deprecated in Firefox and will be removed. Please use RENDERER.
JavaScript warning: https://www.amazon.es/s?k=davines&i=merchant-items&me=A1XXL66418R4KD&page=11&__mk_es_ES=%C3%85M%C3%85%C5%BD%C3%95%C3%91&qid=1680165592&ref=sr_pg_10 line 3420 > injectedScript, line 1: WEBGL_debug_renderer_info is deprecated in Firefox and will be removed. Please use RENDERER.
JavaScript warning: https://www.amazon.es/s?k=davines&i=merchant-items&me=A1XXL66418R4KD&page=12&__mk_es_ES=%C3%85M%C3%85%C5%BD%C3%95%C3%91&qid=1680165598&ref=sr_pg_11 line 3420 > injectedScript, line 1: WEBGL_debug_renderer_info is deprecated in Firefox and will be removed. Please use RENDERER.
JavaScript warning: https://www.amazon.es/s?k=davines&i=merchant-items&me=A1XXL66418R4KD&page=13&__mk_es_ES=%C3%85M%C3%85%C5%BD%C3%95%C3%91&qid=1680165603&ref=sr_pg_12 line 3109 > injectedScript, line 1: WEBGL_debug_renderer_info is deprecated in Firefox and will be removed. Please use RENDERER.
1680166960308	Marionette	INFO	Stopped listening on port 60916
Dynamically enable window occlusion 1
1680169407745	geckodriver	INFO	Listening on 127.0.0.1:62607
1680169410802	mozrunner::runner	INFO	Running command: "C:\\Program Files\\Mozilla Firefox\\firefox.exe" "--marionette" "--remote-debugging-port" "62608" "--remote-allow-hosts" "localhost" "-no-remote" "-profile" "C:\\Users\\JOSEL~1\\AppData\\Local\\Temp\\rust_mozprofileu1mZKL"
console.warn: services.settings: Ignoring preference override of remote settings server
console.warn: services.settings: Allow by setting MOZ_REMOTE_SETTINGS_DEVTOOLS=1 in the environment
1680169411077	Marionette	INFO	Marionette enabled
Dynamically enable window occlusion 0
1680169411080	Marionette	INFO	Listening on port 62616
Read port: 62616
WebDriver BiDi listening on ws://127.0.0.1:62608
1680169411194	RemoteAgent	WARN	TLS certificate errors will be ignored for this session
console.warn: SearchSettings: "get: No settings file exists, new profile?" (new NotFoundError("Could not open the file at C:\\Users\\JOSEL~1\\AppData\\Local\\Temp\\rust_mozprofileu1mZKL\\search.json.mozlz4", (void 0)))
DevTools listening on ws://127.0.0.1:62608/devtools/browser/bea884f6-5143-4fbd-bea5-8bce03fc7e4f
JavaScript warning: http://ajax.googleapis.com/ajax/libs/jquery/1.9.1/jquery.min.js, line 2: Using //@ to indicate sourceMappingURL pragmas is deprecated. Use //# instead
1680169437940	geckodriver	INFO	Listening on 127.0.0.1:62660
1680169440974	mozrunner::runner	INFO	Running command: "C:\\Program Files\\Mozilla Firefox\\firefox.exe" "--marionette" "--remote-debugging-port" "62661" "--remote-allow-hosts" "localhost" "-no-remote" "-profile" "C:\\Users\\JOSEL~1\\AppData\\Local\\Temp\\rust_mozprofileNnDGVs"
console.warn: services.settings: Ignoring preference override of remote settings server
console.warn: services.settings: Allow by setting MOZ_REMOTE_SETTINGS_DEVTOOLS=1 in the environment
1680169441235	Marionette	INFO	Marionette enabled
Dynamically enable window occlusion 0
1680169441239	Marionette	INFO	Listening on port 62670
Read port: 62670
WebDriver BiDi listening on ws://127.0.0.1:62661
1680169441353	RemoteAgent	WARN	TLS certificate errors will be ignored for this session
console.warn: SearchSettings: "get: No settings file exists, new profile?" (new NotFoundError("Could not open the file at C:\\Users\\JOSEL~1\\AppData\\Local\\Temp\\rust_mozprofileNnDGVs\\search.json.mozlz4", (void 0)))
DevTools listening on ws://127.0.0.1:62661/devtools/browser/4c286c45-0fbe-4e64-83b3-3337bcb80d3a
JavaScript warning: http://ajax.googleapis.com/ajax/libs/jquery/1.9.1/jquery.min.js, line 2: Using //@ to indicate sourceMappingURL pragmas is deprecated. Use //# instead
JavaScript warning: http://ajax.googleapis.com/ajax/libs/jquery/1.9.1/jquery.min.js, line 2: Using //@ to indicate sourceMappingURL pragmas is deprecated. Use //# instead
JavaScript warning: http://ajax.googleapis.com/ajax/libs/jquery/1.9.1/jquery.min.js, line 2: Using //@ to indicate sourceMappingURL pragmas is deprecated. Use //# instead
JavaScript warning: http://ajax.googleapis.com/ajax/libs/jquery/1.9.1/jquery.min.js, line 2: Using //@ to indicate sourceMappingURL pragmas is deprecated. Use //# instead
