1681760351432	geckodriver	INFO	Listening on 127.0.0.1:58531
1681760354453	mozrunner::runner	INFO	Running command: "C:\\Program Files\\Mozilla Firefox\\firefox.exe" "--marionette" "--remote-debugging-port" "58532" "--remote-allow-hosts" "localhost" "-no-remote" "-profile" "C:\\Users\\JOSEL~1\\AppData\\Local\\Temp\\rust_mozprofilepQlsHf"
console.warn: services.settings: Ignoring preference override of remote settings server
console.warn: services.settings: Allow by setting MOZ_REMOTE_SETTINGS_DEVTOOLS=1 in the environment
1681760354870	Marionette	INFO	Marionette enabled
Dynamically enable window occlusion 0
1681760354874	Marionette	INFO	Listening on port 58541
WebDriver BiDi listening on ws://127.0.0.1:58532
Read port: 58541
1681760355120	RemoteAgent	WARN	TLS certificate errors will be ignored for this session
console.warn: SearchSettings: "get: No settings file exists, new profile?" (new NotFoundError("Could not open the file at C:\\Users\\JOSEL~1\\AppData\\Local\\Temp\\rust_mozprofilepQlsHf\\search.json.mozlz4", (void 0)))
DevTools listening on ws://127.0.0.1:58532/devtools/browser/fd834902-2156-4210-bf0d-218bdd4e64f8
JavaScript warning: https://www.amazon.es/s?k=davines&i=merchant-items&me=A1XXL66418R4KD&__mk_es_ES=%C3%85M%C3%85%C5%BD%C3%95%C3%91&qid=1680165461&ref=sr_pg_1 line 3424 > injectedScript, line 1: WEBGL_debug_renderer_info is deprecated in Firefox and will be removed. Please use RENDERER.
console.warn: LoginRecipes: "Falling back to a synchronous message for: https://www.amazon.es."
console.warn: LoginRecipes: "Falling back to a synchronous message for: https://www.amazon.es."
JavaScript warning: https://www.amazon.es/Davines-More-Inside-Building-Serum/dp/B00GCCQ3DI/ref=sr_1_1?__mk_es_ES=%C3%85M%C3%85%C5%BD%C3%95%C3%91&keywords=davines&m=A1XXL66418R4KD&qid=1681760357&s=merchant-items&sr=1-1 line 10178 > injectedScript, line 1: WEBGL_debug_renderer_info is deprecated in Firefox and will be removed. Please use RENDERER.
JavaScript warning: https://www.amazon.es/s?k=davines&i=merchant-items&me=A1XXL66418R4KD&page=2&__mk_es_ES=%C3%85M%C3%85%C5%BD%C3%95%C3%91&qid=1681760357&ref=sr_pg_1 line 3419 > injectedScript, line 1: WEBGL_debug_renderer_info is deprecated in Firefox and will be removed. Please use RENDERER.
1681760365169	Marionette	WARN	Ignoring event 'DOMContentLoaded' because document has an invalid readyState of 'complete'.
JavaScript warning: https://www.amazon.es/davines-nourishing-naturaltech-shampoo-250/dp/B07XT173PR/ref=sr_1_16?__mk_es_ES=%C3%85M%C3%85%C5%BD%C3%95%C3%91&keywords=davines&m=A1XXL66418R4KD&qid=1681760357&s=merchant-items&sr=1-16 line 9560 > injectedScript, line 1: WEBGL_debug_renderer_info is deprecated in Firefox and will be removed. Please use RENDERER.
JavaScript warning: https://www.amazon.es/Davines-Dede-Delicate-Champ%C3%BA-250/dp/B0165GY9VI/ref=sr_1_15?__mk_es_ES=%C3%85M%C3%85%C5%BD%C3%95%C3%91&keywords=davines&m=A1XXL66418R4KD&qid=1681760357&s=merchant-items&sr=1-15 line 8385 > injectedScript, line 1: WEBGL_debug_renderer_info is deprecated in Firefox and will be removed. Please use RENDERER.
JavaScript warning: https://www.amazon.es/Davines-Rebalancing-shampoo-69230-Champ%C3%BA/dp/B0073FTCJU/ref=sr_1_14?__mk_es_ES=%C3%85M%C3%85%C5%BD%C3%95%C3%91&keywords=davines&m=A1XXL66418R4KD&qid=1681760357&s=merchant-items&sr=1-14 line 8599 > injectedScript, line 1: WEBGL_debug_renderer_info is deprecated in Firefox and will be removed. Please use RENDERER.
JavaScript warning: https://www.amazon.es/s?k=davines&i=merchant-items&me=A1XXL66418R4KD&page=3&__mk_es_ES=%C3%85M%C3%85%C5%BD%C3%95%C3%91&qid=1681760364&ref=sr_pg_2 line 3419 > injectedScript, line 1: WEBGL_debug_renderer_info is deprecated in Firefox and will be removed. Please use RENDERER.
1681760379418	Marionette	WARN	Ignoring event 'DOMContentLoaded' because document has an invalid readyState of 'complete'.
JavaScript warning: https://www.amazon.es/Davines-Solu-Clarifying-Champ%C3%BA-250/dp/B00OOUF48K/ref=sr_1_32?__mk_es_ES=%C3%85M%C3%85%C5%BD%C3%95%C3%91&keywords=davines&m=A1XXL66418R4KD&qid=1681760364&s=merchant-items&sr=1-32 line 8480 > injectedScript, line 1: WEBGL_debug_renderer_info is deprecated in Firefox and will be removed. Please use RENDERER.
JavaScript warning: https://www.amazon.es/Davines-alchemic-system-conditioner-silver/dp/B075PMGKVT/ref=sr_1_31?__mk_es_ES=%C3%85M%C3%85%C5%BD%C3%95%C3%91&keywords=davines&m=A1XXL66418R4KD&qid=1681760364&s=merchant-items&sr=1-31 line 9586 > injectedScript, line 1: WEBGL_debug_renderer_info is deprecated in Firefox and will be removed. Please use RENDERER.
JavaScript warning: https://www.amazon.es/Davines-Eh-Melu-Acondicionador-250/dp/B003083ZW4/ref=sr_1_30?__mk_es_ES=%C3%85M%C3%85%C5%BD%C3%95%C3%91&keywords=davines&m=A1XXL66418R4KD&qid=1681760364&s=merchant-items&sr=1-30 line 8342 > injectedScript, line 1: WEBGL_debug_renderer_info is deprecated in Firefox and will be removed. Please use RENDERER.
JavaScript warning: https://www.amazon.es/Davines-Naturaltech-Nourishing-Shampoo-1000ml/dp/B07ZL6B5SS/ref=sr_1_33?__mk_es_ES=%C3%85M%C3%85%C5%BD%C3%95%C3%91&keywords=davines&m=A1XXL66418R4KD&qid=1681760378&s=merchant-items&sr=1-33 line 9962 > injectedScript, line 1: WEBGL_debug_renderer_info is deprecated in Firefox and will be removed. Please use RENDERER.
JavaScript warning: https://www.amazon.es/s?k=davines&i=merchant-items&me=A1XXL66418R4KD&page=4&__mk_es_ES=%C3%85M%C3%85%C5%BD%C3%95%C3%91&qid=1681760378&ref=sr_pg_3 line 3419 > injectedScript, line 1: WEBGL_debug_renderer_info is deprecated in Firefox and will be removed. Please use RENDERER.
JavaScript warning: https://www.amazon.es/Davines-Naturaltech-Energizing-Thickening-Tonic/dp/B09BK9P1PL/ref=sr_1_48?__mk_es_ES=%C3%85M%C3%85%C5%BD%C3%95%C3%91&keywords=davines&m=A1XXL66418R4KD&qid=1681760378&s=merchant-items&sr=1-48 line 9005 > injectedScript, line 1: WEBGL_debug_renderer_info is deprecated in Firefox and will be removed. Please use RENDERER.
JavaScript warning: https://www.amazon.es/Davines-Momo-Moisturizing-Acondicionador-250/dp/B00OKRAPP4/ref=sr_1_47?__mk_es_ES=%C3%85M%C3%85%C5%BD%C3%95%C3%91&keywords=davines&m=A1XXL66418R4KD&qid=1681760378&s=merchant-items&sr=1-47 line 9394 > injectedScript, line 1: WEBGL_debug_renderer_info is deprecated in Firefox and will be removed. Please use RENDERER.
JavaScript warning: https://www.amazon.es/Davines-Eh-Melu-Champ%C3%BA-250/dp/B00OOUSJ0A/ref=sr_1_46?__mk_es_ES=%C3%85M%C3%85%C5%BD%C3%95%C3%91&keywords=davines&m=A1XXL66418R4KD&qid=1681760378&s=merchant-items&sr=1-46 line 9910 > injectedScript, line 1: WEBGL_debug_renderer_info is deprecated in Firefox and will be removed. Please use RENDERER.
JavaScript warning: https://www.amazon.es/Davines-Natural-Renewing-Shampoo-1000ml/dp/B07CWLKDQ9/ref=sr_1_49?__mk_es_ES=%C3%85M%C3%85%C5%BD%C3%95%C3%91&keywords=davines&m=A1XXL66418R4KD&qid=1681760396&s=merchant-items&sr=1-49 line 9440 > injectedScript, line 1: WEBGL_debug_renderer_info is deprecated in Firefox and will be removed. Please use RENDERER.
JavaScript warning: https://www.amazon.es/s?k=davines&i=merchant-items&me=A1XXL66418R4KD&page=5&__mk_es_ES=%C3%85M%C3%85%C5%BD%C3%95%C3%91&qid=1681760396&ref=sr_pg_4 line 3419 > injectedScript, line 1: WEBGL_debug_renderer_info is deprecated in Firefox and will be removed. Please use RENDERER.
JavaScript warning: https://www.amazon.es/Davines-Eh-Ol-Acondicionador-1000/dp/B00HUEI70O/ref=sr_1_64?__mk_es_ES=%C3%85M%C3%85%C5%BD%C3%95%C3%91&keywords=davines&m=A1XXL66418R4KD&qid=1681760396&s=merchant-items&sr=1-64 line 7601 > injectedScript, line 1: WEBGL_debug_renderer_info is deprecated in Firefox and will be removed. Please use RENDERER.
JavaScript warning: https://www.amazon.es/Davines-Concentrado-para-El-Cabello/dp/B00GTW4TQE/ref=sr_1_63?__mk_es_ES=%C3%85M%C3%85%C5%BD%C3%95%C3%91&keywords=davines&m=A1XXL66418R4KD&qid=1681760396&s=merchant-items&sr=1-63 line 7894 > injectedScript, line 1: WEBGL_debug_renderer_info is deprecated in Firefox and will be removed. Please use RENDERER.
[Parent 16800, IPC I/O Parent] WARNING: DuplicateHandle failed for handle 0 in TransferHandles: file /builds/worker/checkouts/gecko/ipc/chromium/src/chrome/common/ipc_channel_win.cc:777
JavaScript warning: https://www.amazon.es/Davines-Alchemic-Shampoo-Natural-Coloured/dp/B075PLPVWF/ref=sr_1_62?__mk_es_ES=%C3%85M%C3%85%C5%BD%C3%95%C3%91&keywords=davines&m=A1XXL66418R4KD&qid=1681760396&s=merchant-items&sr=1-62 line 9208 > injectedScript, line 1: WEBGL_debug_renderer_info is deprecated in Firefox and will be removed. Please use RENDERER.
JavaScript warning: https://www.amazon.es/Davines-This-Curl-Gel-250ml/dp/B09ZQ46S8C/ref=sr_1_65?__mk_es_ES=%C3%85M%C3%85%C5%BD%C3%95%C3%91&keywords=davines&m=A1XXL66418R4KD&qid=1681760415&s=merchant-items&sr=1-65 line 8838 > injectedScript, line 1: WEBGL_debug_renderer_info is deprecated in Firefox and will be removed. Please use RENDERER.
JavaScript warning: https://www.amazon.es/s?k=davines&i=merchant-items&me=A1XXL66418R4KD&page=6&__mk_es_ES=%C3%85M%C3%85%C5%BD%C3%95%C3%91&qid=1681760415&ref=sr_pg_5 line 3419 > injectedScript, line 1: WEBGL_debug_renderer_info is deprecated in Firefox and will be removed. Please use RENDERER.
1681760433821	Marionette	WARN	Ignoring event 'DOMContentLoaded' because document has an invalid readyState of 'complete'.
JavaScript warning: https://www.amazon.es/Davines-Delicate-Ritual-Shampoo-1000ml/dp/B000TKB24E/ref=sr_1_80?__mk_es_ES=%C3%85M%C3%85%C5%BD%C3%95%C3%91&keywords=davines&m=A1XXL66418R4KD&qid=1681760415&s=merchant-items&sr=1-80 line 8571 > injectedScript, line 1: WEBGL_debug_renderer_info is deprecated in Firefox and will be removed. Please use RENDERER.
JavaScript warning: https://www.amazon.es/Davines-Love-Smooth-Champ%C3%BA-1000/dp/B07DRPLL7S/ref=sr_1_79?__mk_es_ES=%C3%85M%C3%85%C5%BD%C3%95%C3%91&keywords=davines&m=A1XXL66418R4KD&qid=1681760415&s=merchant-items&sr=1-79 line 8689 > injectedScript, line 1: WEBGL_debug_renderer_info is deprecated in Firefox and will be removed. Please use RENDERER.
JavaScript warning: https://www.amazon.es/Davines-Alchemic-Conditioner-Tobacco-Coloured/dp/B0769LK1P1/ref=sr_1_78?__mk_es_ES=%C3%85M%C3%85%C5%BD%C3%95%C3%91&keywords=davines&m=A1XXL66418R4KD&qid=1681760415&s=merchant-items&sr=1-78 line 8983 > injectedScript, line 1: WEBGL_debug_renderer_info is deprecated in Firefox and will be removed. Please use RENDERER.
JavaScript warning: https://www.amazon.es/Davines-Alchemic-Shampoo-Natural-Coloured/dp/B075PDHQLS/ref=sr_1_77?__mk_es_ES=%C3%85M%C3%85%C5%BD%C3%95%C3%91&keywords=davines&m=A1XXL66418R4KD&qid=1681760415&s=merchant-items&sr=1-77 line 9085 > injectedScript, line 1: WEBGL_debug_renderer_info is deprecated in Firefox and will be removed. Please use RENDERER.
JavaScript warning: https://www.amazon.es/Davines-Dede-Delicate-Acondicionador-250/dp/B00OKRSQQY/ref=sr_1_81?__mk_es_ES=%C3%85M%C3%85%C5%BD%C3%95%C3%91&keywords=davines&m=A1XXL66418R4KD&qid=1681760432&s=merchant-items&sr=1-81 line 7964 > injectedScript, line 1: WEBGL_debug_renderer_info is deprecated in Firefox and will be removed. Please use RENDERER.
JavaScript warning: https://www.amazon.es/s?k=davines&i=merchant-items&me=A1XXL66418R4KD&page=7&__mk_es_ES=%C3%85M%C3%85%C5%BD%C3%95%C3%91&qid=1681760432&ref=sr_pg_6 line 3419 > injectedScript, line 1: WEBGL_debug_renderer_info is deprecated in Firefox and will be removed. Please use RENDERER.
JavaScript warning: https://www.amazon.es/Davines-Acondicionador-Nounou-Davines-formato-viaje/dp/B00VO6BYRM/ref=sr_1_96?__mk_es_ES=%C3%85M%C3%85%C5%BD%C3%95%C3%91&keywords=davines&m=A1XXL66418R4KD&qid=1681760432&s=merchant-items&sr=1-96 line 8355 > injectedScript, line 1: WEBGL_debug_renderer_info is deprecated in Firefox and will be removed. Please use RENDERER.
JavaScript warning: https://www.amazon.es/Davines-DEDEDEDE-Barra-champ%C3%BA-3-53/dp/B08Z6YKZMZ/ref=sr_1_95?__mk_es_ES=%C3%85M%C3%85%C5%BD%C3%95%C3%91&keywords=davines&m=A1XXL66418R4KD&qid=1681760432&s=merchant-items&sr=1-95 line 8907 > injectedScript, line 1: WEBGL_debug_renderer_info is deprecated in Firefox and will be removed. Please use RENDERER.
JavaScript warning: https://www.amazon.es/Davines-naturaltech-energizing-superactive-100ml/dp/B071SM2VL3/ref=sr_1_94?__mk_es_ES=%C3%85M%C3%85%C5%BD%C3%95%C3%91&keywords=davines&m=A1XXL66418R4KD&qid=1681760432&s=merchant-items&sr=1-94 line 7985 > injectedScript, line 1: WEBGL_debug_renderer_info is deprecated in Firefox and will be removed. Please use RENDERER.
JavaScript warning: https://www.amazon.es/Davines-Alchemic-Shampoo-Chocolate-280ml/dp/B08BXZK8C8/ref=sr_1_93?__mk_es_ES=%C3%85M%C3%85%C5%BD%C3%95%C3%91&keywords=davines&m=A1XXL66418R4KD&qid=1681760432&s=merchant-items&sr=1-93 line 8526 > injectedScript, line 1: WEBGL_debug_renderer_info is deprecated in Firefox and will be removed. Please use RENDERER.
JavaScript warning: https://www.amazon.es/s?k=davines&i=merchant-items&me=A1XXL66418R4KD&page=8&__mk_es_ES=%C3%85M%C3%85%C5%BD%C3%95%C3%91&qid=1681760452&ref=sr_pg_7 line 3420 > injectedScript, line 1: WEBGL_debug_renderer_info is deprecated in Firefox and will be removed. Please use RENDERER.
JavaScript warning: https://www.amazon.es/Naturaltech-Natural-Productos-Champ%C3%BA-Energizante/dp/B073P2JXJ6/ref=sr_1_112?__mk_es_ES=%C3%85M%C3%85%C5%BD%C3%95%C3%91&keywords=davines&m=A1XXL66418R4KD&qid=1681760452&s=merchant-items&sr=1-112 line 7874 > injectedScript, line 1: WEBGL_debug_renderer_info is deprecated in Firefox and will be removed. Please use RENDERER.
JavaScript warning: https://www.amazon.es/Davines-naturaltech-renewing-superactive-100ml/dp/B06XSHRGT7/ref=sr_1_111?__mk_es_ES=%C3%85M%C3%85%C5%BD%C3%95%C3%91&keywords=davines&m=A1XXL66418R4KD&qid=1681760452&s=merchant-items&sr=1-111 line 8975 > injectedScript, line 1: WEBGL_debug_renderer_info is deprecated in Firefox and will be removed. Please use RENDERER.
JavaScript warning: https://www.amazon.es/Davines-Essential-haircare-revitalizer-250ml/dp/B073SX8CPX/ref=sr_1_110?__mk_es_ES=%C3%85M%C3%85%C5%BD%C3%95%C3%91&keywords=davines&m=A1XXL66418R4KD&qid=1681760452&s=merchant-items&sr=1-110 line 7529 > injectedScript, line 1: WEBGL_debug_renderer_info is deprecated in Firefox and will be removed. Please use RENDERER.
JavaScript warning: https://www.amazon.es/Davines-Naturaltech-Energizing-Superactive-100/dp/B0073FCDWS/ref=sr_1_109?__mk_es_ES=%C3%85M%C3%85%C5%BD%C3%95%C3%91&keywords=davines&m=A1XXL66418R4KD&qid=1681760452&s=merchant-items&sr=1-109 line 8787 > injectedScript, line 1: WEBGL_debug_renderer_info is deprecated in Firefox and will be removed. Please use RENDERER.
JavaScript warning: https://www.amazon.es/Davines-Remplumping-Champ%C3%BA-100-ml/dp/B01F1XQ82Y/ref=sr_1_108?__mk_es_ES=%C3%85M%C3%85%C5%BD%C3%95%C3%91&keywords=davines&m=A1XXL66418R4KD&qid=1681760452&s=merchant-items&sr=1-108 line 8682 > injectedScript, line 1: WEBGL_debug_renderer_info is deprecated in Firefox and will be removed. Please use RENDERER.
JavaScript warning: https://www.amazon.es/s?k=davines&i=merchant-items&me=A1XXL66418R4KD&page=9&__mk_es_ES=%C3%85M%C3%85%C5%BD%C3%95%C3%91&qid=1681760469&ref=sr_pg_8 line 3420 > injectedScript, line 1: WEBGL_debug_renderer_info is deprecated in Firefox and will be removed. Please use RENDERER.
1681760491999	Marionette	WARN	Ignoring event 'DOMContentLoaded' because document has an invalid readyState of 'complete'.
1681760492000	Marionette	WARN	Ignoring event 'DOMContentLoaded' because document has an invalid readyState of 'complete'.
JavaScript warning: https://www.amazon.es/davines-Natural-Being-Conditioner-33-8oz/dp/B07D1S8MV8/ref=sr_1_128?__mk_es_ES=%C3%85M%C3%85%C5%BD%C3%95%C3%91&keywords=davines&m=A1XXL66418R4KD&qid=1681760469&s=merchant-items&sr=1-128 line 8452 > injectedScript, line 1: WEBGL_debug_renderer_info is deprecated in Firefox and will be removed. Please use RENDERER.
JavaScript warning: https://www.amazon.es/Davines-Naturaltech-Renewing-Boost-Superactive/dp/B075JM91SV/ref=sr_1_127?__mk_es_ES=%C3%85M%C3%85%C5%BD%C3%95%C3%91&keywords=davines&m=A1XXL66418R4KD&qid=1681760469&s=merchant-items&sr=1-127 line 7175 > injectedScript, line 1: WEBGL_debug_renderer_info is deprecated in Firefox and will be removed. Please use RENDERER.
JavaScript warning: https://www.amazon.es/Davines-Natural-Detoxifying-Shampoo-Atonic/dp/B075QLWXGP/ref=sr_1_126?__mk_es_ES=%C3%85M%C3%85%C5%BD%C3%95%C3%91&keywords=davines&m=A1XXL66418R4KD&qid=1681760469&s=merchant-items&sr=1-126 line 9336 > injectedScript, line 1: WEBGL_debug_renderer_info is deprecated in Firefox and will be removed. Please use RENDERER.
JavaScript warning: https://www.amazon.es/Davines-Nounou-Nourishing-Mascarilla-para/dp/B0165H0MRC/ref=sr_1_125?__mk_es_ES=%C3%85M%C3%85%C5%BD%C3%95%C3%91&keywords=davines&m=A1XXL66418R4KD&qid=1681760469&s=merchant-items&sr=1-125 line 9118 > injectedScript, line 1: WEBGL_debug_renderer_info is deprecated in Firefox and will be removed. Please use RENDERER.
JavaScript warning: https://www.amazon.es/s?k=davines&i=merchant-items&me=A1XXL66418R4KD&page=10&__mk_es_ES=%C3%85M%C3%85%C5%BD%C3%95%C3%91&qid=1681760490&ref=sr_pg_9 line 3419 > injectedScript, line 1: WEBGL_debug_renderer_info is deprecated in Firefox and will be removed. Please use RENDERER.
JavaScript warning: https://www.amazon.es/REDKEN-Champ%C3%BA-Soft-Cabellos-Deshidratados/dp/B08Y1CYNF3/ref=sr_1_144?__mk_es_ES=%C3%85M%C3%85%C5%BD%C3%95%C3%91&keywords=davines&m=A1XXL66418R4KD&qid=1681760490&s=merchant-items&sr=1-144 line 10148 > injectedScript, line 1: WEBGL_debug_renderer_info is deprecated in Firefox and will be removed. Please use RENDERER.
JavaScript warning: https://www.amazon.es/Phyto-Crema-Dia-50-Ml/dp/B07R4H88VP/ref=sr_1_143?__mk_es_ES=%C3%85M%C3%85%C5%BD%C3%95%C3%91&keywords=davines&m=A1XXL66418R4KD&qid=1681760490&s=merchant-items&sr=1-143 line 7285 > injectedScript, line 1: WEBGL_debug_renderer_info is deprecated in Firefox and will be removed. Please use RENDERER.
JavaScript warning: https://www.amazon.es/Tahe-Botanic-Acabado-Radiance-Shampoo-300/dp/B073XMYKH9/ref=sr_1_145?__mk_es_ES=%C3%85M%C3%85%C5%BD%C3%95%C3%91&keywords=davines&m=A1XXL66418R4KD&qid=1681760508&s=merchant-items&sr=1-145 line 10023 > injectedScript, line 1: WEBGL_debug_renderer_info is deprecated in Firefox and will be removed. Please use RENDERER.
JavaScript warning: https://www.amazon.es/Natural-Energizante-cabelludo-adelgazamiento-cabello/dp/B00OMYFRTO/ref=sr_1_142?__mk_es_ES=%C3%85M%C3%85%C5%BD%C3%95%C3%91&keywords=davines&m=A1XXL66418R4KD&qid=1681760490&s=merchant-items&sr=1-142 line 8393 > injectedScript, line 1: WEBGL_debug_renderer_info is deprecated in Firefox and will be removed. Please use RENDERER.
JavaScript warning: https://www.amazon.es/s?k=davines&i=merchant-items&me=A1XXL66418R4KD&page=11&__mk_es_ES=%C3%85M%C3%85%C5%BD%C3%95%C3%91&qid=1681760508&ref=sr_pg_10 line 3419 > injectedScript, line 1: WEBGL_debug_renderer_info is deprecated in Firefox and will be removed. Please use RENDERER.
JavaScript warning: https://www.amazon.es/LOREAL-Expert-Vitamino-Conditioner-Aplica/dp/B097BHMKTK/ref=sr_1_160?__mk_es_ES=%C3%85M%C3%85%C5%BD%C3%95%C3%91&keywords=davines&m=A1XXL66418R4KD&qid=1681760508&s=merchant-items&sr=1-160 line 8926 > injectedScript, line 1: WEBGL_debug_renderer_info is deprecated in Firefox and will be removed. Please use RENDERER.
[Parent 16800, IPC I/O Parent] WARNING: DuplicateHandle failed for handle 0 in TransferHandles: file /builds/worker/checkouts/gecko/ipc/chromium/src/chrome/common/ipc_channel_win.cc:777
JavaScript warning: https://www.amazon.es/LOr%C3%A9al-Professionnel-Iluminador-Restaurador-Blondifier/dp/B0918FB5FV/ref=sr_1_159?__mk_es_ES=%C3%85M%C3%85%C5%BD%C3%95%C3%91&keywords=davines&m=A1XXL66418R4KD&qid=1681760508&s=merchant-items&sr=1-159 line 10441 > injectedScript, line 1: WEBGL_debug_renderer_info is deprecated in Firefox and will be removed. Please use RENDERER.
JavaScript warning: https://www.amazon.es/s?k=davines&i=merchant-items&me=A1XXL66418R4KD&page=12&__mk_es_ES=%C3%85M%C3%85%C5%BD%C3%95%C3%91&qid=1681760526&ref=sr_pg_11 line 3419 > injectedScript, line 1: WEBGL_debug_renderer_info is deprecated in Firefox and will be removed. Please use RENDERER.
JavaScript warning: https://www.amazon.es/REDKEN-Mascarilla-Extreme-Strength-Cabellos/dp/B08Y178YMS/ref=sr_1_176?__mk_es_ES=%C3%85M%C3%85%C5%BD%C3%95%C3%91&keywords=davines&m=A1XXL66418R4KD&qid=1681760526&s=merchant-items&sr=1-176 line 10209 > injectedScript, line 1: WEBGL_debug_renderer_info is deprecated in Firefox and will be removed. Please use RENDERER.
JavaScript warning: https://www.amazon.es/Alfaparf-Diamond-Cristalli-liquidi-Illuminating/dp/B07CYZYJFF/ref=sr_1_175?__mk_es_ES=%C3%85M%C3%85%C5%BD%C3%95%C3%91&keywords=davines&m=A1XXL66418R4KD&qid=1681760526&s=merchant-items&sr=1-175 line 9031 > injectedScript, line 1: WEBGL_debug_renderer_info is deprecated in Firefox and will be removed. Please use RENDERER.
JavaScript warning: https://www.amazon.es/Tahe-12049014-Mascarilla-nutrici%C3%B3n-Cabello/dp/B0733D3YSW/ref=sr_1_174?__mk_es_ES=%C3%85M%C3%85%C5%BD%C3%95%C3%91&keywords=davines&m=A1XXL66418R4KD&qid=1681760526&s=merchant-items&sr=1-174 line 10213 > injectedScript, line 1: WEBGL_debug_renderer_info is deprecated in Firefox and will be removed. Please use RENDERER.
JavaScript warning: https://www.amazon.es/LOr%C3%A9al-Professionnel-Protector-sequedad-Cabellos/dp/B0918C9LW4/ref=sr_1_177?__mk_es_ES=%C3%85M%C3%85%C5%BD%C3%95%C3%91&keywords=davines&m=A1XXL66418R4KD&qid=1681760538&s=merchant-items&sr=1-177 line 10521 > injectedScript, line 1: WEBGL_debug_renderer_info is deprecated in Firefox and will be removed. Please use RENDERER.
JavaScript warning: https://www.amazon.es/s?k=davines&i=merchant-items&me=A1XXL66418R4KD&page=13&__mk_es_ES=%C3%85M%C3%85%C5%BD%C3%95%C3%91&qid=1681760538&ref=sr_pg_12 line 3339 > injectedScript, line 1: WEBGL_debug_renderer_info is deprecated in Firefox and will be removed. Please use RENDERER.
1681760557686	Marionette	WARN	Ignoring event 'DOMContentLoaded' because document has an invalid readyState of 'complete'.
1681760557687	Marionette	WARN	Ignoring event 'DOMContentLoaded' because document has an invalid readyState of 'complete'.
1681760557688	Marionette	WARN	Ignoring event 'DOMContentLoaded' because document has an invalid readyState of 'complete'.
JavaScript warning: https://www.amazon.es/LOr%C3%A9al-Professionnel-Champ%C3%BA-Renovador-cabellos/dp/B0918G6JWS/ref=sr_1_192?__mk_es_ES=%C3%85M%C3%85%C5%BD%C3%95%C3%91&keywords=davines&m=A1XXL66418R4KD&qid=1681760538&s=merchant-items&sr=1-192 line 11796 > injectedScript, line 1: WEBGL_debug_renderer_info is deprecated in Firefox and will be removed. Please use RENDERER.
JavaScript warning: https://www.amazon.es/Tahe-Keratin-Gold-30ml-1-1/dp/B01JVCBZZQ/ref=sr_1_191?__mk_es_ES=%C3%85M%C3%85%C5%BD%C3%95%C3%91&keywords=davines&m=A1XXL66418R4KD&qid=1681760538&s=merchant-items&sr=1-191 line 10417 > injectedScript, line 1: WEBGL_debug_renderer_info is deprecated in Firefox and will be removed. Please use RENDERER.
JavaScript warning: https://www.amazon.es/LOr%C3%A9al-Professionnel-Acondicionador-restaurador-iluminador/dp/B0918DVRYK/ref=sr_1_190?__mk_es_ES=%C3%85M%C3%85%C5%BD%C3%95%C3%91&keywords=davines&m=A1XXL66418R4KD&qid=1681760538&s=merchant-items&sr=1-190 line 10116 > injectedScript, line 1: WEBGL_debug_renderer_info is deprecated in Firefox and will be removed. Please use RENDERER.
JavaScript warning: https://www.amazon.es/REDKEN-Champ%C3%BA-Cabello-Falta-Volumen/dp/B08Y155F2X/ref=sr_1_193?__mk_es_ES=%C3%85M%C3%85%C5%BD%C3%95%C3%91&keywords=davines&m=A1XXL66418R4KD&qid=1681760556&s=merchant-items&sr=1-193 line 9985 > injectedScript, line 1: WEBGL_debug_renderer_info is deprecated in Firefox and will be removed. Please use RENDERER.
JavaScript warning: https://www.amazon.es/L%C3%93real-Steampod-Serum-Protector-Concentrado/dp/B015Y10FW2/ref=sr_1_198?__mk_es_ES=%C3%85M%C3%85%C5%BD%C3%95%C3%91&keywords=davines&m=A1XXL66418R4KD&qid=1681760556&s=merchant-items&sr=1-198 line 10054 > injectedScript, line 1: WEBGL_debug_renderer_info is deprecated in Firefox and will be removed. Please use RENDERER.
JavaScript warning: https://www.amazon.es/LOr%C3%A9al-S%C3%A9rie-Expert-Vitamino-Champ%C3%BA/dp/B097BHY2QT/ref=sr_1_197?__mk_es_ES=%C3%85M%C3%85%C5%BD%C3%95%C3%91&keywords=davines&m=A1XXL66418R4KD&qid=1681760556&s=merchant-items&sr=1-197 line 9953 > injectedScript, line 1: WEBGL_debug_renderer_info is deprecated in Firefox and will be removed. Please use RENDERER.
JavaScript warning: https://www.amazon.es/Alfaparf-Sublime-Cristalli-Liquidi-Original/dp/B0BRBFXNVR/ref=sr_1_196?__mk_es_ES=%C3%85M%C3%85%C5%BD%C3%95%C3%91&keywords=davines&m=A1XXL66418R4KD&qid=1681760556&s=merchant-items&sr=1-196 line 8894 > injectedScript, line 1: WEBGL_debug_renderer_info is deprecated in Firefox and will be removed. Please use RENDERER.
JavaScript warning: https://www.amazon.es/Alfaparf-Diamond-Cristalli-Illuminating-AlfaParf/dp/B013BFZLNG/ref=sr_1_195?__mk_es_ES=%C3%85M%C3%85%C5%BD%C3%95%C3%91&keywords=davines&m=A1XXL66418R4KD&qid=1681760556&s=merchant-items&sr=1-195 line 9669 > injectedScript, line 1: WEBGL_debug_renderer_info is deprecated in Firefox and will be removed. Please use RENDERER.
JavaScript warning: https://www.amazon.es/Alfaparf-Smooth-semi-Flax-Smoother/dp/B095DQDX5Z/ref=sr_1_194?__mk_es_ES=%C3%85M%C3%85%C5%BD%C3%95%C3%91&keywords=davines&m=A1XXL66418R4KD&qid=1681760556&s=merchant-items&sr=1-194 line 8829 > injectedScript, line 1: WEBGL_debug_renderer_info is deprecated in Firefox and will be removed. Please use RENDERER.
JavaScript warning: https://www.amazon.es/Professionnel-neutralizante-amarillos-perfectos-pigmentos/dp/B09P2C4TQ4/ref=sr_1_189?__mk_es_ES=%C3%85M%C3%85%C5%BD%C3%95%C3%91&keywords=davines&m=A1XXL66418R4KD&qid=1681760538&s=merchant-items&sr=1-189 line 10832 > injectedScript, line 1: WEBGL_debug_renderer_info is deprecated in Firefox and will be removed. Please use RENDERER.
JavaScript warning: https://www.amazon.es/American-Crew-S%C3%A9rum-50-ml/dp/B01NATF1CF/ref=sr_1_188?__mk_es_ES=%C3%85M%C3%85%C5%BD%C3%95%C3%91&keywords=davines&m=A1XXL66418R4KD&qid=1681760538&rdc=1&s=merchant-items&sr=1-188 line 10158 > injectedScript, line 1: WEBGL_debug_renderer_info is deprecated in Firefox and will be removed. Please use RENDERER.
[Parent 16800, IPC I/O Parent] WARNING: DuplicateHandle failed for handle 0 in TransferHandles: file /builds/worker/checkouts/gecko/ipc/chromium/src/chrome/common/ipc_channel_win.cc:777
JavaScript warning: https://www.amazon.es/Wella-Invigo-Brilliance-Shampoo-Normaal/dp/B07BN7YGZQ/ref=sr_1_187?__mk_es_ES=%C3%85M%C3%85%C5%BD%C3%95%C3%91&keywords=davines&m=A1XXL66418R4KD&qid=1681760538&s=merchant-items&sr=1-187 line 9970 > injectedScript, line 1: WEBGL_debug_renderer_info is deprecated in Firefox and will be removed. Please use RENDERER.
JavaScript warning: https://www.amazon.es/LOr%C3%A9al-Professionnel-cabellos-da%C3%B1ados-Absolut/dp/B0918FHY6P/ref=sr_1_186?__mk_es_ES=%C3%85M%C3%85%C5%BD%C3%95%C3%91&keywords=davines&m=A1XXL66418R4KD&qid=1681760538&s=merchant-items&sr=1-186 line 10234 > injectedScript, line 1: WEBGL_debug_renderer_info is deprecated in Firefox and will be removed. Please use RENDERER.
JavaScript warning: https://www.amazon.es/WELLA-3614226750716-Wella-Champ%C3%BA-Unidad/dp/B07W8MSW3J/ref=sr_1_185?__mk_es_ES=%C3%85M%C3%85%C5%BD%C3%95%C3%91&keywords=davines&m=A1XXL66418R4KD&qid=1681760538&s=merchant-items&sr=1-185 line 9871 > injectedScript, line 1: WEBGL_debug_renderer_info is deprecated in Firefox and will be removed. Please use RENDERER.
JavaScript warning: https://www.amazon.es/Alfaparf-Cuidado-pelo-cuero-cabelludo/dp/B07CF7HVPV/ref=sr_1_184?__mk_es_ES=%C3%85M%C3%85%C5%BD%C3%95%C3%91&keywords=davines&m=A1XXL66418R4KD&qid=1681760538&s=merchant-items&sr=1-184 line 8170 > injectedScript, line 1: WEBGL_debug_renderer_info is deprecated in Firefox and will be removed. Please use RENDERER.
JavaScript warning: https://www.amazon.es/LOr%C3%A9al-Professionnel-Mascarilla-limpiadora-decoloraci%C3%B3n/dp/B09716YCGX/ref=sr_1_183?__mk_es_ES=%C3%85M%C3%85%C5%BD%C3%95%C3%91&keywords=davines&m=A1XXL66418R4KD&qid=1681760538&s=merchant-items&sr=1-183 line 10423 > injectedScript, line 1: WEBGL_debug_renderer_info is deprecated in Firefox and will be removed. Please use RENDERER.
JavaScript warning: https://www.amazon.es/LOr%C3%A9al-S%C3%A9rie-Expert-Absolut-Repair/dp/B0959XMKF8/ref=sr_1_182?__mk_es_ES=%C3%85M%C3%85%C5%BD%C3%95%C3%91&keywords=davines&m=A1XXL66418R4KD&qid=1681760538&s=merchant-items&sr=1-182 line 11871 > injectedScript, line 1: WEBGL_debug_renderer_info is deprecated in Firefox and will be removed. Please use RENDERER.
JavaScript warning: https://www.amazon.es/S%C3%A9rum-Capilar-Reestructurante-Magic-Rizos/dp/B08SM9M95L/ref=sr_1_181?__mk_es_ES=%C3%85M%C3%85%C5%BD%C3%95%C3%91&keywords=davines&m=A1XXL66418R4KD&qid=1681760538&s=merchant-items&sr=1-181 line 10082 > injectedScript, line 1: WEBGL_debug_renderer_info is deprecated in Firefox and will be removed. Please use RENDERER.
JavaScript warning: https://www.amazon.es/Wella-Peinado-Eimi-Shape-Control/dp/B076JK5HVW/ref=sr_1_180?__mk_es_ES=%C3%85M%C3%85%C5%BD%C3%95%C3%91&keywords=davines&m=A1XXL66418R4KD&qid=1681760538&s=merchant-items&sr=1-180 line 8799 > injectedScript, line 1: WEBGL_debug_renderer_info is deprecated in Firefox and will be removed. Please use RENDERER.
JavaScript warning: https://www.amazon.es/Activador-rizo-Activator-Magic-Rizos/dp/B08SHGNDJC/ref=sr_1_179?__mk_es_ES=%C3%85M%C3%85%C5%BD%C3%95%C3%91&keywords=davines&m=A1XXL66418R4KD&qid=1681760538&s=merchant-items&sr=1-179 line 10612 > injectedScript, line 1: WEBGL_debug_renderer_info is deprecated in Firefox and will be removed. Please use RENDERER.
JavaScript warning: https://www.amazon.es/Schwarzkopf-Spray-Fijaci%C3%B3n-Fuerte-300/dp/B01CGSGJ44/ref=sr_1_178?__mk_es_ES=%C3%85M%C3%85%C5%BD%C3%95%C3%91&keywords=davines&m=A1XXL66418R4KD&qid=1681760538&s=merchant-items&sr=1-178 line 9773 > injectedScript, line 1: WEBGL_debug_renderer_info is deprecated in Firefox and will be removed. Please use RENDERER.
JavaScript warning: https://www.amazon.es/Tahe-Miracle-Crema-Peinado-Antiencespamiento/dp/B09FXXKY8K/ref=sr_1_173?__mk_es_ES=%C3%85M%C3%85%C5%BD%C3%95%C3%91&keywords=davines&m=A1XXL66418R4KD&qid=1681760526&s=merchant-items&sr=1-173 line 9691 > injectedScript, line 1: WEBGL_debug_renderer_info is deprecated in Firefox and will be removed. Please use RENDERER.
JavaScript warning: https://www.amazon.es/LOr%C3%A9al-Professionnel-Mascarilla-Protectora-cabellos/dp/B0918GDLPP/ref=sr_1_172?__mk_es_ES=%C3%85M%C3%85%C5%BD%C3%95%C3%91&keywords=davines&m=A1XXL66418R4KD&qid=1681760526&s=merchant-items&sr=1-172 line 10332 > injectedScript, line 1: WEBGL_debug_renderer_info is deprecated in Firefox and will be removed. Please use RENDERER.
JavaScript warning: https://www.amazon.es/REDKEN-STYLE-CONNECTION-powder-mattifying/dp/B005KL3B64/ref=sr_1_171?__mk_es_ES=%C3%85M%C3%85%C5%BD%C3%95%C3%91&keywords=davines&m=A1XXL66418R4KD&qid=1681760526&s=merchant-items&sr=1-171 line 8161 > injectedScript, line 1: WEBGL_debug_renderer_info is deprecated in Firefox and will be removed. Please use RENDERER.
JavaScript warning: https://www.amazon.es/Blondme-premium-care-developer-1000/dp/B00HQRUPJ6/ref=sr_1_170?__mk_es_ES=%C3%85M%C3%85%C5%BD%C3%95%C3%91&keywords=davines&m=A1XXL66418R4KD&qid=1681760526&s=merchant-items&sr=1-170 line 9405 > injectedScript, line 1: WEBGL_debug_renderer_info is deprecated in Firefox and will be removed. Please use RENDERER.
JavaScript warning: https://www.amazon.es/AlfaParf-Sdl-Curl-Oil-100/dp/B08N5DBPX4/ref=sr_1_169?__mk_es_ES=%C3%85M%C3%85%C5%BD%C3%95%C3%91&keywords=davines&m=A1XXL66418R4KD&qid=1681760526&s=merchant-items&sr=1-169 line 9192 > injectedScript, line 1: WEBGL_debug_renderer_info is deprecated in Firefox and will be removed. Please use RENDERER.
JavaScript warning: https://www.amazon.es/Sebastian-dark-oil-light-mask/dp/B07VK8YWFJ/ref=sr_1_168?__mk_es_ES=%C3%85M%C3%85%C5%BD%C3%95%C3%91&keywords=davines&m=A1XXL66418R4KD&qid=1681760526&s=merchant-items&sr=1-168 line 10122 > injectedScript, line 1: WEBGL_debug_renderer_info is deprecated in Firefox and will be removed. Please use RENDERER.
JavaScript warning: https://www.amazon.es/Nioxin-Sistema-Kit-Medio-Acondicionador/dp/B07JF9YVKK/ref=sr_1_167?__mk_es_ES=%C3%85M%C3%85%C5%BD%C3%95%C3%91&keywords=davines&m=A1XXL66418R4KD&qid=1681760526&s=merchant-items&sr=1-167 line 8973 > injectedScript, line 1: WEBGL_debug_renderer_info is deprecated in Firefox and will be removed. Please use RENDERER.
JavaScript warning: https://www.amazon.es/Redken-Brews-Maneuver-Cream-pomade/dp/B0795YQ8H6/ref=sr_1_166?__mk_es_ES=%C3%85M%C3%85%C5%BD%C3%95%C3%91&keywords=davines&m=A1XXL66418R4KD&qid=1681760526&s=merchant-items&sr=1-166 line 8298 > injectedScript, line 1: WEBGL_debug_renderer_info is deprecated in Firefox and will be removed. Please use RENDERER.
JavaScript warning: https://www.amazon.es/Champ%C3%BA-protector-cabellos-te%C3%B1idos-Protein/dp/B094DJGK5K/ref=sr_1_165?__mk_es_ES=%C3%85M%C3%85%C5%BD%C3%95%C3%91&keywords=davines&m=A1XXL66418R4KD&qid=1681760526&s=merchant-items&sr=1-165 line 9956 > injectedScript, line 1: WEBGL_debug_renderer_info is deprecated in Firefox and will be removed. Please use RENDERER.
JavaScript error: , line 0: TypeError: NetworkError when attempting to fetch resource.
JavaScript error: , line 0: TypeError: NetworkError when attempting to fetch resource.
JavaScript error: , line 0: TypeError: NetworkError when attempting to fetch resource.
JavaScript error: , line 0: TypeError: NetworkError when attempting to fetch resource.
JavaScript error: , line 0: TypeError: NetworkError when attempting to fetch resource.
JavaScript warning: https://www.amazon.es/REDKEN-Champ%C3%BA-Magnetics-Cabellos-Coloreados/dp/B08Y1F7G31/ref=sr_1_164?__mk_es_ES=%C3%85M%C3%85%C5%BD%C3%95%C3%91&keywords=davines&m=A1XXL66418R4KD&qid=1681760526&s=merchant-items&sr=1-164 line 10234 > injectedScript, line 1: WEBGL_debug_renderer_info is deprecated in Firefox and will be removed. Please use RENDERER.
JavaScript warning: https://www.amazon.es/Alfaparf-Cuidado-pelo-cuero-cabelludo/dp/B07CJKJFP3/ref=sr_1_163?__mk_es_ES=%C3%85M%C3%85%C5%BD%C3%95%C3%91&keywords=davines&m=A1XXL66418R4KD&qid=1681760526&s=merchant-items&sr=1-163 line 8485 > injectedScript, line 1: WEBGL_debug_renderer_info is deprecated in Firefox and will be removed. Please use RENDERER.
JavaScript warning: https://www.amazon.es/LOr%C3%A9al-Professionnel-Mascarilla-Antirrotura-quebradizos/dp/B0918DN597/ref=sr_1_162?__mk_es_ES=%C3%85M%C3%85%C5%BD%C3%95%C3%91&keywords=davines&m=A1XXL66418R4KD&qid=1681760526&s=merchant-items&sr=1-162 line 11749 > injectedScript, line 1: WEBGL_debug_renderer_info is deprecated in Firefox and will be removed. Please use RENDERER.
JavaScript error: , line 0: TypeError: NetworkError when attempting to fetch resource.
JavaScript error: , line 0: TypeError: NetworkError when attempting to fetch resource.
JavaScript error: , line 0: TypeError: NetworkError when attempting to fetch resource.
JavaScript error: , line 0: TypeError: NetworkError when attempting to fetch resource.
JavaScript error: , line 0: TypeError: NetworkError when attempting to fetch resource.
JavaScript warning: https://www.amazon.es/REDKEN-Champ%C3%BA-Extreme-Cabello-Da%C3%B1ado/dp/B08Y19Y51B/ref=sr_1_161?__mk_es_ES=%C3%85M%C3%85%C5%BD%C3%95%C3%91&keywords=davines&m=A1XXL66418R4KD&qid=1681760526&s=merchant-items&sr=1-161 line 11794 > injectedScript, line 1: WEBGL_debug_renderer_info is deprecated in Firefox and will be removed. Please use RENDERER.
JavaScript warning: https://www.amazon.es/Alfaparf-DIAMOND-CRYSTAL-ORIGINAL-CRISTALLI/dp/B07CZ1NJ61/ref=sr_1_158?__mk_es_ES=%C3%85M%C3%85%C5%BD%C3%95%C3%91&keywords=davines&m=A1XXL66418R4KD&qid=1681760508&s=merchant-items&sr=1-158 line 7588 > injectedScript, line 1: WEBGL_debug_renderer_info is deprecated in Firefox and will be removed. Please use RENDERER.
JavaScript warning: https://www.amazon.es/LOr%C3%A9al-Professionnel-Acondicionador-Resveratrol-tratamiento/dp/B09719P376/ref=sr_1_157?__mk_es_ES=%C3%85M%C3%85%C5%BD%C3%95%C3%91&keywords=davines&m=A1XXL66418R4KD&qid=1681760508&s=merchant-items&sr=1-157 line 10737 > injectedScript, line 1: WEBGL_debug_renderer_info is deprecated in Firefox and will be removed. Please use RENDERER.
JavaScript warning: https://www.amazon.es/LOr%C3%A9al-Professionnel-Fortalecedor-cabellos-quebradizos/dp/B0971HZLQD/ref=sr_1_156?__mk_es_ES=%C3%85M%C3%85%C5%BD%C3%95%C3%91&keywords=davines&m=A1XXL66418R4KD&qid=1681760508&s=merchant-items&sr=1-156 line 11978 > injectedScript, line 1: WEBGL_debug_renderer_info is deprecated in Firefox and will be removed. Please use RENDERER.
JavaScript warning: https://www.amazon.es/Salerm-Cosmetics-Homme-Champu-Control/dp/B0082MRAU6/ref=sr_1_155?__mk_es_ES=%C3%85M%C3%85%C5%BD%C3%95%C3%91&keywords=davines&m=A1XXL66418R4KD&qid=1681760508&s=merchant-items&sr=1-155 line 7321 > injectedScript, line 1: WEBGL_debug_renderer_info is deprecated in Firefox and will be removed. Please use RENDERER.
JavaScript warning: https://www.amazon.es/NATURALTECH-well-being-conditioner-150/dp/B0081X3D98/ref=sr_1_154?__mk_es_ES=%C3%85M%C3%85%C5%BD%C3%95%C3%91&keywords=davines&m=A1XXL66418R4KD&qid=1681760508&s=merchant-items&sr=1-154 line 8668 > injectedScript, line 1: WEBGL_debug_renderer_info is deprecated in Firefox and will be removed. Please use RENDERER.
JavaScript warning: https://www.amazon.es/LOreal-Paris-3474636628834-LOr%C3%A9al-Champ%C3%BA/dp/B07GPM9KTB/ref=sr_1_153?__mk_es_ES=%C3%85M%C3%85%C5%BD%C3%95%C3%91&keywords=davines&m=A1XXL66418R4KD&qid=1681760508&s=merchant-items&sr=1-153 line 9548 > injectedScript, line 1: WEBGL_debug_renderer_info is deprecated in Firefox and will be removed. Please use RENDERER.
JavaScript warning: https://www.amazon.es/Living-Proof-Restore-Tratamiento-Reparador/dp/B00LXOOI96/ref=sr_1_152?__mk_es_ES=%C3%85M%C3%85%C5%BD%C3%95%C3%91&keywords=davines&m=A1XXL66418R4KD&qid=1681760508&s=merchant-items&sr=1-152 line 9214 > injectedScript, line 1: WEBGL_debug_renderer_info is deprecated in Firefox and will be removed. Please use RENDERER.
JavaScript warning: https://www.amazon.es/Wella-koleston-60-color-43/dp/B07MKTBXQ9/ref=sr_1_151?__mk_es_ES=%C3%85M%C3%85%C5%BD%C3%95%C3%91&keywords=davines&m=A1XXL66418R4KD&qid=1681760508&s=merchant-items&sr=1-151 line 7385 > injectedScript, line 1: WEBGL_debug_renderer_info is deprecated in Firefox and will be removed. Please use RENDERER.
JavaScript warning: https://www.amazon.es/Tahe-Coloraci%C3%B3n-Permanente-Duraci%C3%B3n-Amoniaco/dp/B07PJZTY9R/ref=sr_1_150?__mk_es_ES=%C3%85M%C3%85%C5%BD%C3%95%C3%91&keywords=davines&m=A1XXL66418R4KD&qid=1681760508&s=merchant-items&sr=1-150 line 9952 > injectedScript, line 1: WEBGL_debug_renderer_info is deprecated in Firefox and will be removed. Please use RENDERER.
JavaScript warning: https://www.amazon.es/Salerm-416-CHAMPU-EQUILIBRADOR-500ML/dp/B005VR2GCM/ref=sr_1_149?__mk_es_ES=%C3%85M%C3%85%C5%BD%C3%95%C3%91&keywords=davines&m=A1XXL66418R4KD&qid=1681760508&s=merchant-items&sr=1-149 line 10156 > injectedScript, line 1: WEBGL_debug_renderer_info is deprecated in Firefox and will be removed. Please use RENDERER.
JavaScript warning: https://www.amazon.es/Nioxin-Medio-Sistema-Revitalizador-Cabello/dp/B07JG74V9X/ref=sr_1_148?__mk_es_ES=%C3%85M%C3%85%C5%BD%C3%95%C3%91&keywords=davines&m=A1XXL66418R4KD&qid=1681760508&s=merchant-items&sr=1-148 line 8906 > injectedScript, line 1: WEBGL_debug_renderer_info is deprecated in Firefox and will be removed. Please use RENDERER.
JavaScript warning: https://www.amazon.es/SILHOUETTE-HAIRSPRAY-SUPER-HOLD-500ML/dp/B07NZ1BZX2/ref=sr_1_147?__mk_es_ES=%C3%85M%C3%85%C5%BD%C3%95%C3%91&keywords=davines&m=A1XXL66418R4KD&qid=1681760508&s=merchant-items&sr=1-147 line 9622 > injectedScript, line 1: WEBGL_debug_renderer_info is deprecated in Firefox and will be removed. Please use RENDERER.
JavaScript warning: https://www.amazon.es/LOr%C3%A9al-Professionnel-limpiador-servicio-decoloraci%C3%B3n/dp/B07BCCRWVT/ref=sr_1_146?__mk_es_ES=%C3%85M%C3%85%C5%BD%C3%95%C3%91&keywords=davines&m=A1XXL66418R4KD&qid=1681760508&s=merchant-items&sr=1-146 line 10733 > injectedScript, line 1: WEBGL_debug_renderer_info is deprecated in Firefox and will be removed. Please use RENDERER.
JavaScript warning: https://www.amazon.es/Davines-Alchemic-System-Red-Acondicionador/dp/B0165GXFFY/ref=sr_1_141?__mk_es_ES=%C3%85M%C3%85%C5%BD%C3%95%C3%91&keywords=davines&m=A1XXL66418R4KD&qid=1681760490&s=merchant-items&sr=1-141 line 8742 > injectedScript, line 1: WEBGL_debug_renderer_info is deprecated in Firefox and will be removed. Please use RENDERER.
JavaScript warning: https://www.amazon.es/Davines-Oi-body-wash-280ml/dp/B00WT4CKH6/ref=sr_1_140?__mk_es_ES=%C3%85M%C3%85%C5%BD%C3%95%C3%91&keywords=davines&m=A1XXL66418R4KD&qid=1681760490&s=merchant-items&sr=1-140 line 7524 > injectedScript, line 1: WEBGL_debug_renderer_info is deprecated in Firefox and will be removed. Please use RENDERER.
JavaScript warning: https://www.amazon.es/davines-EHC-Minu-Conditioner-75ml/dp/B00R13JF82/ref=sr_1_139?__mk_es_ES=%C3%85M%C3%85%C5%BD%C3%95%C3%91&keywords=davines&m=A1XXL66418R4KD&qid=1681760490&s=merchant-items&sr=1-139 line 7576 > injectedScript, line 1: WEBGL_debug_renderer_info is deprecated in Firefox and will be removed. Please use RENDERER.
JavaScript warning: https://www.amazon.es/Davines-ntech-desintoxicante-champu-1000/dp/B00EXW6SC0/ref=sr_1_138?__mk_es_ES=%C3%85M%C3%85%C5%BD%C3%95%C3%91&keywords=davines&m=A1XXL66418R4KD&qid=1681760490&s=merchant-items&sr=1-138 line 8348 > injectedScript, line 1: WEBGL_debug_renderer_info is deprecated in Firefox and will be removed. Please use RENDERER.
JavaScript warning: https://www.amazon.es/Davines-ESSENTIAL-HAIRCARE-PRODUCTOS-champ%C3%BA/dp/B00VO6BMSS/ref=sr_1_137?__mk_es_ES=%C3%85M%C3%85%C5%BD%C3%95%C3%91&keywords=davines&m=A1XXL66418R4KD&qid=1681760490&s=merchant-items&sr=1-137 line 9104 > injectedScript, line 1: WEBGL_debug_renderer_info is deprecated in Firefox and will be removed. Please use RENDERER.
JavaScript warning: https://www.amazon.es/Davines-Champ%C3%BA-Momo-Davines-formato-viaje/dp/B00VO6BQ98/ref=sr_1_136?__mk_es_ES=%C3%85M%C3%85%C5%BD%C3%95%C3%91&keywords=davines&m=A1XXL66418R4KD&qid=1681760490&s=merchant-items&sr=1-136 line 9094 > injectedScript, line 1: WEBGL_debug_renderer_info is deprecated in Firefox and will be removed. Please use RENDERER.
JavaScript warning: https://www.amazon.es/Davines-Inside-Strong-Cream-Polished/dp/B00GB8T5P6/ref=sr_1_135?__mk_es_ES=%C3%85M%C3%85%C5%BD%C3%95%C3%91&keywords=davines&m=A1XXL66418R4KD&qid=1681760490&s=merchant-items&sr=1-135 line 8831 > injectedScript, line 1: WEBGL_debug_renderer_info is deprecated in Firefox and will be removed. Please use RENDERER.
JavaScript warning: https://www.amazon.es/Davines-Crema-para-El-Cabello/dp/B00OOU62GI/ref=sr_1_134?__mk_es_ES=%C3%85M%C3%85%C5%BD%C3%95%C3%91&keywords=davines&m=A1XXL66418R4KD&qid=1681760490&s=merchant-items&sr=1-134 line 7711 > injectedScript, line 1: WEBGL_debug_renderer_info is deprecated in Firefox and will be removed. Please use RENDERER.
JavaScript warning: https://www.amazon.es/Davines-Sun-Protective-Stick-SPF/dp/B071WSSLS6/ref=sr_1_133?__mk_es_ES=%C3%85M%C3%85%C5%BD%C3%95%C3%91&keywords=davines&m=A1XXL66418R4KD&qid=1681760490&s=merchant-items&sr=1-133 line 8561 > injectedScript, line 1: WEBGL_debug_renderer_info is deprecated in Firefox and will be removed. Please use RENDERER.
[Parent 16800, IPC I/O Parent] WARNING: DuplicateHandle failed for handle 0 in TransferHandles: file /builds/worker/checkouts/gecko/ipc/chromium/src/chrome/common/ipc_channel_win.cc:777
JavaScript warning: https://www.amazon.es/Champ%C3%BA-Davines-Dede-8-oz/dp/B074V9FF8V/ref=sr_1_132?__mk_es_ES=%C3%85M%C3%85%C5%BD%C3%95%C3%91&keywords=davines&m=A1XXL66418R4KD&qid=1681760490&s=merchant-items&sr=1-132 line 8701 > injectedScript, line 1: WEBGL_debug_renderer_info is deprecated in Firefox and will be removed. Please use RENDERER.
JavaScript warning: https://www.amazon.es/Davines-Elevating-Clay-Supercleanser-120g/dp/B09LM698WG/ref=sr_1_131?__mk_es_ES=%C3%85M%C3%85%C5%BD%C3%95%C3%91&keywords=davines&m=A1XXL66418R4KD&qid=1681760490&s=merchant-items&sr=1-131 line 8324 > injectedScript, line 1: WEBGL_debug_renderer_info is deprecated in Firefox and will be removed. Please use RENDERER.
JavaScript warning: https://www.amazon.es/Davines-Natural-Replumping-Shampoo-Conditioner/dp/B01AKERXGO/ref=sr_1_130?__mk_es_ES=%C3%85M%C3%85%C5%BD%C3%95%C3%91&keywords=davines&m=A1XXL66418R4KD&qid=1681760490&s=merchant-items&sr=1-130 line 8496 > injectedScript, line 1: WEBGL_debug_renderer_info is deprecated in Firefox and will be removed. Please use RENDERER.
JavaScript warning: https://www.amazon.es/Davines-This-Strong-Hairspray-100ml/dp/B01DF7WCP0/ref=sr_1_129?__mk_es_ES=%C3%85M%C3%85%C5%BD%C3%95%C3%91&keywords=davines&m=A1XXL66418R4KD&qid=1681760490&s=merchant-items&sr=1-129 line 8624 > injectedScript, line 1: WEBGL_debug_renderer_info is deprecated in Firefox and will be removed. Please use RENDERER.
JavaScript warning: https://www.amazon.es/Davines-More-Inside-Shimmering-Mist/dp/B0746GSVF6/ref=sr_1_124?__mk_es_ES=%C3%85M%C3%85%C5%BD%C3%95%C3%91&keywords=davines&m=A1XXL66418R4KD&qid=1681760469&s=merchant-items&sr=1-124 line 8676 > injectedScript, line 1: WEBGL_debug_renderer_info is deprecated in Firefox and will be removed. Please use RENDERER.
JavaScript warning: https://www.amazon.es/Davines-Naturaltech-Energizing-Seasonal-Superactive/dp/B075JMLSGX/ref=sr_1_123?__mk_es_ES=%C3%85M%C3%85%C5%BD%C3%95%C3%91&keywords=davines&m=A1XXL66418R4KD&qid=1681760469&s=merchant-items&sr=1-123 line 8827 > injectedScript, line 1: WEBGL_debug_renderer_info is deprecated in Firefox and will be removed. Please use RENDERER.
JavaScript warning: https://www.amazon.es/Davines-Energizing-Seasonal-Treatment-12X6ml/dp/B0B4T263Q8/ref=sr_1_122?__mk_es_ES=%C3%85M%C3%85%C5%BD%C3%95%C3%91&keywords=davines&m=A1XXL66418R4KD&qid=1681760469&s=merchant-items&sr=1-122 line 8673 > injectedScript, line 1: WEBGL_debug_renderer_info is deprecated in Firefox and will be removed. Please use RENDERER.
JavaScript warning: https://www.amazon.es/DAVINES-NATURALTECH-energizing-lotion-12/dp/B0073FARP8/ref=sr_1_121?__mk_es_ES=%C3%85M%C3%85%C5%BD%C3%95%C3%91&keywords=davines&m=A1XXL66418R4KD&qid=1681760469&s=merchant-items&sr=1-121 line 9085 > injectedScript, line 1: WEBGL_debug_renderer_info is deprecated in Firefox and will be removed. Please use RENDERER.
JavaScript warning: https://www.amazon.es/Davines-Love-Smoothing-Champ%C3%BA-250/dp/B00OOU0UPM/ref=sr_1_120?__mk_es_ES=%C3%85M%C3%85%C5%BD%C3%95%C3%91&keywords=davines&m=A1XXL66418R4KD&qid=1681760469&s=merchant-items&sr=1-120 line 8851 > injectedScript, line 1: WEBGL_debug_renderer_info is deprecated in Firefox and will be removed. Please use RENDERER.
[Parent 16800, IPC I/O Parent] WARNING: DuplicateHandle failed for handle 0 in TransferHandles: file /builds/worker/checkouts/gecko/ipc/chromium/src/chrome/common/ipc_channel_win.cc:777
JavaScript warning: https://www.amazon.es/Davines-Alchemic-System-Acondicionador-Chocolate/dp/B009LNFNC2/ref=sr_1_119?__mk_es_ES=%C3%85M%C3%85%C5%BD%C3%95%C3%91&keywords=davines&m=A1XXL66418R4KD&qid=1681760469&s=merchant-items&sr=1-119 line 8842 > injectedScript, line 1: WEBGL_debug_renderer_info is deprecated in Firefox and will be removed. Please use RENDERER.
JavaScript warning: https://www.amazon.es/davines-Natural-renewing-Conditioning-Treatment/dp/B07D1ST87V/ref=sr_1_118?__mk_es_ES=%C3%85M%C3%85%C5%BD%C3%95%C3%91&keywords=davines&m=A1XXL66418R4KD&qid=1681760469&s=merchant-items&sr=1-118 line 8370 > injectedScript, line 1: WEBGL_debug_renderer_info is deprecated in Firefox and will be removed. Please use RENDERER.
JavaScript warning: https://www.amazon.es/Natural-replumping-acondicionado-1000-33-8oz/dp/B06Y4LS2J2/ref=sr_1_117?__mk_es_ES=%C3%85M%C3%85%C5%BD%C3%95%C3%91&keywords=davines&m=A1XXL66418R4KD&qid=1681760469&s=merchant-items&sr=1-117 line 8591 > injectedScript, line 1: WEBGL_debug_renderer_info is deprecated in Firefox and will be removed. Please use RENDERER.
[Parent 16800, IPC I/O Parent] WARNING: DuplicateHandle failed for handle 0 in TransferHandles: file /builds/worker/checkouts/gecko/ipc/chromium/src/chrome/common/ipc_channel_win.cc:777
JavaScript warning: https://www.amazon.es/Davines-Inside-Medium-Hairspray-400ml/dp/B01LY8TERO/ref=sr_1_116?__mk_es_ES=%C3%85M%C3%85%C5%BD%C3%95%C3%91&keywords=davines&m=A1XXL66418R4KD&qid=1681760469&s=merchant-items&sr=1-116 line 8841 > injectedScript, line 1: WEBGL_debug_renderer_info is deprecated in Firefox and will be removed. Please use RENDERER.
JavaScript warning: https://www.amazon.es/Davines-Minu-Illuminating-Mascarilla-para/dp/B00QFL8G9U/ref=sr_1_115?__mk_es_ES=%C3%85M%C3%85%C5%BD%C3%95%C3%91&keywords=davines&m=A1XXL66418R4KD&qid=1681760469&s=merchant-items&sr=1-115 line 8807 > injectedScript, line 1: WEBGL_debug_renderer_info is deprecated in Firefox and will be removed. Please use RENDERER.
JavaScript warning: https://www.amazon.es/Davines-Conditioner-Illuminating-Protective-Coloured/dp/B07C6DPYYK/ref=sr_1_114?__mk_es_ES=%C3%85M%C3%85%C5%BD%C3%95%C3%91&keywords=davines&m=A1XXL66418R4KD&qid=1681760469&s=merchant-items&sr=1-114 line 8399 > injectedScript, line 1: WEBGL_debug_renderer_info is deprecated in Firefox and will be removed. Please use RENDERER.
JavaScript warning: https://www.amazon.es/Davines-Natural-Tech-Well-Being-Champ%C3%BA/dp/B0073FV5RM/ref=sr_1_113?__mk_es_ES=%C3%85M%C3%85%C5%BD%C3%95%C3%91&keywords=davines&m=A1XXL66418R4KD&qid=1681760469&s=merchant-items&sr=1-113 line 9464 > injectedScript, line 1: WEBGL_debug_renderer_info is deprecated in Firefox and will be removed. Please use RENDERER.
JavaScript warning: https://www.amazon.es/DAVINES-NOURISHING-VEGETARIAN-MIRACLE-ACONDICIONADOR/dp/B085S3FPW8/ref=sr_1_107?__mk_es_ES=%C3%85M%C3%85%C5%BD%C3%95%C3%91&keywords=davines&m=A1XXL66418R4KD&qid=1681760452&s=merchant-items&sr=1-107 line 8434 > injectedScript, line 1: WEBGL_debug_renderer_info is deprecated in Firefox and will be removed. Please use RENDERER.
JavaScript warning: https://www.amazon.es/Davines-Champ%C3%BA-Illuminating-Protective-Coloured/dp/B07D1DJ8TH/ref=sr_1_106?__mk_es_ES=%C3%85M%C3%85%C5%BD%C3%95%C3%91&keywords=davines&m=A1XXL66418R4KD&qid=1681760452&s=merchant-items&sr=1-106 line 9192 > injectedScript, line 1: WEBGL_debug_renderer_info is deprecated in Firefox and will be removed. Please use RENDERER.
JavaScript warning: https://www.amazon.es/DAVINES-NATURALTECH-well-being-conditioner/dp/B0073FWI0K/ref=sr_1_105?__mk_es_ES=%C3%85M%C3%85%C5%BD%C3%95%C3%91&keywords=davines&m=A1XXL66418R4KD&qid=1681760452&s=merchant-items&sr=1-105 line 7864 > injectedScript, line 1: WEBGL_debug_renderer_info is deprecated in Firefox and will be removed. Please use RENDERER.
JavaScript warning: https://www.amazon.es/Davines-Acondicionador-Smoothing-formato-viaje/dp/B015UMASM2/ref=sr_1_104?__mk_es_ES=%C3%85M%C3%85%C5%BD%C3%95%C3%91&keywords=davines&m=A1XXL66418R4KD&qid=1681760452&s=merchant-items&sr=1-104 line 9007 > injectedScript, line 1: WEBGL_debug_renderer_info is deprecated in Firefox and will be removed. Please use RENDERER.
JavaScript warning: https://www.amazon.es/Davines-inside-hidratante-mousse-250ml/dp/B0130KXHW4/ref=sr_1_103?__mk_es_ES=%C3%85M%C3%85%C5%BD%C3%95%C3%91&keywords=davines&m=A1XXL66418R4KD&qid=1681760452&s=merchant-items&sr=1-103 line 7694 > injectedScript, line 1: WEBGL_debug_renderer_info is deprecated in Firefox and will be removed. Please use RENDERER.
JavaScript error: , line 0: TypeError: NetworkError when attempting to fetch resource.
JavaScript error: , line 0: TypeError: NetworkError when attempting to fetch resource.
JavaScript error: , line 0: TypeError: NetworkError when attempting to fetch resource.
JavaScript error: , line 0: TypeError: NetworkError when attempting to fetch resource.
JavaScript error: , line 0: TypeError: NetworkError when attempting to fetch resource.
JavaScript warning: https://www.amazon.es/Davines-Energizing-Superactive-Serum-100ml/dp/B09BK9SPL9/ref=sr_1_102?__mk_es_ES=%C3%85M%C3%85%C5%BD%C3%95%C3%91&keywords=davines&m=A1XXL66418R4KD&qid=1681760452&s=merchant-items&sr=1-102 line 9365 > injectedScript, line 1: WEBGL_debug_renderer_info is deprecated in Firefox and will be removed. Please use RENDERER.
JavaScript warning: https://www.amazon.es/Davines-Essential-Haircare-Nounou-Conditioner/dp/B00R1BY86I/ref=sr_1_101?__mk_es_ES=%C3%85M%C3%85%C5%BD%C3%95%C3%91&keywords=davines&m=A1XXL66418R4KD&qid=1681760452&s=merchant-items&sr=1-101 line 8502 > injectedScript, line 1: WEBGL_debug_renderer_info is deprecated in Firefox and will be removed. Please use RENDERER.
JavaScript warning: https://www.amazon.es/Davines-Naturaltech-Rebalancing-Shampoo-100ml/dp/B071NJW7MM/ref=sr_1_100?__mk_es_ES=%C3%85M%C3%85%C5%BD%C3%95%C3%91&keywords=davines&m=A1XXL66418R4KD&qid=1681760452&s=merchant-items&sr=1-100 line 9020 > injectedScript, line 1: WEBGL_debug_renderer_info is deprecated in Firefox and will be removed. Please use RENDERER.
JavaScript warning: https://www.amazon.es/Davines-Pasta-Love-Shaving-Beard/dp/B08KV56N1K/ref=sr_1_99?__mk_es_ES=%C3%85M%C3%85%C5%BD%C3%95%C3%91&keywords=davines&m=A1XXL66418R4KD&qid=1681760452&s=merchant-items&sr=1-99 line 8795 > injectedScript, line 1: WEBGL_debug_renderer_info is deprecated in Firefox and will be removed. Please use RENDERER.
JavaScript warning: https://www.amazon.es/bellezza-assoluta-multipack-3x135ml-Davines/dp/B07RB58NSZ/ref=sr_1_98?__mk_es_ES=%C3%85M%C3%85%C5%BD%C3%95%C3%91&keywords=davines&m=A1XXL66418R4KD&qid=1681760452&s=merchant-items&sr=1-98 line 8645 > injectedScript, line 1: WEBGL_debug_renderer_info is deprecated in Firefox and will be removed. Please use RENDERER.
JavaScript warning: https://www.amazon.es/Davines-8004608230786-Aceite-100-ml/dp/B0073FZHMG/ref=sr_1_97?__mk_es_ES=%C3%85M%C3%85%C5%BD%C3%95%C3%91&keywords=davines&m=A1XXL66418R4KD&qid=1681760452&s=merchant-items&sr=1-97 line 8772 > injectedScript, line 1: WEBGL_debug_renderer_info is deprecated in Firefox and will be removed. Please use RENDERER.
JavaScript warning: https://www.amazon.es/Davines-Concentrado-para-El-Cabello/dp/B003072WZ6/ref=sr_1_92?__mk_es_ES=%C3%85M%C3%85%C5%BD%C3%95%C3%91&keywords=davines&m=A1XXL66418R4KD&qid=1681760432&s=merchant-items&sr=1-92 line 8818 > injectedScript, line 1: WEBGL_debug_renderer_info is deprecated in Firefox and will be removed. Please use RENDERER.
JavaScript warning: https://www.amazon.es/Davines-Alchemic-Conditioner-Natural-Coloured/dp/B075PC6J92/ref=sr_1_91?__mk_es_ES=%C3%85M%C3%85%C5%BD%C3%95%C3%91&keywords=davines&m=A1XXL66418R4KD&qid=1681760432&s=merchant-items&sr=1-91 line 8847 > injectedScript, line 1: WEBGL_debug_renderer_info is deprecated in Firefox and will be removed. Please use RENDERER.
JavaScript warning: https://www.amazon.es/Davines-More-inside-Texturizing-12085/dp/B00M4DCQ6M/ref=sr_1_90?__mk_es_ES=%C3%85M%C3%85%C5%BD%C3%95%C3%91&keywords=davines&m=A1XXL66418R4KD&qid=1681760432&s=merchant-items&sr=1-90 line 8833 > injectedScript, line 1: WEBGL_debug_renderer_info is deprecated in Firefox and will be removed. Please use RENDERER.
JavaScript warning: https://www.amazon.es/Davines-Essential-haircare-Cleansing-cream/dp/B073WXJKK8/ref=sr_1_89?__mk_es_ES=%C3%85M%C3%85%C5%BD%C3%95%C3%91&keywords=davines&m=A1XXL66418R4KD&qid=1681760432&s=merchant-items&sr=1-89 line 9589 > injectedScript, line 1: WEBGL_debug_renderer_info is deprecated in Firefox and will be removed. Please use RENDERER.
JavaScript warning: https://www.amazon.es/Davines-Rebalancing-Champ%C3%BA-1000-ml/dp/B0073FUCQC/ref=sr_1_88?__mk_es_ES=%C3%85M%C3%85%C5%BD%C3%95%C3%91&keywords=davines&m=A1XXL66418R4KD&qid=1681760432&s=merchant-items&sr=1-88 line 7574 > injectedScript, line 1: WEBGL_debug_renderer_info is deprecated in Firefox and will be removed. Please use RENDERER.
JavaScript warning: https://www.amazon.es/Davines-LOVE-CURL-shampoo-conditioner/dp/B00W25IE1I/ref=sr_1_87?__mk_es_ES=%C3%85M%C3%85%C5%BD%C3%95%C3%91&keywords=davines&m=A1XXL66418R4KD&qid=1681760432&s=merchant-items&sr=1-87 line 8821 > injectedScript, line 1: WEBGL_debug_renderer_info is deprecated in Firefox and will be removed. Please use RENDERER.
JavaScript warning: https://www.amazon.es/Davines-Inside-Invisible-Satiny-Tousled/dp/B00GB8RJ40/ref=sr_1_86?__mk_es_ES=%C3%85M%C3%85%C5%BD%C3%95%C3%91&keywords=davines&m=A1XXL66418R4KD&qid=1681760432&s=merchant-items&sr=1-86 line 8882 > injectedScript, line 1: WEBGL_debug_renderer_info is deprecated in Firefox and will be removed. Please use RENDERER.
JavaScript warning: https://www.amazon.es/davines-Delicate-Daily-Conditioner-8-45oz/dp/B07CZ6DMK4/ref=sr_1_85?__mk_es_ES=%C3%85M%C3%85%C5%BD%C3%95%C3%91&keywords=davines&m=A1XXL66418R4KD&qid=1681760432&s=merchant-items&sr=1-85 line 8841 > injectedScript, line 1: WEBGL_debug_renderer_info is deprecated in Firefox and will be removed. Please use RENDERER.
JavaScript warning: https://www.amazon.es/Davines-Dede-Delicate-Acondicionador-1000/dp/B00QFKRQO2/ref=sr_1_84?__mk_es_ES=%C3%85M%C3%85%C5%BD%C3%95%C3%91&keywords=davines&m=A1XXL66418R4KD&qid=1681760432&s=merchant-items&sr=1-84 line 7425 > injectedScript, line 1: WEBGL_debug_renderer_info is deprecated in Firefox and will be removed. Please use RENDERER.
JavaScript warning: https://www.amazon.es/Davines-ESSENTIAL-HAIRCARE-PRODUCTOS-champ%C3%BA/dp/B00VO6BRGK/ref=sr_1_83?__mk_es_ES=%C3%85M%C3%85%C5%BD%C3%95%C3%91&keywords=davines&m=A1XXL66418R4KD&qid=1681760432&s=merchant-items&sr=1-83 line 9553 > injectedScript, line 1: WEBGL_debug_renderer_info is deprecated in Firefox and will be removed. Please use RENDERER.
JavaScript warning: https://www.amazon.es/Davines-Eh-Love-Curl-Acondicionador/dp/B00OOOE7TI/ref=sr_1_82?__mk_es_ES=%C3%85M%C3%85%C5%BD%C3%95%C3%91&keywords=davines&m=A1XXL66418R4KD&qid=1681760432&s=merchant-items&sr=1-82 line 9462 > injectedScript, line 1: WEBGL_debug_renderer_info is deprecated in Firefox and will be removed. Please use RENDERER.
JavaScript warning: https://www.amazon.es/Davines-Inside-Medium-Pliable-Paste/dp/B00GB8WZN0/ref=sr_1_76?__mk_es_ES=%C3%85M%C3%85%C5%BD%C3%95%C3%91&keywords=davines&m=A1XXL66418R4KD&qid=1681760415&s=merchant-items&sr=1-76 line 7748 > injectedScript, line 1: WEBGL_debug_renderer_info is deprecated in Firefox and will be removed. Please use RENDERER.
JavaScript warning: https://www.amazon.es/Davines-Essential-Haircare-Shield-250ml/dp/B00OOVAJV6/ref=sr_1_75?__mk_es_ES=%C3%85M%C3%85%C5%BD%C3%95%C3%91&keywords=davines&m=A1XXL66418R4KD&qid=1681760415&s=merchant-items&sr=1-75 line 7726 > injectedScript, line 1: WEBGL_debug_renderer_info is deprecated in Firefox and will be removed. Please use RENDERER.
JavaScript warning: https://www.amazon.es/Davines-Champ%C3%BA-Nounou/dp/B071X4N7N8/ref=sr_1_74?__mk_es_ES=%C3%85M%C3%85%C5%BD%C3%95%C3%91&keywords=davines&m=A1XXL66418R4KD&qid=1681760415&s=merchant-items&sr=1-74 line 9195 > injectedScript, line 1: WEBGL_debug_renderer_info is deprecated in Firefox and will be removed. Please use RENDERER.
JavaScript warning: https://www.amazon.es/Davines-OI-todo-uno-leche/dp/B0742JGNS4/ref=sr_1_73?__mk_es_ES=%C3%85M%C3%85%C5%BD%C3%95%C3%91&keywords=davines&m=A1XXL66418R4KD&qid=1681760415&s=merchant-items&sr=1-73 line 9132 > injectedScript, line 1: WEBGL_debug_renderer_info is deprecated in Firefox and will be removed. Please use RENDERER.
JavaScript warning: https://www.amazon.es/DAVINES-NATURALTECH-energizing-gel-ml-unisex/dp/B00KIQFBGE/ref=sr_1_72?__mk_es_ES=%C3%85M%C3%85%C5%BD%C3%95%C3%91&keywords=davines&m=A1XXL66418R4KD&qid=1681760415&s=merchant-items&sr=1-72 line 9211 > injectedScript, line 1: WEBGL_debug_renderer_info is deprecated in Firefox and will be removed. Please use RENDERER.
JavaScript warning: https://www.amazon.es/Davines-Nounou-Nourishing-Illuminating-Shampoo/dp/B00RYOH38M/ref=sr_1_71?__mk_es_ES=%C3%85M%C3%85%C5%BD%C3%95%C3%91&keywords=davines&m=A1XXL66418R4KD&qid=1681760415&s=merchant-items&sr=1-71 line 8639 > injectedScript, line 1: WEBGL_debug_renderer_info is deprecated in Firefox and will be removed. Please use RENDERER.
JavaScript warning: https://www.amazon.es/Davines-Inside-Invisible-Spray-250ml/dp/B06XKKXX4D/ref=sr_1_70?__mk_es_ES=%C3%85M%C3%85%C5%BD%C3%95%C3%91&keywords=davines&m=A1XXL66418R4KD&qid=1681760415&s=merchant-items&sr=1-70 line 7594 > injectedScript, line 1: WEBGL_debug_renderer_info is deprecated in Firefox and will be removed. Please use RENDERER.
[Parent 16800, IPC I/O Parent] WARNING: DuplicateHandle failed for handle 0 in TransferHandles: file /builds/worker/checkouts/gecko/ipc/chromium/src/chrome/common/ipc_channel_win.cc:777
JavaScript warning: https://www.amazon.es/Davines-Love-Lovely-Acondicionador-1000/dp/B00QFKIYX4/ref=sr_1_69?__mk_es_ES=%C3%85M%C3%85%C5%BD%C3%95%C3%91&keywords=davines&m=A1XXL66418R4KD&qid=1681760415&s=merchant-items&sr=1-69 line 7733 > injectedScript, line 1: WEBGL_debug_renderer_info is deprecated in Firefox and will be removed. Please use RENDERER.
JavaScript warning: https://www.amazon.es/Davines-Liquid-spell-125ml/dp/B07BNY96Q4/ref=sr_1_68?__mk_es_ES=%C3%85M%C3%85%C5%BD%C3%95%C3%91&keywords=davines&m=A1XXL66418R4KD&qid=1681760415&s=merchant-items&sr=1-68 line 9550 > injectedScript, line 1: WEBGL_debug_renderer_info is deprecated in Firefox and will be removed. Please use RENDERER.
JavaScript warning: https://www.amazon.es/Davines-Serum-para-El-Cabello/dp/B00OKNJQU8/ref=sr_1_67?__mk_es_ES=%C3%85M%C3%85%C5%BD%C3%95%C3%91&keywords=davines&m=A1XXL66418R4KD&qid=1681760415&s=merchant-items&sr=1-67 line 8948 > injectedScript, line 1: WEBGL_debug_renderer_info is deprecated in Firefox and will be removed. Please use RENDERER.
JavaScript warning: https://www.amazon.es/Davines-Primer-Hidratante-humedad-rizado/dp/B073SXQJX4/ref=sr_1_66?__mk_es_ES=%C3%85M%C3%85%C5%BD%C3%95%C3%91&keywords=davines&m=A1XXL66418R4KD&qid=1681760415&s=merchant-items&sr=1-66 line 7834 > injectedScript, line 1: WEBGL_debug_renderer_info is deprecated in Firefox and will be removed. Please use RENDERER.
JavaScript warning: https://www.amazon.es/Davines-NTECH-PRODUCTOS-champ%C3%BA-purificante/dp/B00GHUZDFO/ref=sr_1_61?__mk_es_ES=%C3%85M%C3%85%C5%BD%C3%95%C3%91&keywords=davines&m=A1XXL66418R4KD&qid=1681760396&s=merchant-items&sr=1-61 line 9762 > injectedScript, line 1: WEBGL_debug_renderer_info is deprecated in Firefox and will be removed. Please use RENDERER.
JavaScript warning: https://www.amazon.es/Davines-Aceite-Non-Oil-250/dp/B00GCCH6AM/ref=sr_1_60?__mk_es_ES=%C3%85M%C3%85%C5%BD%C3%95%C3%91&keywords=davines&m=A1XXL66418R4KD&qid=1681760396&s=merchant-items&sr=1-60 line 7546 > injectedScript, line 1: WEBGL_debug_renderer_info is deprecated in Firefox and will be removed. Please use RENDERER.
JavaScript warning: https://www.amazon.es/Davines-Naturaltech-Purifying-Shampoo-1000ml/dp/B0073FOZHY/ref=sr_1_59?__mk_es_ES=%C3%85M%C3%85%C5%BD%C3%95%C3%91&keywords=davines&m=A1XXL66418R4KD&qid=1681760396&s=merchant-items&sr=1-59 line 9087 > injectedScript, line 1: WEBGL_debug_renderer_info is deprecated in Firefox and will be removed. Please use RENDERER.
JavaScript warning: https://www.amazon.es/Davines-Nounou-Nourishing-Champ%C3%BA-1000/dp/B009ES1PWG/ref=sr_1_58?__mk_es_ES=%C3%85M%C3%85%C5%BD%C3%95%C3%91&keywords=davines&m=A1XXL66418R4KD&qid=1681760396&s=merchant-items&sr=1-58 line 8212 > injectedScript, line 1: WEBGL_debug_renderer_info is deprecated in Firefox and will be removed. Please use RENDERER.
JavaScript warning: https://www.amazon.es/Davines-Love-Smoothing-acondicionador/dp/B0BP2WWDGR/ref=sr_1_57?__mk_es_ES=%C3%85M%C3%85%C5%BD%C3%95%C3%91&keywords=davines&m=A1XXL66418R4KD&qid=1681760396&s=merchant-items&sr=1-57 line 8428 > injectedScript, line 1: WEBGL_debug_renderer_info is deprecated in Firefox and will be removed. Please use RENDERER.
JavaScript warning: https://www.amazon.es/DAVINES-ESSENTIAL-MELU-CHAMPU-1000/dp/B006IUYSZO/ref=sr_1_56?__mk_es_ES=%C3%85M%C3%85%C5%BD%C3%95%C3%91&keywords=davines&m=A1XXL66418R4KD&qid=1681760396&s=merchant-items&sr=1-56 line 7612 > injectedScript, line 1: WEBGL_debug_renderer_info is deprecated in Firefox and will be removed. Please use RENDERER.
JavaScript warning: https://www.amazon.es/Davines-Natural-Tech-Renewing-acondicionador/dp/B07D1RG262/ref=sr_1_55?__mk_es_ES=%C3%85M%C3%85%C5%BD%C3%95%C3%91&keywords=davines&m=A1XXL66418R4KD&qid=1681760396&s=merchant-items&sr=1-55 line 9025 > injectedScript, line 1: WEBGL_debug_renderer_info is deprecated in Firefox and will be removed. Please use RENDERER.
JavaScript warning: https://www.amazon.es/Davines-Love-Crema-controladora-150/dp/B073SYN8HG/ref=sr_1_54?__mk_es_ES=%C3%85M%C3%85%C5%BD%C3%95%C3%91&keywords=davines&m=A1XXL66418R4KD&qid=1681760396&s=merchant-items&sr=1-54 line 7761 > injectedScript, line 1: WEBGL_debug_renderer_info is deprecated in Firefox and will be removed. Please use RENDERER.
JavaScript warning: https://www.amazon.es/Davines-Alchemic-System-Silver-Champ%C3%BA/dp/B007XNNC7A/ref=sr_1_53?__mk_es_ES=%C3%85M%C3%85%C5%BD%C3%95%C3%91&keywords=davines&m=A1XXL66418R4KD&qid=1681760396&s=merchant-items&sr=1-53 line 7660 > injectedScript, line 1: WEBGL_debug_renderer_info is deprecated in Firefox and will be removed. Please use RENDERER.
JavaScript warning: https://www.amazon.es/Davines-Volu-Hair-Mist-Cuidado/dp/B00OOVQVGS/ref=sr_1_52?__mk_es_ES=%C3%85M%C3%85%C5%BD%C3%95%C3%91&keywords=davines&m=A1XXL66418R4KD&qid=1681760396&s=merchant-items&sr=1-52 line 7753 > injectedScript, line 1: WEBGL_debug_renderer_info is deprecated in Firefox and will be removed. Please use RENDERER.
JavaScript warning: https://www.amazon.es/Davines-Dede-Hair-Mist-Cuidado/dp/B00OKS2H5Y/ref=sr_1_51?__mk_es_ES=%C3%85M%C3%85%C5%BD%C3%95%C3%91&keywords=davines&m=A1XXL66418R4KD&qid=1681760396&s=merchant-items&sr=1-51 line 8905 > injectedScript, line 1: WEBGL_debug_renderer_info is deprecated in Firefox and will be removed. Please use RENDERER.
JavaScript warning: https://www.amazon.es/DAVINES-NATURALTECH-detoxifying-scrub-shampoo/dp/B0073G313C/ref=sr_1_50?__mk_es_ES=%C3%85M%C3%85%C5%BD%C3%95%C3%91&keywords=davines&m=A1XXL66418R4KD&qid=1681760396&s=merchant-items&sr=1-50 line 10026 > injectedScript, line 1: WEBGL_debug_renderer_info is deprecated in Firefox and will be removed. Please use RENDERER.
JavaScript warning: https://www.amazon.es/Davines-Relaxing-Moisturizing-Straight-Controlled/dp/B00GB8V338/ref=sr_1_45?__mk_es_ES=%C3%85M%C3%85%C5%BD%C3%95%C3%91&keywords=davines&m=A1XXL66418R4KD&qid=1681760378&s=merchant-items&sr=1-45 line 8876 > injectedScript, line 1: WEBGL_debug_renderer_info is deprecated in Firefox and will be removed. Please use RENDERER.
JavaScript warning: https://www.amazon.es/Davines-Essential-Melu-Conditioner-250/dp/B00UNHR9TU/ref=sr_1_44?__mk_es_ES=%C3%85M%C3%85%C5%BD%C3%95%C3%91&keywords=davines&m=A1XXL66418R4KD&qid=1681760378&s=merchant-items&sr=1-44 line 9588 > injectedScript, line 1: WEBGL_debug_renderer_info is deprecated in Firefox and will be removed. Please use RENDERER.
JavaScript warning: https://www.amazon.es/Davines-Alchemic-System-Red-Champ%C3%BA/dp/B007XNNF72/ref=sr_1_43?__mk_es_ES=%C3%85M%C3%85%C5%BD%C3%95%C3%91&keywords=davines&m=A1XXL66418R4KD&qid=1681760378&s=merchant-items&sr=1-43 line 7787 > injectedScript, line 1: WEBGL_debug_renderer_info is deprecated in Firefox and will be removed. Please use RENDERER.
JavaScript warning: https://www.amazon.es/Champu-Natural-tech-Being-Shamp%C3%B2o/dp/B074H7DJT4/ref=sr_1_42?__mk_es_ES=%C3%85M%C3%85%C5%BD%C3%95%C3%91&keywords=davines&m=A1XXL66418R4KD&qid=1681760378&s=merchant-items&sr=1-42 line 7415 > injectedScript, line 1: WEBGL_debug_renderer_info is deprecated in Firefox and will be removed. Please use RENDERER.
JavaScript warning: https://www.amazon.es/Davines-Alchemic-Conditioner-Natural-Mahogany/dp/B075PD298Q/ref=sr_1_41?__mk_es_ES=%C3%85M%C3%85%C5%BD%C3%95%C3%91&keywords=davines&m=A1XXL66418R4KD&qid=1681760378&s=merchant-items&sr=1-41 line 8899 > injectedScript, line 1: WEBGL_debug_renderer_info is deprecated in Firefox and will be removed. Please use RENDERER.
JavaScript warning: https://www.amazon.es/Davines-LOVE-CURL-Conditioner-250ml/dp/B09P1QXNPK/ref=sr_1_40?__mk_es_ES=%C3%85M%C3%85%C5%BD%C3%95%C3%91&keywords=davines&m=A1XXL66418R4KD&qid=1681760378&s=merchant-items&sr=1-40 line 9240 > injectedScript, line 1: WEBGL_debug_renderer_info is deprecated in Firefox and will be removed. Please use RENDERER.
JavaScript warning: https://www.amazon.es/Davines-Nourishing-Hair-Building-250ml/dp/B07ZL56NS7/ref=sr_1_39?__mk_es_ES=%C3%85M%C3%85%C5%BD%C3%95%C3%91&keywords=davines&m=A1XXL66418R4KD&qid=1681760378&s=merchant-items&sr=1-39 line 9868 > injectedScript, line 1: WEBGL_debug_renderer_info is deprecated in Firefox and will be removed. Please use RENDERER.
JavaScript warning: https://www.amazon.es/Davines-Nourishing-Keratin-Sealer-100/dp/B084BJR1P7/ref=sr_1_38?__mk_es_ES=%C3%85M%C3%85%C5%BD%C3%95%C3%91&keywords=davines&m=A1XXL66418R4KD&qid=1681760378&s=merchant-items&sr=1-38 line 8921 > injectedScript, line 1: WEBGL_debug_renderer_info is deprecated in Firefox and will be removed. Please use RENDERER.
JavaScript warning: https://www.amazon.es/Davines-Mascarilla-para-El-Pelo/dp/B00OKQW8UK/ref=sr_1_37?__mk_es_ES=%C3%85M%C3%85%C5%BD%C3%95%C3%91&keywords=davines&m=A1XXL66418R4KD&qid=1681760378&s=merchant-items&sr=1-37 line 8514 > injectedScript, line 1: WEBGL_debug_renderer_info is deprecated in Firefox and will be removed. Please use RENDERER.
JavaScript warning: https://www.amazon.es/DAVINES-NATURALTECH-purifying-gel-150/dp/B0073FQE3C/ref=sr_1_36?__mk_es_ES=%C3%85M%C3%85%C5%BD%C3%95%C3%91&keywords=davines&m=A1XXL66418R4KD&qid=1681760378&s=merchant-items&sr=1-36 line 7546 > injectedScript, line 1: WEBGL_debug_renderer_info is deprecated in Firefox and will be removed. Please use RENDERER.
JavaScript warning: https://www.amazon.es/Davines-Love-Shampoo-formato-viaje/dp/B076CN58DT/ref=sr_1_35?__mk_es_ES=%C3%85M%C3%85%C5%BD%C3%95%C3%91&keywords=davines&m=A1XXL66418R4KD&qid=1681760378&s=merchant-items&sr=1-35 line 9292 > injectedScript, line 1: WEBGL_debug_renderer_info is deprecated in Firefox and will be removed. Please use RENDERER.
JavaScript warning: https://www.amazon.es/Davines-Solu-Clarifying-Champ%C3%BA-1000/dp/B00QFL2QDC/ref=sr_1_34?__mk_es_ES=%C3%85M%C3%85%C5%BD%C3%95%C3%91&keywords=davines&m=A1XXL66418R4KD&qid=1681760378&s=merchant-items&sr=1-34 line 7883 > injectedScript, line 1: WEBGL_debug_renderer_info is deprecated in Firefox and will be removed. Please use RENDERER.
JavaScript warning: https://www.amazon.es/Davines-Natural-Tech-Calming-Champ%C3%BA/dp/B0073FZHLC/ref=sr_1_29?__mk_es_ES=%C3%85M%C3%85%C5%BD%C3%95%C3%91&keywords=davines&m=A1XXL66418R4KD&qid=1681760364&s=merchant-items&sr=1-29 line 9944 > injectedScript, line 1: WEBGL_debug_renderer_info is deprecated in Firefox and will be removed. Please use RENDERER.
JavaScript warning: https://www.amazon.es/Davines-Minu-Acondicionador-250-ml/dp/B00OKMT1OA/ref=sr_1_28?__mk_es_ES=%C3%85M%C3%85%C5%BD%C3%95%C3%91&keywords=davines&m=A1XXL66418R4KD&qid=1681760364&s=merchant-items&sr=1-28 line 9223 > injectedScript, line 1: WEBGL_debug_renderer_info is deprecated in Firefox and will be removed. Please use RENDERER.
JavaScript warning: https://www.amazon.es/Davines-essential-haircare-shampoo-beautifying/dp/B00HUEGDZU/ref=sr_1_27?__mk_es_ES=%C3%85M%C3%85%C5%BD%C3%95%C3%91&keywords=davines&m=A1XXL66418R4KD&qid=1681760364&s=merchant-items&sr=1-27 line 8837 > injectedScript, line 1: WEBGL_debug_renderer_info is deprecated in Firefox and will be removed. Please use RENDERER.
JavaScript warning: https://www.amazon.es/Davines-smooth-250ml-disciplinante-Formato/dp/B09PM1Y63S/ref=sr_1_26?__mk_es_ES=%C3%85M%C3%85%C5%BD%C3%95%C3%91&keywords=davines&m=A1XXL66418R4KD&qid=1681760364&s=merchant-items&sr=1-26 line 9004 > injectedScript, line 1: WEBGL_debug_renderer_info is deprecated in Firefox and will be removed. Please use RENDERER.
JavaScript warning: https://www.amazon.es/Davines-Natural-Replumping-Shampoo-1000ml/dp/B07CWMZTCC/ref=sr_1_25?__mk_es_ES=%C3%85M%C3%85%C5%BD%C3%95%C3%91&keywords=davines&m=A1XXL66418R4KD&qid=1681760364&s=merchant-items&sr=1-25 line 9476 > injectedScript, line 1: WEBGL_debug_renderer_info is deprecated in Firefox and will be removed. Please use RENDERER.
JavaScript warning: https://www.amazon.es/Davines-love-cream-curly-150ml/dp/B075JM7ZJY/ref=sr_1_24?__mk_es_ES=%C3%85M%C3%85%C5%BD%C3%95%C3%91&keywords=davines&m=A1XXL66418R4KD&qid=1681760364&s=merchant-items&sr=1-24 line 8359 > injectedScript, line 1: WEBGL_debug_renderer_info is deprecated in Firefox and will be removed. Please use RENDERER.
[Parent 16800, IPC I/O Parent] WARNING: DuplicateHandle failed for handle 0 in TransferHandles: file /builds/worker/checkouts/gecko/ipc/chromium/src/chrome/common/ipc_channel_win.cc:777
JavaScript warning: https://www.amazon.es/Davines-momo-moisturizing-conditioner-dehydrated/dp/B0016191HU/ref=sr_1_23?__mk_es_ES=%C3%85M%C3%85%C5%BD%C3%95%C3%91&keywords=davines&m=A1XXL66418R4KD&qid=1681760364&s=merchant-items&sr=1-23 line 10288 > injectedScript, line 1: WEBGL_debug_renderer_info is deprecated in Firefox and will be removed. Please use RENDERER.
JavaScript warning: https://www.amazon.es/Davines-Nounou-Nourishing-Acondicionador-250/dp/B0165H0JHU/ref=sr_1_22?__mk_es_ES=%C3%85M%C3%85%C5%BD%C3%95%C3%91&keywords=davines&m=A1XXL66418R4KD&qid=1681760364&s=merchant-items&sr=1-22 line 8504 > injectedScript, line 1: WEBGL_debug_renderer_info is deprecated in Firefox and will be removed. Please use RENDERER.
JavaScript warning: https://www.amazon.es/Davines-Essential-haircare-Love-250ml/dp/B073WW3KZL/ref=sr_1_21?__mk_es_ES=%C3%85M%C3%85%C5%BD%C3%95%C3%91&keywords=davines&m=A1XXL66418R4KD&qid=1681760364&s=merchant-items&sr=1-21 line 9514 > injectedScript, line 1: WEBGL_debug_renderer_info is deprecated in Firefox and will be removed. Please use RENDERER.
[Parent 16800, IPC I/O Parent] WARNING: DuplicateHandle failed for handle 0 in TransferHandles: file /builds/worker/checkouts/gecko/ipc/chromium/src/chrome/common/ipc_channel_win.cc:777
JavaScript warning: https://www.amazon.es/Davines-Volu-Champ%C3%BA-250-ml/dp/B00OOVKJW0/ref=sr_1_20?__mk_es_ES=%C3%85M%C3%85%C5%BD%C3%95%C3%91&keywords=davines&m=A1XXL66418R4KD&qid=1681760364&s=merchant-items&sr=1-20 line 9480 > injectedScript, line 1: WEBGL_debug_renderer_info is deprecated in Firefox and will be removed. Please use RENDERER.
[Parent 16800, IPC I/O Parent] WARNING: DuplicateHandle failed for handle 0 in TransferHandles: file /builds/worker/checkouts/gecko/ipc/chromium/src/chrome/common/ipc_channel_win.cc:777
JavaScript warning: https://www.amazon.es/Davines-Naturaltech-Nourishing-Hair-Building/dp/B0073FH3L4/ref=sr_1_19?__mk_es_ES=%C3%85M%C3%85%C5%BD%C3%95%C3%91&keywords=davines&m=A1XXL66418R4KD&qid=1681760364&s=merchant-items&sr=1-19 line 9471 > injectedScript, line 1: WEBGL_debug_renderer_info is deprecated in Firefox and will be removed. Please use RENDERER.
JavaScript warning: https://www.amazon.es/Davines-Minu-Champ%C3%BA-250-ml/dp/B00OKME7S0/ref=sr_1_18?__mk_es_ES=%C3%85M%C3%85%C5%BD%C3%95%C3%91&keywords=davines&m=A1XXL66418R4KD&qid=1681760364&s=merchant-items&sr=1-18 line 9578 > injectedScript, line 1: WEBGL_debug_renderer_info is deprecated in Firefox and will be removed. Please use RENDERER.
JavaScript warning: https://www.amazon.es/Davines-Heart-Glass-Rich-Acondicionador/dp/B08SXQTV52/ref=sr_1_17?__mk_es_ES=%C3%85M%C3%85%C5%BD%C3%95%C3%91&keywords=davines&m=A1XXL66418R4KD&qid=1681760364&s=merchant-items&sr=1-17 line 9654 > injectedScript, line 1: WEBGL_debug_renderer_info is deprecated in Firefox and will be removed. Please use RENDERER.
JavaScript warning: https://www.amazon.es/Davines-Momo-Champ%C3%BA-250-ml/dp/B001ARP2LY/ref=sr_1_13?__mk_es_ES=%C3%85M%C3%85%C5%BD%C3%95%C3%91&keywords=davines&m=A1XXL66418R4KD&qid=1681760357&s=merchant-items&sr=1-13 line 7997 > injectedScript, line 1: WEBGL_debug_renderer_info is deprecated in Firefox and will be removed. Please use RENDERER.
JavaScript warning: https://www.amazon.es/Davines-natural-purifying-shampoo-scalp/dp/B0073FO9AM/ref=sr_1_12?__mk_es_ES=%C3%85M%C3%85%C5%BD%C3%95%C3%91&keywords=davines&m=A1XXL66418R4KD&qid=1681760357&s=merchant-items&sr=1-12 line 9253 > injectedScript, line 1: WEBGL_debug_renderer_info is deprecated in Firefox and will be removed. Please use RENDERER.
JavaScript warning: https://www.amazon.es/Davines-Natural-Tech-Energizing-tendencia/dp/B006JYMPUO/ref=sr_1_11?__mk_es_ES=%C3%85M%C3%85%C5%BD%C3%95%C3%91&keywords=davines&m=A1XXL66418R4KD&qid=1681760357&s=merchant-items&sr=1-11 line 9502 > injectedScript, line 1: WEBGL_debug_renderer_info is deprecated in Firefox and will be removed. Please use RENDERER.
JavaScript warning: https://www.amazon.es/Davines-Absolute-Beautifying-Potion-135/dp/B006TH5DUK/ref=sr_1_10?__mk_es_ES=%C3%85M%C3%85%C5%BD%C3%95%C3%91&keywords=davines&m=A1XXL66418R4KD&qid=1681760357&s=merchant-items&sr=1-10 line 10249 > injectedScript, line 1: WEBGL_debug_renderer_info is deprecated in Firefox and will be removed. Please use RENDERER.
JavaScript warning: https://www.amazon.es/Davines-Heart-Glass-Silkening-Champu/dp/B08SXSWC7Y/ref=sr_1_9?__mk_es_ES=%C3%85M%C3%85%C5%BD%C3%95%C3%91&keywords=davines&m=A1XXL66418R4KD&qid=1681760357&s=merchant-items&sr=1-9 line 9231 > injectedScript, line 1: WEBGL_debug_renderer_info is deprecated in Firefox and will be removed. Please use RENDERER.
JavaScript warning: https://www.amazon.es/Davines-Champ%C3%BA-Love-Smoothing-250/dp/B00U1JHWR4/ref=sr_1_8?__mk_es_ES=%C3%85M%C3%85%C5%BD%C3%95%C3%91&keywords=davines&m=A1XXL66418R4KD&qid=1681760357&s=merchant-items&sr=1-8 line 9639 > injectedScript, line 1: WEBGL_debug_renderer_info is deprecated in Firefox and will be removed. Please use RENDERER.
JavaScript warning: https://www.amazon.es/Davines-lovely-enchancing-shampoo-curly/dp/B0026H1JOQ/ref=sr_1_7?__mk_es_ES=%C3%85M%C3%85%C5%BD%C3%95%C3%91&keywords=davines&m=A1XXL66418R4KD&qid=1681760357&s=merchant-items&sr=1-7 line 9827 > injectedScript, line 1: WEBGL_debug_renderer_info is deprecated in Firefox and will be removed. Please use RENDERER.
JavaScript warning: https://www.amazon.es/Davines-LOVE-Smoothing-Conditioner-Acondicionador/dp/B09P1Q331R/ref=sr_1_6?__mk_es_ES=%C3%85M%C3%85%C5%BD%C3%95%C3%91&keywords=davines&m=A1XXL66418R4KD&qid=1681760357&s=merchant-items&sr=1-6 line 9562 > injectedScript, line 1: WEBGL_debug_renderer_info is deprecated in Firefox and will be removed. Please use RENDERER.
JavaScript warning: https://www.amazon.es/Davines-nourishing-vegetarian-miracle-conditioner/dp/B0813DB98Y/ref=sr_1_5?__mk_es_ES=%C3%85M%C3%85%C5%BD%C3%95%C3%91&keywords=davines&m=A1XXL66418R4KD&qid=1681760357&s=merchant-items&sr=1-5 line 9791 > injectedScript, line 1: WEBGL_debug_renderer_info is deprecated in Firefox and will be removed. Please use RENDERER.
JavaScript warning: https://www.amazon.es/Davines-Naturaltech-Replumping-Acondicionador-150/dp/B00GTW4QQ2/ref=sr_1_4?__mk_es_ES=%C3%85M%C3%85%C5%BD%C3%95%C3%91&keywords=davines&m=A1XXL66418R4KD&qid=1681760357&s=merchant-items&sr=1-4 line 8384 > injectedScript, line 1: WEBGL_debug_renderer_info is deprecated in Firefox and will be removed. Please use RENDERER.
JavaScript warning: https://www.amazon.es/Davines-OI-Conditioner-250ml-Acondicionador/dp/B07ZJ82DFL/ref=sr_1_3?__mk_es_ES=%C3%85M%C3%85%C5%BD%C3%95%C3%91&keywords=davines&m=A1XXL66418R4KD&qid=1681760357&s=merchant-items&sr=1-3 line 8987 > injectedScript, line 1: WEBGL_debug_renderer_info is deprecated in Firefox and will be removed. Please use RENDERER.
JavaScript warning: https://www.amazon.es/Davines-Champ%C3%BA-Oi-280-ml/dp/B00ZPQ129C/ref=sr_1_2?__mk_es_ES=%C3%85M%C3%85%C5%BD%C3%95%C3%91&keywords=davines&m=A1XXL66418R4KD&qid=1681760357&s=merchant-items&sr=1-2 line 10093 > injectedScript, line 1: WEBGL_debug_renderer_info is deprecated in Firefox and will be removed. Please use RENDERER.
JavaScript warning: https://m.media-amazon.com/images/I/8180eZzCXjL.js?AUIClients/FWCIMAssets, line 298: WEBGL_debug_renderer_info is deprecated in Firefox and will be removed. Please use RENDERER.
1681762601523	Marionette	INFO	Stopped listening on port 58541
Dynamically enable window occlusion 1
